#
# There is insufficient memory for the Java Runtime Environment to continue.
# Native memory allocation (mmap) failed to map 130023424 bytes for G1 virtual space
# Possible reasons:
#   The system is out of physical RAM or swap space
#   The process is running with CompressedOops enabled, and the Java Heap may be blocking the growth of the native heap
# Possible solutions:
#   Reduce memory load on the system
#   Increase physical memory or swap space
#   Check if swap backing store is full
#   Decrease Java heap size (-Xmx/-Xms)
#   Decrease number of Java threads
#   Decrease Java thread stack sizes (-Xss)
#   Set larger code cache with -XX:ReservedCodeCacheSize=
#   JVM is running with Unscaled Compressed Oops mode in which the Java heap is
#     placed in the first 4GB address space. The Java Heap base address is the
#     maximum limit for the native heap growth. Please use -XX:HeapBaseMinAddress
#     to set the Java Heap base and to place the Java Heap above 4GB virtual address.
# This output file may be truncated or incomplete.
#
#  Out of Memory Error (os_windows.cpp:3550), pid=5332, tid=24832
#
# JRE version:  (17.0.8+9) (build )
# Java VM: Java HotSpot(TM) 64-Bit Server VM (17.0.8+9-LTS-211, mixed mode, sharing, tiered, compressed oops, compressed class ptrs, g1 gc, windows-amd64)
# No core dump will be written. Minidumps are not enabled by default on client versions of Windows
#

---------------  S U M M A R Y ------------

Command Line: C:\Users\sandi\IdeaProjects\virgin-games-serenity\target\surefire\surefirebooter12792341598880063563.jar C:\Users\sandi\IdeaProjects\virgin-games-serenity\target\surefire\surefire444140952192360772tmp C:\Users\sandi\IdeaProjects\virgin-games-serenity\target\surefire\surefire_08870116897386809637tmp

Host: 11th Gen Intel(R) Core(TM) i5-1135G7 @ 2.40GHz, 8 cores, 7G,  Windows 11 , 64 bit Build 22621 (10.0.22621.2506)
Time: Sun Jan 28 17:33:33 2024 GMT Standard Time elapsed time: 0.085691 seconds (0d 0h 0m 0s)

---------------  T H R E A D  ---------------

Current thread (0x000002889dd21170):  JavaThread "Unknown thread" [_thread_in_vm, id=24832, stack(0x000000ba61300000,0x000000ba61400000)]

Stack: [0x000000ba61300000,0x000000ba61400000]
Native frames: (J=compiled Java code, j=interpreted, Vv=VM code, C=native code)
V  [jvm.dll+0x677d0a]
V  [jvm.dll+0x7d8c54]
V  [jvm.dll+0x7da3fe]
V  [jvm.dll+0x7daa63]
V  [jvm.dll+0x245c5f]
V  [jvm.dll+0x674bb9]
V  [jvm.dll+0x6694f2]
V  [jvm.dll+0x3031d6]
V  [jvm.dll+0x30a756]
V  [jvm.dll+0x359f9e]
V  [jvm.dll+0x35a1cf]
V  [jvm.dll+0x2da3e8]
V  [jvm.dll+0x2db354]
V  [jvm.dll+0x7aa711]
V  [jvm.dll+0x367b51]
V  [jvm.dll+0x789979]
V  [jvm.dll+0x3eb05f]
V  [jvm.dll+0x3ecae1]
C  [jli.dll+0x5297]
C  [ucrtbase.dll+0x29363]
C  [KERNEL32.DLL+0x1257d]
C  [ntdll.dll+0x5aa58]


---------------  P R O C E S S  ---------------

Threads class SMR info:
_java_thread_list=0x00007ff8693159d8, length=0, elements={
}

Java Threads: ( => current thread )

Other Threads:
  0x000002889dd7a030 GCTaskThread "GC Thread#0" [stack: 0x000000ba61400000,0x000000ba61500000] [id=27412]
  0x000002889dd8a470 ConcurrentGCThread "G1 Main Marker" [stack: 0x000000ba61500000,0x000000ba61600000] [id=21256]
  0x000002889dd8ae80 ConcurrentGCThread "G1 Conc#0" [stack: 0x000000ba61600000,0x000000ba61700000] [id=13124]

[error occurred during error reporting (printing all threads), id 0xc0000005, EXCEPTION_ACCESS_VIOLATION (0xc0000005) at pc=0x00007ff868b4b047]

VM state: not at safepoint (not fully initialized)

VM Mutex/Monitor currently owned by a thread:  ([mutex/lock_event])
[0x000002889dd1b3d0] Heap_lock - owner thread: 0x000002889dd21170

Heap address: 0x0000000085800000, size: 1960 MB, Compressed Oops mode: 32-bit

CDS archive(s) mapped at: [0x0000000000000000-0x0000000000000000-0x0000000000000000), size 0, SharedBaseAddress: 0x0000000800000000, ArchiveRelocationMode: 1.
Narrow klass base: 0x0000000000000000, Narrow klass shift: 0, Narrow klass range: 0x0

GC Precious Log:
<Empty>

Heap:
 garbage-first heap   total 0K, used 0K [0x0000000085800000, 0x0000000100000000)
  region size 1024K, 0 young (0K), 0 survivors (0K)

[error occurred during error reporting (printing heap information), id 0xc0000005, EXCEPTION_ACCESS_VIOLATION (0xc0000005) at pc=0x00007ff868f31499]

GC Heap History (0 events):
No events

Deoptimization events (0 events):
No events

Classes unloaded (0 events):
No events

Classes redefined (0 events):
No events

Internal exceptions (0 events):
No events

VM Operations (0 events):
No events

Events (1 events):
Event: 0.023 Loaded shared library C:\Program Files\Java\jdk-17\bin\java.dll


Dynamic libraries:
0x00007ff76ee90000 - 0x00007ff76eea0000 	C:\Program Files\Java\jdk-17\bin\java.exe
0x00007ff8930d0000 - 0x00007ff8932e7000 	C:\WINDOWS\SYSTEM32\ntdll.dll
0x00007ff892270000 - 0x00007ff892334000 	C:\WINDOWS\System32\KERNEL32.DLL
0x00007ff8904b0000 - 0x00007ff890856000 	C:\WINDOWS\System32\KERNELBASE.dll
0x00007ff890860000 - 0x00007ff890971000 	C:\WINDOWS\System32\ucrtbase.dll
0x00007ff86e2b0000 - 0x00007ff86e2c9000 	C:\Program Files\Java\jdk-17\bin\jli.dll
0x00007ff8914c0000 - 0x00007ff891573000 	C:\WINDOWS\System32\ADVAPI32.dll
0x00007ff891e30000 - 0x00007ff891ed7000 	C:\WINDOWS\System32\msvcrt.dll
0x00007ff8928c0000 - 0x00007ff892968000 	C:\WINDOWS\System32\sechost.dll
0x00007ff890af0000 - 0x00007ff890b18000 	C:\WINDOWS\System32\bcrypt.dll
0x00007ff8929e0000 - 0x00007ff892af7000 	C:\WINDOWS\System32\RPCRT4.dll
0x00007ff891160000 - 0x00007ff89130e000 	C:\WINDOWS\System32\USER32.dll
0x00007ff890b90000 - 0x00007ff890bb6000 	C:\WINDOWS\System32\win32u.dll
0x00007ff891390000 - 0x00007ff8913b9000 	C:\WINDOWS\System32\GDI32.dll
0x00007ff890c80000 - 0x00007ff890d98000 	C:\WINDOWS\System32\gdi32full.dll
0x00007ff890410000 - 0x00007ff8904aa000 	C:\WINDOWS\System32\msvcp_win.dll
0x00007ff86b9d0000 - 0x00007ff86b9eb000 	C:\Program Files\Java\jdk-17\bin\VCRUNTIME140.dll
0x00007ff869990000 - 0x00007ff869c23000 	C:\WINDOWS\WinSxS\amd64_microsoft.windows.common-controls_6595b64144ccf1df_6.0.22621.2506_none_270c5ae97388e100\COMCTL32.dll
0x00007ff889df0000 - 0x00007ff889dfa000 	C:\WINDOWS\SYSTEM32\VERSION.dll
0x00007ff890e20000 - 0x00007ff890e51000 	C:\WINDOWS\System32\IMM32.DLL
0x00007ff869650000 - 0x00007ff86965c000 	C:\Program Files\Java\jdk-17\bin\vcruntime140_1.dll
0x00007ff869460000 - 0x00007ff8694ee000 	C:\Program Files\Java\jdk-17\bin\msvcp140.dll
0x00007ff868860000 - 0x00007ff86943e000 	C:\Program Files\Java\jdk-17\bin\server\jvm.dll
0x00007ff891140000 - 0x00007ff891148000 	C:\WINDOWS\System32\PSAPI.DLL
0x00007ff869ca0000 - 0x00007ff869ca9000 	C:\WINDOWS\SYSTEM32\WSOCK32.dll
0x00007ff892560000 - 0x00007ff8925d1000 	C:\WINDOWS\System32\WS2_32.dll
0x00007ff888d00000 - 0x00007ff888d34000 	C:\WINDOWS\SYSTEM32\WINMM.dll
0x00007ff88f490000 - 0x00007ff88f4a8000 	C:\WINDOWS\SYSTEM32\kernel.appcore.dll
0x00007ff8659f0000 - 0x00007ff8659fa000 	C:\Program Files\Java\jdk-17\bin\jimage.dll
0x00007ff88dcf0000 - 0x00007ff88df23000 	C:\WINDOWS\SYSTEM32\DBGHELP.DLL
0x00007ff891ee0000 - 0x00007ff892269000 	C:\WINDOWS\System32\combase.dll
0x00007ff891040000 - 0x00007ff891117000 	C:\WINDOWS\System32\OLEAUT32.dll
0x00007ff871f50000 - 0x00007ff871f82000 	C:\WINDOWS\SYSTEM32\dbgcore.DLL
0x00007ff890da0000 - 0x00007ff890e1a000 	C:\WINDOWS\System32\bcryptPrimitives.dll
0x00007ff8653f0000 - 0x00007ff865415000 	C:\Program Files\Java\jdk-17\bin\java.dll

dbghelp: loaded successfully - version: 4.0.5 - missing functions: none
symbol engine: initialized successfully - sym options: 0x614 - pdb path: .;C:\Program Files\Java\jdk-17\bin;C:\WINDOWS\SYSTEM32;C:\WINDOWS\WinSxS\amd64_microsoft.windows.common-controls_6595b64144ccf1df_6.0.22621.2506_none_270c5ae97388e100;C:\Program Files\Java\jdk-17\bin\server

VM Arguments:
java_command: C:\Users\sandi\IdeaProjects\virgin-games-serenity\target\surefire\surefirebooter12792341598880063563.jar C:\Users\sandi\IdeaProjects\virgin-games-serenity\target\surefire\surefire444140952192360772tmp C:\Users\sandi\IdeaProjects\virgin-games-serenity\target\surefire\surefire_08870116897386809637tmp
java_class_path (initial): C:\Users\sandi\IdeaProjects\virgin-games-serenity\target\surefire\surefirebooter12792341598880063563.jar
Launcher Type: SUN_STANDARD

[Global flags]
     intx CICompilerCount                          = 4                                         {product} {ergonomic}
     uint ConcGCThreads                            = 2                                         {product} {ergonomic}
     uint G1ConcRefinementThreads                  = 8                                         {product} {ergonomic}
   size_t G1HeapRegionSize                         = 1048576                                   {product} {ergonomic}
    uintx GCDrainStackTargetSize                   = 64                                        {product} {ergonomic}
   size_t InitialHeapSize                          = 130023424                                 {product} {ergonomic}
   size_t MarkStackSize                            = 4194304                                   {product} {ergonomic}
   size_t MaxHeapSize                              = 2055208960                                {product} {ergonomic}
   size_t MinHeapDeltaBytes                        = 1048576                                   {product} {ergonomic}
   size_t MinHeapSize                              = 8388608                                   {product} {ergonomic}
    uintx NonNMethodCodeHeapSize                   = 5839372                                {pd product} {ergonomic}
    uintx NonProfiledCodeHeapSize                  = 122909434                              {pd product} {ergonomic}
    uintx ProfiledCodeHeapSize                     = 122909434                              {pd product} {ergonomic}
    uintx ReservedCodeCacheSize                    = 251658240                              {pd product} {ergonomic}
     bool SegmentedCodeCache                       = true                                      {product} {ergonomic}
   size_t SoftMaxHeapSize                          = 2055208960                             {manageable} {ergonomic}
     bool UseCompressedClassPointers               = true                           {product lp64_product} {ergonomic}
     bool UseCompressedOops                        = true                           {product lp64_product} {ergonomic}
     bool UseG1GC                                  = true                                      {product} {ergonomic}
     bool UseLargePagesIndividualAllocation        = false                                  {pd product} {ergonomic}

Logging:
Log output configuration:
 #0: stdout all=warning uptime,level,tags
 #1: stderr all=off uptime,level,tags

Environment Variables:
JAVA_HOME=C:\Program Files\Java\jdk-17
PATH=C:\Program Files\Common Files\Oracle\Java\javapath;C:\WINDOWS\system32;C:\WINDOWS;C:\WINDOWS\System32\Wbem;C:\WINDOWS\System32\WindowsPowerShell\v1.0\;C:\WINDOWS\System32\OpenSSH\;“C:\Program Files\Java\jdk-17\bin;C:\Program Files\Git\cmd;C:\Program Files\Apache\apache-maven-3.9.5\bin;;C:\Program Files\Docker\Docker\resources\bin;C:\Program Files\nodejs\;C:\Users\sandi\AppData\Local\Microsoft\WindowsApps;C:\Users\sandi\AppData\Roaming\npm
USERNAME=sandip
OS=Windows_NT
PROCESSOR_IDENTIFIER=Intel64 Family 6 Model 140 Stepping 1, GenuineIntel



---------------  S Y S T E M  ---------------

OS:
 Windows 11 , 64 bit Build 22621 (10.0.22621.2506)
OS uptime: 2 days 6:36 hours
Hyper-V role detected

CPU: total 8 (initial active 8) (4 cores per cpu, 2 threads per core) family 6 model 140 stepping 1 microcode 0xaa, cx8, cmov, fxsr, ht, mmx, 3dnowpref, sse, sse2, sse3, ssse3, sse4.1, sse4.2, popcnt, lzcnt, tsc, tscinvbit, avx, avx2, aes, erms, clmul, bmi1, bmi2, adx, avx512f, avx512dq, avx512cd, avx512bw, avx512vl, sha, fma, vzeroupper, avx512_vpopcntdq, avx512_vpclmulqdq, avx512_vaes, avx512_vnni, clflush, clflushopt, clwb, avx512_vbmi2, avx512_vbmi, hv

Memory: 4k page, system-wide physical 7834M (328M free)
TotalPageFile size 31386M (AvailPageFile size 5M)
current process WorkingSet (physical memory assigned to process): 11M, peak: 11M
current process commit charge ("private bytes"): 60M, peak: 184M

vm_info: Java HotSpot(TM) 64-Bit Server VM (17.0.8+9-LTS-211) for windows-amd64 JRE (17.0.8+9-LTS-211), built on Jun 14 2023 10:34:31 by "mach5one" with MS VC++ 17.1 (VS2022)

END.
