#
# There is insufficient memory for the Java Runtime Environment to continue.
# Native memory allocation (malloc) failed to allocate 1247216 bytes for Chunk::new
# Possible reasons:
#   The system is out of physical RAM or swap space
#   The process is running with CompressedOops enabled, and the Java Heap may be blocking the growth of the native heap
# Possible solutions:
#   Reduce memory load on the system
#   Increase physical memory or swap space
#   Check if swap backing store is full
#   Decrease Java heap size (-Xmx/-Xms)
#   Decrease number of Java threads
#   Decrease Java thread stack sizes (-Xss)
#   Set larger code cache with -XX:ReservedCodeCacheSize=
#   JVM is running with Unscaled Compressed Oops mode in which the Java heap is
#     placed in the first 4GB address space. The Java Heap base address is the
#     maximum limit for the native heap growth. Please use -XX:HeapBaseMinAddress
#     to set the Java Heap base and to place the Java Heap above 4GB virtual address.
# This output file may be truncated or incomplete.
#
#  Out of Memory Error (arena.cpp:189), pid=13560, tid=4836
#
# JRE version: Java(TM) SE Runtime Environment (17.0.8+9) (build 17.0.8+9-LTS-211)
# Java VM: Java HotSpot(TM) 64-Bit Server VM (17.0.8+9-LTS-211, mixed mode, sharing, tiered, compressed oops, compressed class ptrs, g1 gc, windows-amd64)
# No core dump will be written. Minidumps are not enabled by default on client versions of Windows
#

---------------  S U M M A R Y ------------

Command Line: -Dmaven.multiModuleProjectDirectory=C:\Users\sandi\IdeaProjects\virgin-games-serenity -Djansi.passthrough=true -Dmaven.home=C:\Program Files\JetBrains\IntelliJ IDEA Community Edition 2023.2.2\plugins\maven\lib\maven3 -Dclassworlds.conf=C:\Program Files\JetBrains\IntelliJ IDEA Community Edition 2023.2.2\plugins\maven\lib\maven3\bin\m2.conf -Dmaven.ext.class.path=C:\Program Files\JetBrains\IntelliJ IDEA Community Edition 2023.2.2\plugins\maven\lib\maven-event-listener.jar -javaagent:C:\Program Files\JetBrains\IntelliJ IDEA Community Edition 2023.2.2\lib\idea_rt.jar=61781:C:\Program Files\JetBrains\IntelliJ IDEA Community Edition 2023.2.2\bin -Dfile.encoding=UTF-8 org.codehaus.classworlds.Launcher -Didea.version=2023.2.2 clean verify serenity:aggregate

Host: 11th Gen Intel(R) Core(TM) i5-1135G7 @ 2.40GHz, 8 cores, 7G,  Windows 11 , 64 bit Build 22621 (10.0.22621.2506)
Time: Sun Jan 28 17:32:44 2024 GMT Standard Time elapsed time: 27.599628 seconds (0d 0h 0m 27s)

---------------  T H R E A D  ---------------

Current thread (0x000001a8b824df40):  JavaThread "C2 CompilerThread0" daemon [_thread_in_native, id=4836, stack(0x00000004f2600000,0x00000004f2700000)]


Current CompileTask:
C2:  27599 8114   !   4       java.lang.ClassLoader::loadClass (121 bytes)

Stack: [0x00000004f2600000,0x00000004f2700000]
Native frames: (J=compiled Java code, j=interpreted, Vv=VM code, C=native code)
V  [jvm.dll+0x677d0a]
V  [jvm.dll+0x7d8c54]
V  [jvm.dll+0x7da3fe]
V  [jvm.dll+0x7daa63]
V  [jvm.dll+0x245c5f]
V  [jvm.dll+0xaaa6b]
V  [jvm.dll+0xab00c]
V  [jvm.dll+0x2ab5cf]
V  [jvm.dll+0x580435]
V  [jvm.dll+0x220b22]
V  [jvm.dll+0x219720]
V  [jvm.dll+0x217329]
V  [jvm.dll+0x1a3af0]
V  [jvm.dll+0x2270be]
V  [jvm.dll+0x22535b]
V  [jvm.dll+0x78e7bc]
V  [jvm.dll+0x788bba]
V  [jvm.dll+0x676b35]
C  [ucrtbase.dll+0x29363]
C  [KERNEL32.DLL+0x1257d]
C  [ntdll.dll+0x5aa58]


---------------  P R O C E S S  ---------------

Threads class SMR info:
_java_thread_list=0x000001a8812805c0, length=17, elements={
0x000001a89a382a30, 0x000001a8b8239070, 0x000001a8b8239930, 0x000001a8b82488f0,
0x000001a8b82491b0, 0x000001a8b824ba80, 0x000001a8b824d350, 0x000001a8b824df40,
0x000001a8b824e8f0, 0x000001a8b824f600, 0x000001a8b8223b50, 0x000001a8b852de00,
0x000001a8b852e2d0, 0x000001a8b8eb5310, 0x000001a8b8eb8cd0, 0x000001a8b8eb6180,
0x000001a8b8eb6650
}

Java Threads: ( => current thread )
  0x000001a89a382a30 JavaThread "main" [_thread_in_vm, id=13640, stack(0x00000004f1900000,0x00000004f1a00000)]
  0x000001a8b8239070 JavaThread "Reference Handler" daemon [_thread_blocked, id=15404, stack(0x00000004f2000000,0x00000004f2100000)]
  0x000001a8b8239930 JavaThread "Finalizer" daemon [_thread_blocked, id=27812, stack(0x00000004f2100000,0x00000004f2200000)]
  0x000001a8b82488f0 JavaThread "Signal Dispatcher" daemon [_thread_blocked, id=8552, stack(0x00000004f2200000,0x00000004f2300000)]
  0x000001a8b82491b0 JavaThread "Attach Listener" daemon [_thread_blocked, id=2696, stack(0x00000004f2300000,0x00000004f2400000)]
  0x000001a8b824ba80 JavaThread "Service Thread" daemon [_thread_blocked, id=15276, stack(0x00000004f2400000,0x00000004f2500000)]
  0x000001a8b824d350 JavaThread "Monitor Deflation Thread" daemon [_thread_blocked, id=12576, stack(0x00000004f2500000,0x00000004f2600000)]
=>0x000001a8b824df40 JavaThread "C2 CompilerThread0" daemon [_thread_in_native, id=4836, stack(0x00000004f2600000,0x00000004f2700000)]
  0x000001a8b824e8f0 JavaThread "C1 CompilerThread0" daemon [_thread_blocked, id=20996, stack(0x00000004f2700000,0x00000004f2800000)]
  0x000001a8b824f600 JavaThread "Sweeper thread" daemon [_thread_blocked, id=10972, stack(0x00000004f2800000,0x00000004f2900000)]
  0x000001a8b8223b50 JavaThread "Common-Cleaner" daemon [_thread_blocked, id=20468, stack(0x00000004f2900000,0x00000004f2a00000)]
  0x000001a8b852de00 JavaThread "Monitor Ctrl-Break" daemon [_thread_in_native, id=19308, stack(0x00000004f2a00000,0x00000004f2b00000)]
  0x000001a8b852e2d0 JavaThread "Notification Thread" daemon [_thread_blocked, id=17860, stack(0x00000004f2b00000,0x00000004f2c00000)]
  0x000001a8b8eb5310 JavaThread "resolver-1" daemon [_thread_blocked, id=16480, stack(0x00000004f3500000,0x00000004f3600000)]
  0x000001a8b8eb8cd0 JavaThread "resolver-2" daemon [_thread_blocked, id=9772, stack(0x00000004f3600000,0x00000004f3700000)]
  0x000001a8b8eb6180 JavaThread "resolver-3" daemon [_thread_blocked, id=16084, stack(0x00000004f3700000,0x00000004f3800000)]
  0x000001a8b8eb6650 JavaThread "resolver-4" daemon [_thread_blocked, id=27932, stack(0x00000004f3800000,0x00000004f3900000)]

Other Threads:
  0x000001a8b82357d0 VMThread "VM Thread" [stack: 0x00000004f1f00000,0x00000004f2000000] [id=22536]
  0x000001a89a408c60 WatcherThread [stack: 0x00000004f2c00000,0x00000004f2d00000] [id=5108]
  0x000001a89a3db380 GCTaskThread "GC Thread#0" [stack: 0x00000004f1a00000,0x00000004f1b00000] [id=27596]
  0x000001a8b8e453f0 GCTaskThread "GC Thread#1" [stack: 0x00000004f2d00000,0x00000004f2e00000] [id=26760]
  0x000001a8b8e44d80 GCTaskThread "GC Thread#2" [stack: 0x00000004f2e00000,0x00000004f2f00000] [id=16412]
  0x000001a8b8f56000 GCTaskThread "GC Thread#3" [stack: 0x00000004f2f00000,0x00000004f3000000] [id=3068]
  0x000001a8b8f562b0 GCTaskThread "GC Thread#4" [stack: 0x00000004f3000000,0x00000004f3100000] [id=24336]
  0x000001a8b8f56560 GCTaskThread "GC Thread#5" [stack: 0x00000004f3100000,0x00000004f3200000] [id=12468]
  0x000001a8b8f58820 GCTaskThread "GC Thread#6" [stack: 0x00000004f3200000,0x00000004f3300000] [id=19864]
  0x000001a8b8f590e0 GCTaskThread "GC Thread#7" [stack: 0x00000004f3300000,0x00000004f3400000] [id=24948]
  0x000001a89a3eb6d0 ConcurrentGCThread "G1 Main Marker" [stack: 0x00000004f1b00000,0x00000004f1c00000] [id=9108]
  0x000001a89a3ed000 ConcurrentGCThread "G1 Conc#0" [stack: 0x00000004f1c00000,0x00000004f1d00000] [id=26984]
  0x000001a8fe609bb0 ConcurrentGCThread "G1 Conc#1" [stack: 0x00000004f3400000,0x00000004f3500000] [id=2092]
  0x000001a8b80e20b0 ConcurrentGCThread "G1 Refine#0" [stack: 0x00000004f1d00000,0x00000004f1e00000] [id=15620]
  0x000001a8b80e29e0 ConcurrentGCThread "G1 Service" [stack: 0x00000004f1e00000,0x00000004f1f00000] [id=18796]

Threads with active compile tasks:
C2 CompilerThread0    27713 8114   !   4       java.lang.ClassLoader::loadClass (121 bytes)

VM state: not at safepoint (normal execution)

VM Mutex/Monitor currently owned by a thread:  ([mutex/lock_event])
[0x000001a89812ce00] Metaspace_lock - owner thread: 0x000001a89a382a30

Heap address: 0x0000000085800000, size: 1960 MB, Compressed Oops mode: 32-bit

CDS archive(s) mapped at: [0x000001a8b9000000-0x000001a8b9bd0000-0x000001a8b9bd0000), size 12386304, SharedBaseAddress: 0x000001a8b9000000, ArchiveRelocationMode: 1.
Compressed class space mapped at: 0x000001a8ba000000-0x000001a8fa000000, reserved size: 1073741824
Narrow klass base: 0x000001a8b9000000, Narrow klass shift: 0, Narrow klass range: 0x100000000

GC Precious Log:
 CPUs: 8 total, 8 available
 Memory: 7834M
 Large Page Support: Disabled
 NUMA Support: Disabled
 Compressed Oops: Enabled (32-bit)
 Heap Region Size: 1M
 Heap Min Capacity: 8M
 Heap Initial Capacity: 124M
 Heap Max Capacity: 1960M
 Pre-touch: Disabled
 Parallel Workers: 8
 Concurrent Workers: 2
 Concurrent Refinement Workers: 8
 Periodic GC: Disabled

Heap:
 garbage-first heap   total 324608K, used 131431K [0x0000000085800000, 0x0000000100000000)
  region size 1024K, 54 young (55296K), 13 survivors (13312K)
 Metaspace       used 35196K, committed 35584K, reserved 1114112K
  class space    used 3997K, committed 4160K, reserved 1048576K

Heap Regions: E=young(eden), S=young(survivor), O=old, HS=humongous(starts), HC=humongous(continues), CS=collection set, F=free, OA=open archive, CA=closed archive, TAMS=top-at-mark-start (previous, next)
|   0|0x0000000085800000, 0x0000000085900000, 0x0000000085900000|100%| O|  |TAMS 0x0000000085900000, 0x0000000085800000| Untracked 
|   1|0x0000000085900000, 0x0000000085a00000, 0x0000000085a00000|100%| O|  |TAMS 0x0000000085a00000, 0x0000000085900000| Untracked 
|   2|0x0000000085a00000, 0x0000000085b00000, 0x0000000085b00000|100%| O|  |TAMS 0x0000000085b00000, 0x0000000085a00000| Untracked 
|   3|0x0000000085b00000, 0x0000000085c00000, 0x0000000085c00000|100%| O|  |TAMS 0x0000000085c00000, 0x0000000085b00000| Untracked 
|   4|0x0000000085c00000, 0x0000000085d00000, 0x0000000085d00000|100%| O|  |TAMS 0x0000000085d00000, 0x0000000085c00000| Untracked 
|   5|0x0000000085d00000, 0x0000000085e00000, 0x0000000085e00000|100%| O|  |TAMS 0x0000000085e00000, 0x0000000085d00000| Untracked 
|   6|0x0000000085e00000, 0x0000000085f00000, 0x0000000085f00000|100%| O|  |TAMS 0x0000000085f00000, 0x0000000085e00000| Untracked 
|   7|0x0000000085f00000, 0x0000000086000000, 0x0000000086000000|100%| O|  |TAMS 0x0000000086000000, 0x0000000085f00000| Untracked 
|   8|0x0000000086000000, 0x0000000086100000, 0x0000000086100000|100%| O|  |TAMS 0x0000000086100000, 0x0000000086000000| Untracked 
|   9|0x0000000086100000, 0x0000000086200000, 0x0000000086200000|100%| O|  |TAMS 0x0000000086200000, 0x0000000086100000| Untracked 
|  10|0x0000000086200000, 0x0000000086300000, 0x0000000086300000|100%| O|  |TAMS 0x0000000086300000, 0x0000000086200000| Untracked 
|  11|0x0000000086300000, 0x0000000086400000, 0x0000000086400000|100%| O|  |TAMS 0x0000000086400000, 0x0000000086300000| Untracked 
|  12|0x0000000086400000, 0x0000000086500000, 0x0000000086500000|100%| O|  |TAMS 0x0000000086500000, 0x0000000086400000| Untracked 
|  13|0x0000000086500000, 0x0000000086600000, 0x0000000086600000|100%| O|  |TAMS 0x0000000086600000, 0x0000000086500000| Untracked 
|  14|0x0000000086600000, 0x0000000086700000, 0x0000000086700000|100%| O|  |TAMS 0x0000000086700000, 0x0000000086600000| Untracked 
|  15|0x0000000086700000, 0x0000000086800000, 0x0000000086800000|100%| O|  |TAMS 0x0000000086800000, 0x0000000086700000| Untracked 
|  16|0x0000000086800000, 0x0000000086900000, 0x0000000086900000|100%| O|  |TAMS 0x0000000086900000, 0x0000000086800000| Untracked 
|  17|0x0000000086900000, 0x0000000086a00000, 0x0000000086a00000|100%| O|  |TAMS 0x0000000086a00000, 0x0000000086900000| Untracked 
|  18|0x0000000086a00000, 0x0000000086b00000, 0x0000000086b00000|100%| O|  |TAMS 0x0000000086b00000, 0x0000000086a00000| Untracked 
|  19|0x0000000086b00000, 0x0000000086c00000, 0x0000000086c00000|100%| O|  |TAMS 0x0000000086c00000, 0x0000000086b00000| Untracked 
|  20|0x0000000086c00000, 0x0000000086d00000, 0x0000000086d00000|100%| O|  |TAMS 0x0000000086d00000, 0x0000000086c00000| Untracked 
|  21|0x0000000086d00000, 0x0000000086e00000, 0x0000000086e00000|100%| O|  |TAMS 0x0000000086e00000, 0x0000000086d00000| Untracked 
|  22|0x0000000086e00000, 0x0000000086f00000, 0x0000000086f00000|100%| O|  |TAMS 0x0000000086f00000, 0x0000000086e00000| Untracked 
|  23|0x0000000086f00000, 0x0000000087000000, 0x0000000087000000|100%| O|  |TAMS 0x0000000087000000, 0x0000000086f00000| Untracked 
|  24|0x0000000087000000, 0x0000000087100000, 0x0000000087100000|100%| O|  |TAMS 0x0000000087100000, 0x0000000087000000| Untracked 
|  25|0x0000000087100000, 0x0000000087200000, 0x0000000087200000|100%| O|  |TAMS 0x0000000087200000, 0x0000000087100000| Untracked 
|  26|0x0000000087200000, 0x0000000087300000, 0x0000000087300000|100%| O|  |TAMS 0x0000000087300000, 0x0000000087200000| Untracked 
|  27|0x0000000087300000, 0x0000000087400000, 0x0000000087400000|100%| O|  |TAMS 0x0000000087400000, 0x0000000087300000| Untracked 
|  28|0x0000000087400000, 0x0000000087400000, 0x0000000087500000|  0%| F|  |TAMS 0x0000000087400000, 0x0000000087400000| Untracked 
|  29|0x0000000087500000, 0x0000000087500000, 0x0000000087600000|  0%| F|  |TAMS 0x0000000087500000, 0x0000000087500000| Untracked 
|  30|0x0000000087600000, 0x0000000087700000, 0x0000000087700000|100%| O|  |TAMS 0x0000000087600000, 0x0000000087600000| Untracked 
|  31|0x0000000087700000, 0x0000000087800000, 0x0000000087800000|100%| O|  |TAMS 0x0000000087700000, 0x0000000087700000| Untracked 
|  32|0x0000000087800000, 0x0000000087800000, 0x0000000087900000|  0%| F|  |TAMS 0x0000000087800000, 0x0000000087800000| Untracked 
|  33|0x0000000087900000, 0x0000000087900000, 0x0000000087a00000|  0%| F|  |TAMS 0x0000000087900000, 0x0000000087900000| Untracked 
|  34|0x0000000087a00000, 0x0000000087b00000, 0x0000000087b00000|100%| O|  |TAMS 0x0000000087a00000, 0x0000000087a00000| Untracked 
|  35|0x0000000087b00000, 0x0000000087c00000, 0x0000000087c00000|100%| O|  |TAMS 0x0000000087b00000, 0x0000000087b00000| Untracked 
|  36|0x0000000087c00000, 0x0000000087d00000, 0x0000000087d00000|100%| O|  |TAMS 0x0000000087c00000, 0x0000000087c00000| Untracked 
|  37|0x0000000087d00000, 0x0000000087d00000, 0x0000000087e00000|  0%| F|  |TAMS 0x0000000087d00000, 0x0000000087d00000| Untracked 
|  38|0x0000000087e00000, 0x0000000087f00000, 0x0000000087f00000|100%| O|  |TAMS 0x0000000087f00000, 0x0000000087e00000| Untracked 
|  39|0x0000000087f00000, 0x0000000088000000, 0x0000000088000000|100%| O|  |TAMS 0x0000000088000000, 0x0000000087f00000| Untracked 
|  40|0x0000000088000000, 0x0000000088100000, 0x0000000088100000|100%| O|  |TAMS 0x0000000088100000, 0x0000000088000000| Untracked 
|  41|0x0000000088100000, 0x0000000088200000, 0x0000000088200000|100%| O|  |TAMS 0x0000000088200000, 0x0000000088100000| Untracked 
|  42|0x0000000088200000, 0x0000000088300000, 0x0000000088300000|100%| O|  |TAMS 0x0000000088300000, 0x0000000088200000| Untracked 
|  43|0x0000000088300000, 0x0000000088300000, 0x0000000088400000|  0%| F|  |TAMS 0x0000000088300000, 0x0000000088300000| Untracked 
|  44|0x0000000088400000, 0x0000000088500000, 0x0000000088500000|100%| O|  |TAMS 0x0000000088500000, 0x0000000088400000| Untracked 
|  45|0x0000000088500000, 0x0000000088600000, 0x0000000088600000|100%| O|  |TAMS 0x0000000088600000, 0x0000000088500000| Untracked 
|  46|0x0000000088600000, 0x0000000088700000, 0x0000000088700000|100%| O|  |TAMS 0x0000000088700000, 0x0000000088600000| Untracked 
|  47|0x0000000088700000, 0x0000000088800000, 0x0000000088800000|100%| O|  |TAMS 0x0000000088800000, 0x0000000088700000| Untracked 
|  48|0x0000000088800000, 0x0000000088900000, 0x0000000088900000|100%| O|  |TAMS 0x0000000088900000, 0x0000000088800000| Untracked 
|  49|0x0000000088900000, 0x0000000088a00000, 0x0000000088a00000|100%| O|  |TAMS 0x0000000088a00000, 0x0000000088900000| Untracked 
|  50|0x0000000088a00000, 0x0000000088b00000, 0x0000000088b00000|100%| O|  |TAMS 0x0000000088b00000, 0x0000000088a00000| Untracked 
|  51|0x0000000088b00000, 0x0000000088c00000, 0x0000000088c00000|100%| O|  |TAMS 0x0000000088c00000, 0x0000000088b00000| Untracked 
|  52|0x0000000088c00000, 0x0000000088d00000, 0x0000000088d00000|100%| O|  |TAMS 0x0000000088d00000, 0x0000000088c00000| Untracked 
|  53|0x0000000088d00000, 0x0000000088e00000, 0x0000000088e00000|100%| O|  |TAMS 0x0000000088e00000, 0x0000000088d00000| Untracked 
|  54|0x0000000088e00000, 0x0000000088f00000, 0x0000000088f00000|100%| O|  |TAMS 0x0000000088f00000, 0x0000000088e00000| Untracked 
|  55|0x0000000088f00000, 0x0000000089000000, 0x0000000089000000|100%| O|  |TAMS 0x0000000089000000, 0x0000000088f00000| Untracked 
|  56|0x0000000089000000, 0x0000000089100000, 0x0000000089100000|100%| O|  |TAMS 0x0000000089100000, 0x0000000089000000| Untracked 
|  57|0x0000000089100000, 0x0000000089200000, 0x0000000089200000|100%| O|  |TAMS 0x0000000089200000, 0x0000000089100000| Untracked 
|  58|0x0000000089200000, 0x0000000089300000, 0x0000000089300000|100%| O|  |TAMS 0x0000000089279200, 0x0000000089200000| Untracked 
|  59|0x0000000089300000, 0x0000000089400000, 0x0000000089400000|100%| O|  |TAMS 0x0000000089300000, 0x0000000089300000| Untracked 
|  60|0x0000000089400000, 0x0000000089500000, 0x0000000089500000|100%| O|  |TAMS 0x0000000089400000, 0x0000000089400000| Untracked 
|  61|0x0000000089500000, 0x0000000089600000, 0x0000000089600000|100%| O|  |TAMS 0x0000000089500000, 0x0000000089500000| Untracked 
|  62|0x0000000089600000, 0x0000000089700000, 0x0000000089700000|100%| O|  |TAMS 0x0000000089600000, 0x0000000089600000| Untracked 
|  63|0x0000000089700000, 0x0000000089800000, 0x0000000089800000|100%| O|  |TAMS 0x0000000089700000, 0x0000000089700000| Untracked 
|  64|0x0000000089800000, 0x0000000089900000, 0x0000000089900000|100%| O|  |TAMS 0x0000000089800000, 0x0000000089800000| Untracked 
|  65|0x0000000089900000, 0x0000000089a00000, 0x0000000089a00000|100%| O|  |TAMS 0x0000000089900000, 0x0000000089900000| Untracked 
|  66|0x0000000089a00000, 0x0000000089b00000, 0x0000000089b00000|100%| O|  |TAMS 0x0000000089a00000, 0x0000000089a00000| Untracked 
|  67|0x0000000089b00000, 0x0000000089b4e600, 0x0000000089c00000| 30%| O|  |TAMS 0x0000000089b00000, 0x0000000089b00000| Untracked 
|  68|0x0000000089c00000, 0x0000000089c00000, 0x0000000089d00000|  0%| F|  |TAMS 0x0000000089c00000, 0x0000000089c00000| Untracked 
|  69|0x0000000089d00000, 0x0000000089d00000, 0x0000000089e00000|  0%| F|  |TAMS 0x0000000089d00000, 0x0000000089d00000| Untracked 
|  70|0x0000000089e00000, 0x0000000089e00000, 0x0000000089f00000|  0%| F|  |TAMS 0x0000000089e00000, 0x0000000089e00000| Untracked 
|  71|0x0000000089f00000, 0x0000000089f00000, 0x000000008a000000|  0%| F|  |TAMS 0x0000000089f00000, 0x0000000089f00000| Untracked 
|  72|0x000000008a000000, 0x000000008a000000, 0x000000008a100000|  0%| F|  |TAMS 0x000000008a000000, 0x000000008a000000| Untracked 
|  73|0x000000008a100000, 0x000000008a100000, 0x000000008a200000|  0%| F|  |TAMS 0x000000008a100000, 0x000000008a100000| Untracked 
|  74|0x000000008a200000, 0x000000008a200000, 0x000000008a300000|  0%| F|  |TAMS 0x000000008a200000, 0x000000008a200000| Untracked 
|  75|0x000000008a300000, 0x000000008a300000, 0x000000008a400000|  0%| F|  |TAMS 0x000000008a300000, 0x000000008a300000| Untracked 
|  76|0x000000008a400000, 0x000000008a400000, 0x000000008a500000|  0%| F|  |TAMS 0x000000008a400000, 0x000000008a400000| Untracked 
|  77|0x000000008a500000, 0x000000008a500000, 0x000000008a600000|  0%| F|  |TAMS 0x000000008a500000, 0x000000008a500000| Untracked 
|  78|0x000000008a600000, 0x000000008a600000, 0x000000008a700000|  0%| F|  |TAMS 0x000000008a600000, 0x000000008a600000| Untracked 
|  79|0x000000008a700000, 0x000000008a700000, 0x000000008a800000|  0%| F|  |TAMS 0x000000008a700000, 0x000000008a700000| Untracked 
|  80|0x000000008a800000, 0x000000008a800000, 0x000000008a900000|  0%| F|  |TAMS 0x000000008a800000, 0x000000008a800000| Untracked 
|  81|0x000000008a900000, 0x000000008a900000, 0x000000008aa00000|  0%| F|  |TAMS 0x000000008a900000, 0x000000008a900000| Untracked 
|  82|0x000000008aa00000, 0x000000008aa00000, 0x000000008ab00000|  0%| F|  |TAMS 0x000000008aa00000, 0x000000008aa00000| Untracked 
|  83|0x000000008ab00000, 0x000000008ab00000, 0x000000008ac00000|  0%| F|  |TAMS 0x000000008ab00000, 0x000000008ab00000| Untracked 
|  84|0x000000008ac00000, 0x000000008ac00000, 0x000000008ad00000|  0%| F|  |TAMS 0x000000008ac00000, 0x000000008ac00000| Untracked 
|  85|0x000000008ad00000, 0x000000008ad00000, 0x000000008ae00000|  0%| F|  |TAMS 0x000000008ad00000, 0x000000008ad00000| Untracked 
|  86|0x000000008ae00000, 0x000000008ae00000, 0x000000008af00000|  0%| F|  |TAMS 0x000000008ae00000, 0x000000008ae00000| Untracked 
|  87|0x000000008af00000, 0x000000008af00000, 0x000000008b000000|  0%| F|  |TAMS 0x000000008af00000, 0x000000008af00000| Untracked 
|  88|0x000000008b000000, 0x000000008b000000, 0x000000008b100000|  0%| F|  |TAMS 0x000000008b000000, 0x000000008b000000| Untracked 
|  89|0x000000008b100000, 0x000000008b100000, 0x000000008b200000|  0%| F|  |TAMS 0x000000008b100000, 0x000000008b100000| Untracked 
|  90|0x000000008b200000, 0x000000008b200000, 0x000000008b300000|  0%| F|  |TAMS 0x000000008b200000, 0x000000008b200000| Untracked 
|  91|0x000000008b300000, 0x000000008b300000, 0x000000008b400000|  0%| F|  |TAMS 0x000000008b300000, 0x000000008b300000| Untracked 
|  92|0x000000008b400000, 0x000000008b400000, 0x000000008b500000|  0%| F|  |TAMS 0x000000008b400000, 0x000000008b400000| Untracked 
|  93|0x000000008b500000, 0x000000008b500000, 0x000000008b600000|  0%| F|  |TAMS 0x000000008b500000, 0x000000008b500000| Untracked 
|  94|0x000000008b600000, 0x000000008b600000, 0x000000008b700000|  0%| F|  |TAMS 0x000000008b600000, 0x000000008b600000| Untracked 
|  95|0x000000008b700000, 0x000000008b700000, 0x000000008b800000|  0%| F|  |TAMS 0x000000008b700000, 0x000000008b700000| Untracked 
|  96|0x000000008b800000, 0x000000008b800000, 0x000000008b900000|  0%| F|  |TAMS 0x000000008b800000, 0x000000008b800000| Untracked 
|  97|0x000000008b900000, 0x000000008b900000, 0x000000008ba00000|  0%| F|  |TAMS 0x000000008b900000, 0x000000008b900000| Untracked 
|  98|0x000000008ba00000, 0x000000008ba00000, 0x000000008bb00000|  0%| F|  |TAMS 0x000000008ba00000, 0x000000008ba00000| Untracked 
|  99|0x000000008bb00000, 0x000000008bb00000, 0x000000008bc00000|  0%| F|  |TAMS 0x000000008bb00000, 0x000000008bb00000| Untracked 
| 100|0x000000008bc00000, 0x000000008bc00000, 0x000000008bd00000|  0%| F|  |TAMS 0x000000008bc00000, 0x000000008bc00000| Untracked 
| 101|0x000000008bd00000, 0x000000008bd00000, 0x000000008be00000|  0%| F|  |TAMS 0x000000008bd00000, 0x000000008bd00000| Untracked 
| 102|0x000000008be00000, 0x000000008be00000, 0x000000008bf00000|  0%| F|  |TAMS 0x000000008be00000, 0x000000008be00000| Untracked 
| 103|0x000000008bf00000, 0x000000008bf00000, 0x000000008c000000|  0%| F|  |TAMS 0x000000008bf00000, 0x000000008bf00000| Untracked 
| 104|0x000000008c000000, 0x000000008c000000, 0x000000008c100000|  0%| F|  |TAMS 0x000000008c000000, 0x000000008c000000| Untracked 
| 105|0x000000008c100000, 0x000000008c100000, 0x000000008c200000|  0%| F|  |TAMS 0x000000008c100000, 0x000000008c100000| Untracked 
| 106|0x000000008c200000, 0x000000008c200000, 0x000000008c300000|  0%| F|  |TAMS 0x000000008c200000, 0x000000008c200000| Untracked 
| 107|0x000000008c300000, 0x000000008c300000, 0x000000008c400000|  0%| F|  |TAMS 0x000000008c300000, 0x000000008c300000| Untracked 
| 108|0x000000008c400000, 0x000000008c400000, 0x000000008c500000|  0%| F|  |TAMS 0x000000008c400000, 0x000000008c400000| Untracked 
| 109|0x000000008c500000, 0x000000008c500000, 0x000000008c600000|  0%| F|  |TAMS 0x000000008c500000, 0x000000008c500000| Untracked 
| 110|0x000000008c600000, 0x000000008c600000, 0x000000008c700000|  0%| F|  |TAMS 0x000000008c600000, 0x000000008c600000| Untracked 
| 111|0x000000008c700000, 0x000000008c700000, 0x000000008c800000|  0%| F|  |TAMS 0x000000008c700000, 0x000000008c700000| Untracked 
| 112|0x000000008c800000, 0x000000008c800000, 0x000000008c900000|  0%| F|  |TAMS 0x000000008c800000, 0x000000008c800000| Untracked 
| 113|0x000000008c900000, 0x000000008c900000, 0x000000008ca00000|  0%| F|  |TAMS 0x000000008c900000, 0x000000008c900000| Untracked 
| 114|0x000000008ca00000, 0x000000008ca00000, 0x000000008cb00000|  0%| F|  |TAMS 0x000000008ca00000, 0x000000008ca00000| Untracked 
| 115|0x000000008cb00000, 0x000000008cb00000, 0x000000008cc00000|  0%| F|  |TAMS 0x000000008cb00000, 0x000000008cb00000| Untracked 
| 116|0x000000008cc00000, 0x000000008cc00000, 0x000000008cd00000|  0%| F|  |TAMS 0x000000008cc00000, 0x000000008cc00000| Untracked 
| 117|0x000000008cd00000, 0x000000008cd00000, 0x000000008ce00000|  0%| F|  |TAMS 0x000000008cd00000, 0x000000008cd00000| Untracked 
| 118|0x000000008ce00000, 0x000000008ce00000, 0x000000008cf00000|  0%| F|  |TAMS 0x000000008ce00000, 0x000000008ce00000| Untracked 
| 119|0x000000008cf00000, 0x000000008cf00000, 0x000000008d000000|  0%| F|  |TAMS 0x000000008cf00000, 0x000000008cf00000| Untracked 
| 120|0x000000008d000000, 0x000000008d000000, 0x000000008d100000|  0%| F|  |TAMS 0x000000008d000000, 0x000000008d000000| Untracked 
| 121|0x000000008d100000, 0x000000008d100000, 0x000000008d200000|  0%| F|  |TAMS 0x000000008d100000, 0x000000008d100000| Untracked 
| 122|0x000000008d200000, 0x000000008d200000, 0x000000008d300000|  0%| F|  |TAMS 0x000000008d200000, 0x000000008d200000| Untracked 
| 123|0x000000008d300000, 0x000000008d300000, 0x000000008d400000|  0%| F|  |TAMS 0x000000008d300000, 0x000000008d300000| Untracked 
| 124|0x000000008d400000, 0x000000008d400000, 0x000000008d500000|  0%| F|  |TAMS 0x000000008d400000, 0x000000008d400000| Untracked 
| 125|0x000000008d500000, 0x000000008d500000, 0x000000008d600000|  0%| F|  |TAMS 0x000000008d500000, 0x000000008d500000| Untracked 
| 126|0x000000008d600000, 0x000000008d600000, 0x000000008d700000|  0%| F|  |TAMS 0x000000008d600000, 0x000000008d600000| Untracked 
| 127|0x000000008d700000, 0x000000008d700000, 0x000000008d800000|  0%| F|  |TAMS 0x000000008d700000, 0x000000008d700000| Untracked 
| 128|0x000000008d800000, 0x000000008d800000, 0x000000008d900000|  0%| F|  |TAMS 0x000000008d800000, 0x000000008d800000| Untracked 
| 129|0x000000008d900000, 0x000000008d900000, 0x000000008da00000|  0%| F|  |TAMS 0x000000008d900000, 0x000000008d900000| Untracked 
| 130|0x000000008da00000, 0x000000008da00000, 0x000000008db00000|  0%| F|  |TAMS 0x000000008da00000, 0x000000008da00000| Untracked 
| 131|0x000000008db00000, 0x000000008db00000, 0x000000008dc00000|  0%| F|  |TAMS 0x000000008db00000, 0x000000008db00000| Untracked 
| 132|0x000000008dc00000, 0x000000008dc00000, 0x000000008dd00000|  0%| F|  |TAMS 0x000000008dc00000, 0x000000008dc00000| Untracked 
| 133|0x000000008dd00000, 0x000000008dd00000, 0x000000008de00000|  0%| F|  |TAMS 0x000000008dd00000, 0x000000008dd00000| Untracked 
| 134|0x000000008de00000, 0x000000008de00000, 0x000000008df00000|  0%| F|  |TAMS 0x000000008de00000, 0x000000008de00000| Untracked 
| 135|0x000000008df00000, 0x000000008df00000, 0x000000008e000000|  0%| F|  |TAMS 0x000000008df00000, 0x000000008df00000| Untracked 
| 136|0x000000008e000000, 0x000000008e000000, 0x000000008e100000|  0%| F|  |TAMS 0x000000008e000000, 0x000000008e000000| Untracked 
| 137|0x000000008e100000, 0x000000008e100000, 0x000000008e200000|  0%| F|  |TAMS 0x000000008e100000, 0x000000008e100000| Untracked 
| 138|0x000000008e200000, 0x000000008e200000, 0x000000008e300000|  0%| F|  |TAMS 0x000000008e200000, 0x000000008e200000| Untracked 
| 139|0x000000008e300000, 0x000000008e300000, 0x000000008e400000|  0%| F|  |TAMS 0x000000008e300000, 0x000000008e300000| Untracked 
| 140|0x000000008e400000, 0x000000008e400000, 0x000000008e500000|  0%| F|  |TAMS 0x000000008e400000, 0x000000008e400000| Untracked 
| 141|0x000000008e500000, 0x000000008e500000, 0x000000008e600000|  0%| F|  |TAMS 0x000000008e500000, 0x000000008e500000| Untracked 
| 142|0x000000008e600000, 0x000000008e600000, 0x000000008e700000|  0%| F|  |TAMS 0x000000008e600000, 0x000000008e600000| Untracked 
| 143|0x000000008e700000, 0x000000008e700000, 0x000000008e800000|  0%| F|  |TAMS 0x000000008e700000, 0x000000008e700000| Untracked 
| 144|0x000000008e800000, 0x000000008e800000, 0x000000008e900000|  0%| F|  |TAMS 0x000000008e800000, 0x000000008e800000| Untracked 
| 145|0x000000008e900000, 0x000000008e900000, 0x000000008ea00000|  0%| F|  |TAMS 0x000000008e900000, 0x000000008e900000| Untracked 
| 146|0x000000008ea00000, 0x000000008ea00000, 0x000000008eb00000|  0%| F|  |TAMS 0x000000008ea00000, 0x000000008ea00000| Untracked 
| 147|0x000000008eb00000, 0x000000008eb00000, 0x000000008ec00000|  0%| F|  |TAMS 0x000000008eb00000, 0x000000008eb00000| Untracked 
| 148|0x000000008ec00000, 0x000000008ec00000, 0x000000008ed00000|  0%| F|  |TAMS 0x000000008ec00000, 0x000000008ec00000| Untracked 
| 149|0x000000008ed00000, 0x000000008ed00000, 0x000000008ee00000|  0%| F|  |TAMS 0x000000008ed00000, 0x000000008ed00000| Untracked 
| 150|0x000000008ee00000, 0x000000008ee00000, 0x000000008ef00000|  0%| F|  |TAMS 0x000000008ee00000, 0x000000008ee00000| Untracked 
| 151|0x000000008ef00000, 0x000000008ef00000, 0x000000008f000000|  0%| F|  |TAMS 0x000000008ef00000, 0x000000008ef00000| Untracked 
| 152|0x000000008f000000, 0x000000008f000000, 0x000000008f100000|  0%| F|  |TAMS 0x000000008f000000, 0x000000008f000000| Untracked 
| 153|0x000000008f100000, 0x000000008f100000, 0x000000008f200000|  0%| F|  |TAMS 0x000000008f100000, 0x000000008f100000| Untracked 
| 154|0x000000008f200000, 0x000000008f200000, 0x000000008f300000|  0%| F|  |TAMS 0x000000008f200000, 0x000000008f200000| Untracked 
| 155|0x000000008f300000, 0x000000008f300000, 0x000000008f400000|  0%| F|  |TAMS 0x000000008f300000, 0x000000008f300000| Untracked 
| 156|0x000000008f400000, 0x000000008f400000, 0x000000008f500000|  0%| F|  |TAMS 0x000000008f400000, 0x000000008f400000| Untracked 
| 157|0x000000008f500000, 0x000000008f500000, 0x000000008f600000|  0%| F|  |TAMS 0x000000008f500000, 0x000000008f500000| Untracked 
| 158|0x000000008f600000, 0x000000008f600000, 0x000000008f700000|  0%| F|  |TAMS 0x000000008f600000, 0x000000008f600000| Untracked 
| 159|0x000000008f700000, 0x000000008f700000, 0x000000008f800000|  0%| F|  |TAMS 0x000000008f700000, 0x000000008f700000| Untracked 
| 160|0x000000008f800000, 0x000000008f800000, 0x000000008f900000|  0%| F|  |TAMS 0x000000008f800000, 0x000000008f800000| Untracked 
| 161|0x000000008f900000, 0x000000008f900000, 0x000000008fa00000|  0%| F|  |TAMS 0x000000008f900000, 0x000000008f900000| Untracked 
| 162|0x000000008fa00000, 0x000000008fa00000, 0x000000008fb00000|  0%| F|  |TAMS 0x000000008fa00000, 0x000000008fa00000| Untracked 
| 163|0x000000008fb00000, 0x000000008fb00000, 0x000000008fc00000|  0%| F|  |TAMS 0x000000008fb00000, 0x000000008fb00000| Untracked 
| 164|0x000000008fc00000, 0x000000008fc00000, 0x000000008fd00000|  0%| F|  |TAMS 0x000000008fc00000, 0x000000008fc00000| Untracked 
| 165|0x000000008fd00000, 0x000000008fd00000, 0x000000008fe00000|  0%| F|  |TAMS 0x000000008fd00000, 0x000000008fd00000| Untracked 
| 166|0x000000008fe00000, 0x000000008fe00000, 0x000000008ff00000|  0%| F|  |TAMS 0x000000008fe00000, 0x000000008fe00000| Untracked 
| 167|0x000000008ff00000, 0x000000008ff00000, 0x0000000090000000|  0%| F|  |TAMS 0x000000008ff00000, 0x000000008ff00000| Untracked 
| 168|0x0000000090000000, 0x0000000090000000, 0x0000000090100000|  0%| F|  |TAMS 0x0000000090000000, 0x0000000090000000| Untracked 
| 169|0x0000000090100000, 0x000000009010b630, 0x0000000090200000|  4%| S|CS|TAMS 0x0000000090100000, 0x0000000090100000| Complete 
| 170|0x0000000090200000, 0x0000000090300000, 0x0000000090300000|100%| S|CS|TAMS 0x0000000090200000, 0x0000000090200000| Complete 
| 171|0x0000000090300000, 0x0000000090400000, 0x0000000090400000|100%| S|CS|TAMS 0x0000000090300000, 0x0000000090300000| Complete 
| 172|0x0000000090400000, 0x0000000090500000, 0x0000000090500000|100%| S|CS|TAMS 0x0000000090400000, 0x0000000090400000| Complete 
| 173|0x0000000090500000, 0x0000000090600000, 0x0000000090600000|100%| S|CS|TAMS 0x0000000090500000, 0x0000000090500000| Complete 
| 174|0x0000000090600000, 0x0000000090700000, 0x0000000090700000|100%| S|CS|TAMS 0x0000000090600000, 0x0000000090600000| Complete 
| 175|0x0000000090700000, 0x0000000090800000, 0x0000000090800000|100%| S|CS|TAMS 0x0000000090700000, 0x0000000090700000| Complete 
| 176|0x0000000090800000, 0x0000000090900000, 0x0000000090900000|100%| S|CS|TAMS 0x0000000090800000, 0x0000000090800000| Complete 
| 177|0x0000000090900000, 0x0000000090a00000, 0x0000000090a00000|100%| S|CS|TAMS 0x0000000090900000, 0x0000000090900000| Complete 
| 178|0x0000000090a00000, 0x0000000090b00000, 0x0000000090b00000|100%| S|CS|TAMS 0x0000000090a00000, 0x0000000090a00000| Complete 
| 179|0x0000000090b00000, 0x0000000090c00000, 0x0000000090c00000|100%| S|CS|TAMS 0x0000000090b00000, 0x0000000090b00000| Complete 
| 180|0x0000000090c00000, 0x0000000090d00000, 0x0000000090d00000|100%| S|CS|TAMS 0x0000000090c00000, 0x0000000090c00000| Complete 
| 181|0x0000000090d00000, 0x0000000090e00000, 0x0000000090e00000|100%| S|CS|TAMS 0x0000000090d00000, 0x0000000090d00000| Complete 
| 182|0x0000000090e00000, 0x0000000090e00000, 0x0000000090f00000|  0%| F|  |TAMS 0x0000000090e00000, 0x0000000090e00000| Untracked 
| 183|0x0000000090f00000, 0x0000000090f00000, 0x0000000091000000|  0%| F|  |TAMS 0x0000000090f00000, 0x0000000090f00000| Untracked 
| 184|0x0000000091000000, 0x0000000091000000, 0x0000000091100000|  0%| F|  |TAMS 0x0000000091000000, 0x0000000091000000| Untracked 
| 185|0x0000000091100000, 0x0000000091100000, 0x0000000091200000|  0%| F|  |TAMS 0x0000000091100000, 0x0000000091100000| Untracked 
| 186|0x0000000091200000, 0x0000000091200000, 0x0000000091300000|  0%| F|  |TAMS 0x0000000091200000, 0x0000000091200000| Untracked 
| 187|0x0000000091300000, 0x0000000091300000, 0x0000000091400000|  0%| F|  |TAMS 0x0000000091300000, 0x0000000091300000| Untracked 
| 188|0x0000000091400000, 0x0000000091400000, 0x0000000091500000|  0%| F|  |TAMS 0x0000000091400000, 0x0000000091400000| Untracked 
| 189|0x0000000091500000, 0x0000000091500000, 0x0000000091600000|  0%| F|  |TAMS 0x0000000091500000, 0x0000000091500000| Untracked 
| 190|0x0000000091600000, 0x0000000091600000, 0x0000000091700000|  0%| F|  |TAMS 0x0000000091600000, 0x0000000091600000| Untracked 
| 191|0x0000000091700000, 0x0000000091700000, 0x0000000091800000|  0%| F|  |TAMS 0x0000000091700000, 0x0000000091700000| Untracked 
| 192|0x0000000091800000, 0x0000000091800000, 0x0000000091900000|  0%| F|  |TAMS 0x0000000091800000, 0x0000000091800000| Untracked 
| 193|0x0000000091900000, 0x0000000091900000, 0x0000000091a00000|  0%| F|  |TAMS 0x0000000091900000, 0x0000000091900000| Untracked 
| 194|0x0000000091a00000, 0x0000000091a00000, 0x0000000091b00000|  0%| F|  |TAMS 0x0000000091a00000, 0x0000000091a00000| Untracked 
| 195|0x0000000091b00000, 0x0000000091b00000, 0x0000000091c00000|  0%| F|  |TAMS 0x0000000091b00000, 0x0000000091b00000| Untracked 
| 196|0x0000000091c00000, 0x0000000091c00000, 0x0000000091d00000|  0%| F|  |TAMS 0x0000000091c00000, 0x0000000091c00000| Untracked 
| 197|0x0000000091d00000, 0x0000000091d00000, 0x0000000091e00000|  0%| F|  |TAMS 0x0000000091d00000, 0x0000000091d00000| Untracked 
| 198|0x0000000091e00000, 0x0000000091e00000, 0x0000000091f00000|  0%| F|  |TAMS 0x0000000091e00000, 0x0000000091e00000| Untracked 
| 199|0x0000000091f00000, 0x0000000091f00000, 0x0000000092000000|  0%| F|  |TAMS 0x0000000091f00000, 0x0000000091f00000| Untracked 
| 200|0x0000000092000000, 0x0000000092000000, 0x0000000092100000|  0%| F|  |TAMS 0x0000000092000000, 0x0000000092000000| Untracked 
| 201|0x0000000092100000, 0x0000000092100000, 0x0000000092200000|  0%| F|  |TAMS 0x0000000092100000, 0x0000000092100000| Untracked 
| 202|0x0000000092200000, 0x0000000092200000, 0x0000000092300000|  0%| F|  |TAMS 0x0000000092200000, 0x0000000092200000| Untracked 
| 203|0x0000000092300000, 0x0000000092300000, 0x0000000092400000|  0%| F|  |TAMS 0x0000000092300000, 0x0000000092300000| Untracked 
| 204|0x0000000092400000, 0x0000000092400000, 0x0000000092500000|  0%| F|  |TAMS 0x0000000092400000, 0x0000000092400000| Untracked 
| 205|0x0000000092500000, 0x0000000092500000, 0x0000000092600000|  0%| F|  |TAMS 0x0000000092500000, 0x0000000092500000| Untracked 
| 206|0x0000000092600000, 0x0000000092600000, 0x0000000092700000|  0%| F|  |TAMS 0x0000000092600000, 0x0000000092600000| Untracked 
| 207|0x0000000092700000, 0x0000000092700000, 0x0000000092800000|  0%| F|  |TAMS 0x0000000092700000, 0x0000000092700000| Untracked 
| 208|0x0000000092800000, 0x0000000092800000, 0x0000000092900000|  0%| F|  |TAMS 0x0000000092800000, 0x0000000092800000| Untracked 
| 209|0x0000000092900000, 0x0000000092900000, 0x0000000092a00000|  0%| F|  |TAMS 0x0000000092900000, 0x0000000092900000| Untracked 
| 210|0x0000000092a00000, 0x0000000092a00000, 0x0000000092b00000|  0%| F|  |TAMS 0x0000000092a00000, 0x0000000092a00000| Untracked 
| 211|0x0000000092b00000, 0x0000000092b00000, 0x0000000092c00000|  0%| F|  |TAMS 0x0000000092b00000, 0x0000000092b00000| Untracked 
| 212|0x0000000092c00000, 0x0000000092c00000, 0x0000000092d00000|  0%| F|  |TAMS 0x0000000092c00000, 0x0000000092c00000| Untracked 
| 213|0x0000000092d00000, 0x0000000092d00000, 0x0000000092e00000|  0%| F|  |TAMS 0x0000000092d00000, 0x0000000092d00000| Untracked 
| 214|0x0000000092e00000, 0x0000000092e00000, 0x0000000092f00000|  0%| F|  |TAMS 0x0000000092e00000, 0x0000000092e00000| Untracked 
| 215|0x0000000092f00000, 0x0000000092f00000, 0x0000000093000000|  0%| F|  |TAMS 0x0000000092f00000, 0x0000000092f00000| Untracked 
| 216|0x0000000093000000, 0x0000000093000000, 0x0000000093100000|  0%| F|  |TAMS 0x0000000093000000, 0x0000000093000000| Untracked 
| 217|0x0000000093100000, 0x0000000093100000, 0x0000000093200000|  0%| F|  |TAMS 0x0000000093100000, 0x0000000093100000| Untracked 
| 218|0x0000000093200000, 0x0000000093200000, 0x0000000093300000|  0%| F|  |TAMS 0x0000000093200000, 0x0000000093200000| Untracked 
| 219|0x0000000093300000, 0x0000000093300000, 0x0000000093400000|  0%| F|  |TAMS 0x0000000093300000, 0x0000000093300000| Untracked 
| 220|0x0000000093400000, 0x0000000093400000, 0x0000000093500000|  0%| F|  |TAMS 0x0000000093400000, 0x0000000093400000| Untracked 
| 221|0x0000000093500000, 0x0000000093500000, 0x0000000093600000|  0%| F|  |TAMS 0x0000000093500000, 0x0000000093500000| Untracked 
| 222|0x0000000093600000, 0x0000000093600000, 0x0000000093700000|  0%| F|  |TAMS 0x0000000093600000, 0x0000000093600000| Untracked 
| 223|0x0000000093700000, 0x0000000093700000, 0x0000000093800000|  0%| F|  |TAMS 0x0000000093700000, 0x0000000093700000| Untracked 
| 224|0x0000000093800000, 0x0000000093800000, 0x0000000093900000|  0%| F|  |TAMS 0x0000000093800000, 0x0000000093800000| Untracked 
| 225|0x0000000093900000, 0x0000000093900000, 0x0000000093a00000|  0%| F|  |TAMS 0x0000000093900000, 0x0000000093900000| Untracked 
| 226|0x0000000093a00000, 0x0000000093a00000, 0x0000000093b00000|  0%| F|  |TAMS 0x0000000093a00000, 0x0000000093a00000| Untracked 
| 227|0x0000000093b00000, 0x0000000093b00000, 0x0000000093c00000|  0%| F|  |TAMS 0x0000000093b00000, 0x0000000093b00000| Untracked 
| 228|0x0000000093c00000, 0x0000000093c00000, 0x0000000093d00000|  0%| F|  |TAMS 0x0000000093c00000, 0x0000000093c00000| Untracked 
| 229|0x0000000093d00000, 0x0000000093d00000, 0x0000000093e00000|  0%| F|  |TAMS 0x0000000093d00000, 0x0000000093d00000| Untracked 
| 230|0x0000000093e00000, 0x0000000093e00000, 0x0000000093f00000|  0%| F|  |TAMS 0x0000000093e00000, 0x0000000093e00000| Untracked 
| 231|0x0000000093f00000, 0x0000000093f00000, 0x0000000094000000|  0%| F|  |TAMS 0x0000000093f00000, 0x0000000093f00000| Untracked 
| 232|0x0000000094000000, 0x0000000094000000, 0x0000000094100000|  0%| F|  |TAMS 0x0000000094000000, 0x0000000094000000| Untracked 
| 233|0x0000000094100000, 0x0000000094100000, 0x0000000094200000|  0%| F|  |TAMS 0x0000000094100000, 0x0000000094100000| Untracked 
| 234|0x0000000094200000, 0x0000000094200000, 0x0000000094300000|  0%| F|  |TAMS 0x0000000094200000, 0x0000000094200000| Untracked 
| 235|0x0000000094300000, 0x0000000094300000, 0x0000000094400000|  0%| F|  |TAMS 0x0000000094300000, 0x0000000094300000| Untracked 
| 236|0x0000000094400000, 0x0000000094400000, 0x0000000094500000|  0%| F|  |TAMS 0x0000000094400000, 0x0000000094400000| Untracked 
| 237|0x0000000094500000, 0x0000000094500000, 0x0000000094600000|  0%| F|  |TAMS 0x0000000094500000, 0x0000000094500000| Untracked 
| 238|0x0000000094600000, 0x0000000094600000, 0x0000000094700000|  0%| F|  |TAMS 0x0000000094600000, 0x0000000094600000| Untracked 
| 239|0x0000000094700000, 0x0000000094700000, 0x0000000094800000|  0%| F|  |TAMS 0x0000000094700000, 0x0000000094700000| Untracked 
| 240|0x0000000094800000, 0x0000000094800000, 0x0000000094900000|  0%| F|  |TAMS 0x0000000094800000, 0x0000000094800000| Untracked 
| 241|0x0000000094900000, 0x0000000094900000, 0x0000000094a00000|  0%| F|  |TAMS 0x0000000094900000, 0x0000000094900000| Untracked 
| 242|0x0000000094a00000, 0x0000000094a00000, 0x0000000094b00000|  0%| F|  |TAMS 0x0000000094a00000, 0x0000000094a00000| Untracked 
| 243|0x0000000094b00000, 0x0000000094b00000, 0x0000000094c00000|  0%| F|  |TAMS 0x0000000094b00000, 0x0000000094b00000| Untracked 
| 244|0x0000000094c00000, 0x0000000094c00000, 0x0000000094d00000|  0%| F|  |TAMS 0x0000000094c00000, 0x0000000094c00000| Untracked 
| 245|0x0000000094d00000, 0x0000000094d00000, 0x0000000094e00000|  0%| F|  |TAMS 0x0000000094d00000, 0x0000000094d00000| Untracked 
| 246|0x0000000094e00000, 0x0000000094e00000, 0x0000000094f00000|  0%| F|  |TAMS 0x0000000094e00000, 0x0000000094e00000| Untracked 
| 247|0x0000000094f00000, 0x0000000094f00000, 0x0000000095000000|  0%| F|  |TAMS 0x0000000094f00000, 0x0000000094f00000| Untracked 
| 248|0x0000000095000000, 0x0000000095000000, 0x0000000095100000|  0%| F|  |TAMS 0x0000000095000000, 0x0000000095000000| Untracked 
| 249|0x0000000095100000, 0x0000000095100000, 0x0000000095200000|  0%| F|  |TAMS 0x0000000095100000, 0x0000000095100000| Untracked 
| 250|0x0000000095200000, 0x0000000095200000, 0x0000000095300000|  0%| F|  |TAMS 0x0000000095200000, 0x0000000095200000| Untracked 
| 251|0x0000000095300000, 0x0000000095300000, 0x0000000095400000|  0%| F|  |TAMS 0x0000000095300000, 0x0000000095300000| Untracked 
| 252|0x0000000095400000, 0x0000000095400000, 0x0000000095500000|  0%| F|  |TAMS 0x0000000095400000, 0x0000000095400000| Untracked 
| 253|0x0000000095500000, 0x0000000095500000, 0x0000000095600000|  0%| F|  |TAMS 0x0000000095500000, 0x0000000095500000| Untracked 
| 254|0x0000000095600000, 0x0000000095600000, 0x0000000095700000|  0%| F|  |TAMS 0x0000000095600000, 0x0000000095600000| Untracked 
| 255|0x0000000095700000, 0x0000000095700000, 0x0000000095800000|  0%| F|  |TAMS 0x0000000095700000, 0x0000000095700000| Untracked 
| 256|0x0000000095800000, 0x0000000095800000, 0x0000000095900000|  0%| F|  |TAMS 0x0000000095800000, 0x0000000095800000| Untracked 
| 257|0x0000000095900000, 0x0000000095900000, 0x0000000095a00000|  0%| F|  |TAMS 0x0000000095900000, 0x0000000095900000| Untracked 
| 258|0x0000000095a00000, 0x0000000095a00000, 0x0000000095b00000|  0%| F|  |TAMS 0x0000000095a00000, 0x0000000095a00000| Untracked 
| 259|0x0000000095b00000, 0x0000000095b00000, 0x0000000095c00000|  0%| F|  |TAMS 0x0000000095b00000, 0x0000000095b00000| Untracked 
| 260|0x0000000095c00000, 0x0000000095d00000, 0x0000000095d00000|100%| E|  |TAMS 0x0000000095c00000, 0x0000000095c00000| Complete 
| 261|0x0000000095d00000, 0x0000000095e00000, 0x0000000095e00000|100%| E|CS|TAMS 0x0000000095d00000, 0x0000000095d00000| Complete 
| 262|0x0000000095e00000, 0x0000000095f00000, 0x0000000095f00000|100%| E|CS|TAMS 0x0000000095e00000, 0x0000000095e00000| Complete 
| 263|0x0000000095f00000, 0x0000000096000000, 0x0000000096000000|100%| E|CS|TAMS 0x0000000095f00000, 0x0000000095f00000| Complete 
| 264|0x0000000096000000, 0x0000000096100000, 0x0000000096100000|100%| E|CS|TAMS 0x0000000096000000, 0x0000000096000000| Complete 
| 265|0x0000000096100000, 0x0000000096200000, 0x0000000096200000|100%| E|CS|TAMS 0x0000000096100000, 0x0000000096100000| Complete 
| 266|0x0000000096200000, 0x0000000096300000, 0x0000000096300000|100%| E|CS|TAMS 0x0000000096200000, 0x0000000096200000| Complete 
| 267|0x0000000096300000, 0x0000000096400000, 0x0000000096400000|100%| E|CS|TAMS 0x0000000096300000, 0x0000000096300000| Complete 
| 268|0x0000000096400000, 0x0000000096500000, 0x0000000096500000|100%| E|CS|TAMS 0x0000000096400000, 0x0000000096400000| Complete 
| 269|0x0000000096500000, 0x0000000096600000, 0x0000000096600000|100%| E|CS|TAMS 0x0000000096500000, 0x0000000096500000| Complete 
| 270|0x0000000096600000, 0x0000000096700000, 0x0000000096700000|100%| E|CS|TAMS 0x0000000096600000, 0x0000000096600000| Complete 
| 271|0x0000000096700000, 0x0000000096800000, 0x0000000096800000|100%| E|CS|TAMS 0x0000000096700000, 0x0000000096700000| Complete 
| 272|0x0000000096800000, 0x0000000096900000, 0x0000000096900000|100%| E|CS|TAMS 0x0000000096800000, 0x0000000096800000| Complete 
| 273|0x0000000096900000, 0x0000000096a00000, 0x0000000096a00000|100%| E|CS|TAMS 0x0000000096900000, 0x0000000096900000| Complete 
| 274|0x0000000096a00000, 0x0000000096b00000, 0x0000000096b00000|100%| E|CS|TAMS 0x0000000096a00000, 0x0000000096a00000| Complete 
| 275|0x0000000096b00000, 0x0000000096c00000, 0x0000000096c00000|100%| E|CS|TAMS 0x0000000096b00000, 0x0000000096b00000| Complete 
| 276|0x0000000096c00000, 0x0000000096d00000, 0x0000000096d00000|100%| E|CS|TAMS 0x0000000096c00000, 0x0000000096c00000| Complete 
| 277|0x0000000096d00000, 0x0000000096e00000, 0x0000000096e00000|100%| E|CS|TAMS 0x0000000096d00000, 0x0000000096d00000| Complete 
| 278|0x0000000096e00000, 0x0000000096f00000, 0x0000000096f00000|100%| E|CS|TAMS 0x0000000096e00000, 0x0000000096e00000| Complete 
| 279|0x0000000096f00000, 0x0000000097000000, 0x0000000097000000|100%| E|CS|TAMS 0x0000000096f00000, 0x0000000096f00000| Complete 
| 280|0x0000000097000000, 0x0000000097100000, 0x0000000097100000|100%| E|CS|TAMS 0x0000000097000000, 0x0000000097000000| Complete 
| 281|0x0000000097100000, 0x0000000097200000, 0x0000000097200000|100%| E|CS|TAMS 0x0000000097100000, 0x0000000097100000| Complete 
| 282|0x0000000097200000, 0x0000000097300000, 0x0000000097300000|100%| E|CS|TAMS 0x0000000097200000, 0x0000000097200000| Complete 
| 283|0x0000000097300000, 0x0000000097400000, 0x0000000097400000|100%| E|CS|TAMS 0x0000000097300000, 0x0000000097300000| Complete 
| 284|0x0000000097400000, 0x0000000097500000, 0x0000000097500000|100%| E|CS|TAMS 0x0000000097400000, 0x0000000097400000| Complete 
| 285|0x0000000097500000, 0x0000000097600000, 0x0000000097600000|100%| E|CS|TAMS 0x0000000097500000, 0x0000000097500000| Complete 
| 286|0x0000000097600000, 0x0000000097700000, 0x0000000097700000|100%| E|CS|TAMS 0x0000000097600000, 0x0000000097600000| Complete 
| 287|0x0000000097700000, 0x0000000097800000, 0x0000000097800000|100%| E|CS|TAMS 0x0000000097700000, 0x0000000097700000| Complete 
| 288|0x0000000097800000, 0x0000000097900000, 0x0000000097900000|100%| E|CS|TAMS 0x0000000097800000, 0x0000000097800000| Complete 
| 289|0x0000000097900000, 0x0000000097a00000, 0x0000000097a00000|100%| E|CS|TAMS 0x0000000097900000, 0x0000000097900000| Complete 
| 290|0x0000000097a00000, 0x0000000097b00000, 0x0000000097b00000|100%| E|CS|TAMS 0x0000000097a00000, 0x0000000097a00000| Complete 
| 291|0x0000000097b00000, 0x0000000097c00000, 0x0000000097c00000|100%| E|CS|TAMS 0x0000000097b00000, 0x0000000097b00000| Complete 
| 292|0x0000000097c00000, 0x0000000097d00000, 0x0000000097d00000|100%| E|CS|TAMS 0x0000000097c00000, 0x0000000097c00000| Complete 
| 293|0x0000000097d00000, 0x0000000097e00000, 0x0000000097e00000|100%| E|CS|TAMS 0x0000000097d00000, 0x0000000097d00000| Complete 
| 294|0x0000000097e00000, 0x0000000097f00000, 0x0000000097f00000|100%| E|CS|TAMS 0x0000000097e00000, 0x0000000097e00000| Complete 
| 295|0x0000000097f00000, 0x0000000098000000, 0x0000000098000000|100%| E|CS|TAMS 0x0000000097f00000, 0x0000000097f00000| Complete 
| 296|0x0000000098000000, 0x0000000098100000, 0x0000000098100000|100%| E|  |TAMS 0x0000000098000000, 0x0000000098000000| Complete 
| 297|0x0000000098100000, 0x0000000098200000, 0x0000000098200000|100%| E|CS|TAMS 0x0000000098100000, 0x0000000098100000| Complete 
| 298|0x0000000098200000, 0x0000000098300000, 0x0000000098300000|100%| E|CS|TAMS 0x0000000098200000, 0x0000000098200000| Complete 
| 299|0x0000000098300000, 0x0000000098400000, 0x0000000098400000|100%| E|CS|TAMS 0x0000000098300000, 0x0000000098300000| Complete 
| 300|0x0000000098400000, 0x0000000098500000, 0x0000000098500000|100%| E|CS|TAMS 0x0000000098400000, 0x0000000098400000| Complete 
|1944|0x00000000ff000000, 0x00000000ff100000, 0x00000000ff100000|100%| O|  |TAMS 0x00000000ff100000, 0x00000000ff000000| Untracked 
|1945|0x00000000ff100000, 0x00000000ff200000, 0x00000000ff200000|100%| O|  |TAMS 0x00000000ff200000, 0x00000000ff100000| Untracked 
|1946|0x00000000ff200000, 0x00000000ff300000, 0x00000000ff300000|100%| O|  |TAMS 0x00000000ff300000, 0x00000000ff200000| Untracked 
|1947|0x00000000ff300000, 0x00000000ff400000, 0x00000000ff400000|100%| O|  |TAMS 0x00000000ff400000, 0x00000000ff300000| Untracked 
|1948|0x00000000ff400000, 0x00000000ff500000, 0x00000000ff500000|100%| O|  |TAMS 0x00000000ff500000, 0x00000000ff400000| Untracked 
|1949|0x00000000ff500000, 0x00000000ff600000, 0x00000000ff600000|100%| O|  |TAMS 0x00000000ff600000, 0x00000000ff500000| Untracked 
|1950|0x00000000ff600000, 0x00000000ff700000, 0x00000000ff700000|100%| O|  |TAMS 0x00000000ff700000, 0x00000000ff600000| Untracked 
|1951|0x00000000ff700000, 0x00000000ff800000, 0x00000000ff800000|100%| O|  |TAMS 0x00000000ff800000, 0x00000000ff700000| Untracked 
|1952|0x00000000ff800000, 0x00000000ff900000, 0x00000000ff900000|100%| O|  |TAMS 0x00000000ff900000, 0x00000000ff800000| Untracked 
|1953|0x00000000ff900000, 0x00000000ffa00000, 0x00000000ffa00000|100%| O|  |TAMS 0x00000000ffa00000, 0x00000000ff900000| Untracked 
|1954|0x00000000ffa00000, 0x00000000ffb00000, 0x00000000ffb00000|100%| O|  |TAMS 0x00000000ffb00000, 0x00000000ffa00000| Untracked 
|1955|0x00000000ffb00000, 0x00000000ffc00000, 0x00000000ffc00000|100%| O|  |TAMS 0x00000000ffc00000, 0x00000000ffb00000| Untracked 
|1956|0x00000000ffc00000, 0x00000000ffd00000, 0x00000000ffd00000|100%| O|  |TAMS 0x00000000ffd00000, 0x00000000ffc00000| Untracked 
|1957|0x00000000ffd00000, 0x00000000ffe00000, 0x00000000ffe00000|100%| O|  |TAMS 0x00000000ffe00000, 0x00000000ffd00000| Untracked 
|1958|0x00000000ffe00000, 0x00000000fff00000, 0x00000000fff00000|100%| O|  |TAMS 0x00000000fff00000, 0x00000000ffe00000| Untracked 
|1959|0x00000000fff00000, 0x0000000100000000, 0x0000000100000000|100%| O|  |TAMS 0x0000000100000000, 0x00000000fff00000| Untracked 

Card table byte_map: [0x000001a8b1330000,0x000001a8b1710000] _byte_map_base: 0x000001a8b0f04000

Marking Bits (Prev, Next): (CMBitMap*) 0x000001a89a3db8e0, (CMBitMap*) 0x000001a89a3db8a0
 Prev Bits: [0x000001a8b3990000, 0x000001a8b5830000)
 Next Bits: [0x000001a8b1af0000, 0x000001a8b3990000)

Polling page: 0x000001a898300000

Metaspace:

Usage:
  Non-class:     30.47 MB used.
      Class:      3.90 MB used.
       Both:     34.37 MB used.

Virtual space:
  Non-class space:       64.00 MB reserved,      30.69 MB ( 48%) committed,  1 nodes.
      Class space:        1.00 GB reserved,       4.06 MB ( <1%) committed,  1 nodes.
             Both:        1.06 GB reserved,      34.75 MB (  3%) committed. 

Chunk freelists:
   Non-Class:  1.25 MB
       Class:  11.73 MB
        Both:  12.98 MB

MaxMetaspaceSize: unlimited
CompressedClassSpaceSize: 1.00 GB
Initial GC threshold: 21.00 MB
Current GC threshold: 47.94 MB
CDS: on
MetaspaceReclaimPolicy: balanced
 - commit_granule_bytes: 65536.
 - commit_granule_words: 8192.
 - virtual_space_node_default_size: 8388608.
 - enlarge_chunks_in_place: 1.
 - new_chunks_are_fully_committed: 0.
 - uncommit_free_chunks: 1.
 - use_allocation_guard: 0.
 - handle_deallocations: 1.


Internal statistics:

num_allocs_failed_limit: 3.
num_arena_births: 248.
num_arena_deaths: 6.
num_vsnodes_births: 2.
num_vsnodes_deaths: 0.
num_space_committed: 571.
num_space_uncommitted: 15.
num_chunks_returned_to_freelist: 72.
num_chunks_taken_from_freelist: 1626.
num_chunk_merges: 20.
num_chunk_splits: 1125.
num_chunks_enlarged: 868.
num_purges: 2.
num_inconsistent_stats: 0.

CodeHeap 'non-profiled nmethods': size=120000Kb used=4726Kb max_used=5070Kb free=115273Kb
 bounds [0x000001a8a96f0000, 0x000001a8a9bf0000, 0x000001a8b0c20000]
CodeHeap 'profiled nmethods': size=120000Kb used=14965Kb max_used=16007Kb free=105034Kb
 bounds [0x000001a8a1c20000, 0x000001a8a2bd0000, 0x000001a8a9150000]
CodeHeap 'non-nmethods': size=5760Kb used=1252Kb max_used=1305Kb free=4507Kb
 bounds [0x000001a8a9150000, 0x000001a8a93c0000, 0x000001a8a96f0000]
 total_blobs=7514 nmethods=6963 adapters=463
 compilation: enabled
              stopped_count=0, restarted_count=0
 full_count=0

Compilation events (20 events):
Event: 27.547 Thread 0x000001a8b824e8f0 nmethod 8163 0x000001a8a96f9190 code [0x000001a8a96f9320, 0x000001a8a96f93f8]
Event: 27.547 Thread 0x000001a8b824e8f0 8164       1       org.apache.commons.text.StringSubstitutor::getVariableSuffixMatcher (5 bytes)
Event: 27.547 Thread 0x000001a8b824e8f0 nmethod 8164 0x000001a8a970a290 code [0x000001a8a970a420, 0x000001a8a970a4f8]
Event: 27.547 Thread 0x000001a8b824e8f0 8165       1       org.apache.commons.text.StringSubstitutor::getEscapeChar (5 bytes)
Event: 27.548 Thread 0x000001a8b824e8f0 nmethod 8165 0x000001a8a9a98310 code [0x000001a8a9a984a0, 0x000001a8a9a98578]
Event: 27.548 Thread 0x000001a8b824e8f0 8166       1       org.apache.commons.text.StringSubstitutor::getValueDelimiterMatcher (5 bytes)
Event: 27.548 Thread 0x000001a8b824e8f0 nmethod 8166 0x000001a8a9704c90 code [0x000001a8a9704e20, 0x000001a8a9704ef8]
Event: 27.548 Thread 0x000001a8b824e8f0 8167       1       org.apache.commons.text.StringSubstitutor::isEnableSubstitutionInVariables (5 bytes)
Event: 27.548 Thread 0x000001a8b824e8f0 nmethod 8167 0x000001a8a982eb90 code [0x000001a8a982ed20, 0x000001a8a982edf8]
Event: 27.548 Thread 0x000001a8b824e8f0 8168       1       org.apache.commons.text.StringSubstitutor::isDisableSubstitutionInValues (5 bytes)
Event: 27.548 Thread 0x000001a8b824e8f0 nmethod 8168 0x000001a8a97fe390 code [0x000001a8a97fe520, 0x000001a8a97fe5f8]
Event: 27.548 Thread 0x000001a8b824e8f0 8169       1       org.apache.commons.text.StringSubstitutor::isEnableUndefinedVariableException (5 bytes)
Event: 27.548 Thread 0x000001a8b824e8f0 nmethod 8169 0x000001a8a97fe090 code [0x000001a8a97fe220, 0x000001a8a97fe2f8]
Event: 27.548 Thread 0x000001a8b824e8f0 8170       1       org.apache.commons.text.StringSubstitutor::isPreserveEscapes (5 bytes)
Event: 27.548 Thread 0x000001a8b824e8f0 nmethod 8170 0x000001a8a9827790 code [0x000001a8a9827920, 0x000001a8a98279f8]
Event: 27.576 Thread 0x000001a8b824e8f0 8173       3       java.util.regex.Pattern::range (294 bytes)
Event: 27.577 Thread 0x000001a8b824e8f0 nmethod 8173 0x000001a8a2244690 code [0x000001a8a2244b00, 0x000001a8a22469b8]
Event: 27.577 Thread 0x000001a8b824e8f0 8175       3       java.util.concurrent.ConcurrentHashMap::sumCount (60 bytes)
Event: 27.578 Thread 0x000001a8b824e8f0 nmethod 8175 0x000001a8a1d07e90 code [0x000001a8a1d08040, 0x000001a8a1d08298]
Event: 27.578 Thread 0x000001a8b824e8f0 8174       3       java.lang.invoke.MethodTypeForm::cachedLambdaForm (23 bytes)

GC Heap History (20 events):
Event: 17.407 GC heap before
{Heap before GC invocations=7 (full 0):
 garbage-first heap   total 81920K, used 66176K [0x0000000085800000, 0x0000000100000000)
  region size 1024K, 52 young (53248K), 8 survivors (8192K)
 Metaspace       used 25641K, committed 25920K, reserved 1114112K
  class space    used 2911K, committed 3008K, reserved 1048576K
}
Event: 17.433 GC heap after
{Heap after GC invocations=8 (full 0):
 garbage-first heap   total 98304K, used 44734K [0x0000000085800000, 0x0000000100000000)
  region size 1024K, 10 young (10240K), 10 survivors (10240K)
 Metaspace       used 25641K, committed 25920K, reserved 1114112K
  class space    used 2911K, committed 3008K, reserved 1048576K
}
Event: 18.021 GC heap before
{Heap before GC invocations=8 (full 0):
 garbage-first heap   total 98304K, used 71358K [0x0000000085800000, 0x0000000100000000)
  region size 1024K, 36 young (36864K), 10 survivors (10240K)
 Metaspace       used 26115K, committed 26432K, reserved 1114112K
  class space    used 2974K, committed 3072K, reserved 1048576K
}
Event: 18.039 GC heap after
{Heap after GC invocations=9 (full 0):
 garbage-first heap   total 118784K, used 53817K [0x0000000085800000, 0x0000000100000000)
  region size 1024K, 5 young (5120K), 5 survivors (5120K)
 Metaspace       used 26115K, committed 26432K, reserved 1114112K
  class space    used 2974K, committed 3072K, reserved 1048576K
}
Event: 20.314 GC heap before
{Heap before GC invocations=9 (full 0):
 garbage-first heap   total 118784K, used 83513K [0x0000000085800000, 0x0000000100000000)
  region size 1024K, 35 young (35840K), 5 survivors (5120K)
 Metaspace       used 27860K, committed 28224K, reserved 1114112K
  class space    used 3174K, committed 3328K, reserved 1048576K
}
Event: 20.327 GC heap after
{Heap after GC invocations=10 (full 0):
 garbage-first heap   total 118784K, used 56320K [0x0000000085800000, 0x0000000100000000)
  region size 1024K, 2 young (2048K), 2 survivors (2048K)
 Metaspace       used 27860K, committed 28224K, reserved 1114112K
  class space    used 3174K, committed 3328K, reserved 1048576K
}
Event: 22.496 GC heap before
{Heap before GC invocations=10 (full 0):
 garbage-first heap   total 118784K, used 88064K [0x0000000085800000, 0x0000000100000000)
  region size 1024K, 33 young (33792K), 2 survivors (2048K)
 Metaspace       used 29060K, committed 29440K, reserved 1114112K
  class space    used 3295K, committed 3456K, reserved 1048576K
}
Event: 22.503 GC heap after
{Heap after GC invocations=11 (full 0):
 garbage-first heap   total 118784K, used 66048K [0x0000000085800000, 0x0000000100000000)
  region size 1024K, 5 young (5120K), 5 survivors (5120K)
 Metaspace       used 29060K, committed 29440K, reserved 1114112K
  class space    used 3295K, committed 3456K, reserved 1048576K
}
Event: 22.929 GC heap before
{Heap before GC invocations=12 (full 0):
 garbage-first heap   total 118784K, used 87552K [0x0000000085800000, 0x0000000100000000)
  region size 1024K, 27 young (27648K), 5 survivors (5120K)
 Metaspace       used 29125K, committed 29504K, reserved 1114112K
  class space    used 3296K, committed 3456K, reserved 1048576K
}
Event: 22.938 GC heap after
{Heap after GC invocations=13 (full 0):
 garbage-first heap   total 118784K, used 75659K [0x0000000085800000, 0x0000000100000000)
  region size 1024K, 4 young (4096K), 4 survivors (4096K)
 Metaspace       used 29125K, committed 29504K, reserved 1114112K
  class space    used 3296K, committed 3456K, reserved 1048576K
}
Event: 22.940 GC heap before
{Heap before GC invocations=13 (full 0):
 garbage-first heap   total 118784K, used 76683K [0x0000000085800000, 0x0000000100000000)
  region size 1024K, 5 young (5120K), 4 survivors (4096K)
 Metaspace       used 29125K, committed 29504K, reserved 1114112K
  class space    used 3296K, committed 3456K, reserved 1048576K
}
Event: 22.944 GC heap after
{Heap after GC invocations=14 (full 0):
 garbage-first heap   total 118784K, used 71947K [0x0000000085800000, 0x0000000100000000)
  region size 1024K, 1 young (1024K), 1 survivors (1024K)
 Metaspace       used 29125K, committed 29504K, reserved 1114112K
  class space    used 3296K, committed 3456K, reserved 1048576K
}
Event: 23.252 GC heap before
{Heap before GC invocations=14 (full 0):
 garbage-first heap   total 118784K, used 89355K [0x0000000085800000, 0x0000000100000000)
  region size 1024K, 18 young (18432K), 1 survivors (1024K)
 Metaspace       used 29137K, committed 29504K, reserved 1114112K
  class space    used 3296K, committed 3456K, reserved 1048576K
}
Event: 23.256 GC heap after
{Heap after GC invocations=15 (full 0):
 garbage-first heap   total 118784K, used 78686K [0x0000000085800000, 0x0000000100000000)
  region size 1024K, 3 young (3072K), 3 survivors (3072K)
 Metaspace       used 29137K, committed 29504K, reserved 1114112K
  class space    used 3296K, committed 3456K, reserved 1048576K
}
Event: 23.581 GC heap before
{Heap before GC invocations=16 (full 0):
 garbage-first heap   total 135168K, used 90974K [0x0000000085800000, 0x0000000100000000)
  region size 1024K, 16 young (16384K), 3 survivors (3072K)
 Metaspace       used 27803K, committed 28544K, reserved 1114112K
  class space    used 3139K, committed 3392K, reserved 1048576K
}
Event: 23.586 GC heap after
{Heap after GC invocations=17 (full 0):
 garbage-first heap   total 135168K, used 83629K [0x0000000085800000, 0x0000000100000000)
  region size 1024K, 2 young (2048K), 2 survivors (2048K)
 Metaspace       used 27803K, committed 28544K, reserved 1114112K
  class space    used 3139K, committed 3392K, reserved 1048576K
}
Event: 23.662 GC heap before
{Heap before GC invocations=17 (full 0):
 garbage-first heap   total 135168K, used 86701K [0x0000000085800000, 0x0000000100000000)
  region size 1024K, 6 young (6144K), 2 survivors (2048K)
 Metaspace       used 27878K, committed 28544K, reserved 1114112K
  class space    used 3140K, committed 3392K, reserved 1048576K
}
Event: 23.668 GC heap after
{Heap after GC invocations=18 (full 0):
 garbage-first heap   total 324608K, used 79815K [0x0000000085800000, 0x0000000100000000)
  region size 1024K, 1 young (1024K), 1 survivors (1024K)
 Metaspace       used 27878K, committed 28544K, reserved 1114112K
  class space    used 3140K, committed 3392K, reserved 1048576K
}
Event: 26.910 GC heap before
{Heap before GC invocations=18 (full 0):
 garbage-first heap   total 324608K, used 225223K [0x0000000085800000, 0x0000000100000000)
  region size 1024K, 120 young (122880K), 1 survivors (1024K)
 Metaspace       used 33049K, committed 33536K, reserved 1114112K
  class space    used 3777K, committed 3968K, reserved 1048576K
}
Event: 26.915 GC heap after
{Heap after GC invocations=19 (full 0):
 garbage-first heap   total 324608K, used 91495K [0x0000000085800000, 0x0000000100000000)
  region size 1024K, 13 young (13312K), 13 survivors (13312K)
 Metaspace       used 33049K, committed 33536K, reserved 1114112K
  class space    used 3777K, committed 3968K, reserved 1048576K
}

Deoptimization events (20 events):
Event: 27.522 Thread 0x000001a89a382a30 Uncommon trap: trap_request=0xffffffde fr.pc=0x000001a8a9af6d38 relative=0x0000000000000618
Event: 27.522 Thread 0x000001a89a382a30 Uncommon trap: reason=class_check action=maybe_recompile pc=0x000001a8a9af6d38 method=java.util.ComparableTimSort.binarySort([Ljava/lang/Object;III)V @ 40 c2
Event: 27.522 Thread 0x000001a89a382a30 DEOPT PACKING pc=0x000001a8a9af6d38 sp=0x00000004f19fd4a0
Event: 27.522 Thread 0x000001a89a382a30 DEOPT UNPACKING pc=0x000001a8a91a5ba3 sp=0x00000004f19fd450 mode 2
Event: 27.522 Thread 0x000001a89a382a30 Uncommon trap: trap_request=0xffffffde fr.pc=0x000001a8a9af6d38 relative=0x0000000000000618
Event: 27.522 Thread 0x000001a89a382a30 Uncommon trap: reason=class_check action=maybe_recompile pc=0x000001a8a9af6d38 method=java.util.ComparableTimSort.binarySort([Ljava/lang/Object;III)V @ 40 c2
Event: 27.522 Thread 0x000001a89a382a30 DEOPT PACKING pc=0x000001a8a9af6d38 sp=0x00000004f19fd4a0
Event: 27.522 Thread 0x000001a89a382a30 DEOPT UNPACKING pc=0x000001a8a91a5ba3 sp=0x00000004f19fd450 mode 2
Event: 27.522 Thread 0x000001a89a382a30 Uncommon trap: trap_request=0xffffffde fr.pc=0x000001a8a9af6d38 relative=0x0000000000000618
Event: 27.522 Thread 0x000001a89a382a30 Uncommon trap: reason=class_check action=maybe_recompile pc=0x000001a8a9af6d38 method=java.util.ComparableTimSort.binarySort([Ljava/lang/Object;III)V @ 40 c2
Event: 27.522 Thread 0x000001a89a382a30 DEOPT PACKING pc=0x000001a8a9af6d38 sp=0x00000004f19fd4a0
Event: 27.522 Thread 0x000001a89a382a30 DEOPT UNPACKING pc=0x000001a8a91a5ba3 sp=0x00000004f19fd450 mode 2
Event: 27.524 Thread 0x000001a89a382a30 Uncommon trap: trap_request=0xffffff45 fr.pc=0x000001a8a99163c4 relative=0x00000000000007c4
Event: 27.524 Thread 0x000001a89a382a30 Uncommon trap: reason=unstable_if action=reinterpret pc=0x000001a8a99163c4 method=java.util.Properties$LineReader.readLine()I @ 226 c2
Event: 27.524 Thread 0x000001a89a382a30 DEOPT PACKING pc=0x000001a8a99163c4 sp=0x00000004f19fd8a0
Event: 27.524 Thread 0x000001a89a382a30 DEOPT UNPACKING pc=0x000001a8a91a5ba3 sp=0x00000004f19fd840 mode 2
Event: 27.540 Thread 0x000001a89a382a30 Uncommon trap: trap_request=0xffffff45 fr.pc=0x000001a8a9863e68 relative=0x00000000000002c8
Event: 27.540 Thread 0x000001a89a382a30 Uncommon trap: reason=unstable_if action=reinterpret pc=0x000001a8a9863e68 method=java.lang.String.getChars(II[CI)V @ 23 c2
Event: 27.540 Thread 0x000001a89a382a30 DEOPT PACKING pc=0x000001a8a9863e68 sp=0x00000004f19fd700
Event: 27.540 Thread 0x000001a89a382a30 DEOPT UNPACKING pc=0x000001a8a91a5ba3 sp=0x00000004f19fd6c0 mode 2

Classes unloaded (20 events):
Event: 23.287 Thread 0x000001a8b82357d0 Unloading class 0x000001a8ba316c00 'lombok/javac/apt/LombokFileObject'
Event: 23.287 Thread 0x000001a8b82357d0 Unloading class 0x000001a8ba316a00 'lombok/javac/apt/LombokFileObjects'
Event: 23.287 Thread 0x000001a8b82357d0 Unloading class 0x000001a8ba3167c8 'lombok/javac/apt/MessagerDiagnosticsReceiver'
Event: 23.287 Thread 0x000001a8b82357d0 Unloading class 0x000001a8ba316420 'lombok/javac/apt/InterceptingJavaFileManager'
Event: 23.287 Thread 0x000001a8b82357d0 Unloading class 0x000001a8ba316218 'lombok/permit/dummy/Parent'
Event: 23.287 Thread 0x000001a8b82357d0 Unloading class 0x000001a8ba316000 'lombok/core/CleanupRegistry'
Event: 23.287 Thread 0x000001a8b82357d0 Unloading class 0x000001a8ba315ce8 'lombok/permit/Permit$Fake'
Event: 23.287 Thread 0x000001a8b82357d0 Unloading class 0x000001a8ba315ae8 'lombok/permit/Permit'
Event: 23.287 Thread 0x000001a8b82357d0 Unloading class 0x000001a8ba314d88 'lombok/core/DiagnosticsReceiver'
Event: 23.287 Thread 0x000001a8b82357d0 Unloading class 0x000001a8ba315800 'lombok/javac/apt/LombokProcessor$1'
Event: 23.287 Thread 0x000001a8b82357d0 Unloading class 0x000001a8ba314af0 'lombok/javac/apt/LombokProcessor'
Event: 23.287 Thread 0x000001a8b82357d0 Unloading class 0x000001a8ba3148c0 'lombok/core/AnnotationProcessor$EcjDescriptor'
Event: 23.287 Thread 0x000001a8b82357d0 Unloading class 0x000001a8ba314688 'lombok/core/AnnotationProcessor$JavacDescriptor'
Event: 23.287 Thread 0x000001a8b82357d0 Unloading class 0x000001a8ba314280 'lombok/core/AnnotationProcessor$ProcessorDescriptor'
Event: 23.287 Thread 0x000001a8b82357d0 Unloading class 0x000001a8ba314000 'lombok/core/AnnotationProcessor'
Event: 23.287 Thread 0x000001a8b82357d0 Unloading class 0x000001a8ba315200 'lombok/launch/AnnotationProcessorHider$ClaimingProcessor'
Event: 23.287 Thread 0x000001a8b82357d0 Unloading class 0x000001a8ba315000 'lombok/launch/AnnotationProcessorHider$AstModificationNotifierData'
Event: 23.287 Thread 0x000001a8b82357d0 Unloading class 0x000001a8ba2e8480 'lombok/launch/ShadowClassLoader'
Event: 23.287 Thread 0x000001a8b82357d0 Unloading class 0x000001a8ba2e8280 'lombok/launch/Main'
Event: 23.287 Thread 0x000001a8b82357d0 Unloading class 0x000001a8ba2e8000 'lombok/launch/AnnotationProcessorHider$AnnotationProcessor'

Classes redefined (0 events):
No events

Internal exceptions (20 events):
Event: 25.297 Thread 0x000001a89a382a30 Exception <a 'sun/nio/fs/WindowsException'{0x00000000965d1178}> (0x00000000965d1178) 
thrown [s\open\src\hotspot\share\prims\jni.cpp, line 516]
Event: 25.297 Thread 0x000001a89a382a30 Exception <a 'sun/nio/fs/WindowsException'{0x00000000965d1848}> (0x00000000965d1848) 
thrown [s\open\src\hotspot\share\prims\jni.cpp, line 516]
Event: 25.297 Thread 0x000001a89a382a30 Exception <a 'sun/nio/fs/WindowsException'{0x00000000965d2128}> (0x00000000965d2128) 
thrown [s\open\src\hotspot\share\prims\jni.cpp, line 516]
Event: 25.297 Thread 0x000001a89a382a30 Exception <a 'sun/nio/fs/WindowsException'{0x00000000965d2890}> (0x00000000965d2890) 
thrown [s\open\src\hotspot\share\prims\jni.cpp, line 516]
Event: 25.310 Thread 0x000001a89a382a30 Exception <a 'sun/nio/fs/WindowsException'{0x00000000964f2590}> (0x00000000964f2590) 
thrown [s\open\src\hotspot\share\prims\jni.cpp, line 516]
Event: 25.311 Thread 0x000001a89a382a30 Exception <a 'sun/nio/fs/WindowsException'{0x00000000964f2c60}> (0x00000000964f2c60) 
thrown [s\open\src\hotspot\share\prims\jni.cpp, line 516]
Event: 25.311 Thread 0x000001a89a382a30 Exception <a 'sun/nio/fs/WindowsException'{0x00000000964f3540}> (0x00000000964f3540) 
thrown [s\open\src\hotspot\share\prims\jni.cpp, line 516]
Event: 25.311 Thread 0x000001a89a382a30 Exception <a 'sun/nio/fs/WindowsException'{0x00000000964f3ca8}> (0x00000000964f3ca8) 
thrown [s\open\src\hotspot\share\prims\jni.cpp, line 516]
Event: 25.790 Thread 0x000001a89a382a30 Exception <a 'java/lang/NoSuchMethodError'{0x000000009475ccc0}: 'void java.lang.invoke.DirectMethodHandle$Holder.invokeStaticInit(java.lang.Object, java.lang.Object)'> (0x000000009475ccc0) 
thrown [s\open\src\hotspot\share\interpreter\linkResolver.cpp, line 759]
Event: 26.224 Thread 0x000001a8b8eb8cd0 Implicit null exception at 0x000001a8a98db157 to 0x000001a8a98db9d4
Event: 26.861 Thread 0x000001a8b8eb8330 Exception <a 'java/lang/NoSuchMethodError'{0x00000000922767b8}: 'java.lang.Object java.lang.invoke.DirectMethodHandle$Holder.invokeStaticInit(java.lang.Object, java.lang.Object, int, int, int, int)'> (0x00000000922767b8) 
thrown [s\open\src\hotspot\share\interpreter\linkResolver.cpp, line 759]
Event: 26.971 Thread 0x000001a8b8eb8330 Exception <a 'java/lang/NoSuchMethodError'{0x0000000097e74fa8}: 'void java.lang.invoke.DirectMethodHandle$Holder.invokeStatic(java.lang.Object, long)'> (0x0000000097e74fa8) 
thrown [s\open\src\hotspot\share\interpreter\linkResolver.cpp, line 759]
Event: 26.972 Thread 0x000001a8b8eb8330 Exception <a 'java/lang/NoSuchMethodError'{0x0000000097e7a5f8}: 'java.lang.Object java.lang.invoke.DirectMethodHandle$Holder.newInvokeSpecial(java.lang.Object, long)'> (0x0000000097e7a5f8) 
thrown [s\open\src\hotspot\share\interpreter\linkResolver.cpp, line 759]
Event: 26.989 Thread 0x000001a8b8eb6b20 Exception <a 'java/lang/NoSuchMethodError'{0x0000000097eb19b8}: 'java.lang.Object java.lang.invoke.DirectMethodHandle$Holder.invokeStaticInit(java.lang.Object, java.lang.Object, long, java.lang.Object)'> (0x0000000097eb19b8) 
thrown [s\open\src\hotspot\share\interpreter\linkResolver.cpp, line 759]
Event: 26.990 Thread 0x000001a8b8eb6b20 Exception <a 'java/lang/NoSuchMethodError'{0x0000000097eb8000}: 'java.lang.Object java.lang.invoke.DirectMethodHandle$Holder.newInvokeSpecial(java.lang.Object, java.lang.Object, long)'> (0x0000000097eb8000) 
thrown [s\open\src\hotspot\share\interpreter\linkResolver.cpp, line 759]
Event: 26.990 Thread 0x000001a8b8eb6b20 Exception <a 'java/lang/NoSuchMethodError'{0x0000000097ebbb70}: 'java.lang.Object java.lang.invoke.Invokers$Holder.linkToTargetMethod(java.lang.Object, long, java.lang.Object)'> (0x0000000097ebbb70) 
thrown [s\open\src\hotspot\share\interpreter\linkResolver.cpp, line 759]
Event: 27.386 Thread 0x000001a89a382a30 Exception <a 'sun/nio/fs/WindowsException'{0x0000000096c7b470}> (0x0000000096c7b470) 
thrown [s\open\src\hotspot\share\prims\jni.cpp, line 516]
Event: 27.405 Thread 0x000001a89a382a30 Exception <a 'sun/nio/fs/WindowsException'{0x000000009693e448}> (0x000000009693e448) 
thrown [s\open\src\hotspot\share\prims\jni.cpp, line 516]
Event: 27.424 Thread 0x000001a89a382a30 Exception <a 'sun/nio/fs/WindowsException'{0x000000009660a450}> (0x000000009660a450) 
thrown [s\open\src\hotspot\share\prims\jni.cpp, line 516]
Event: 27.538 Thread 0x000001a89a382a30 Exception <a 'java/lang/NoSuchMethodError'{0x0000000095feaa78}: 'java.lang.Object java.lang.invoke.DirectMethodHandle$Holder.invokeInterface(java.lang.Object, java.lang.Object, java.lang.Object)'> (0x0000000095feaa78) 
thrown [s\open\src\hotspot\share\interpreter\linkResolver.cpp, line 759]

VM Operations (20 events):
Event: 25.810 Executing VM operation: HandshakeAllThreads
Event: 25.810 Executing VM operation: HandshakeAllThreads done
Event: 25.826 Executing VM operation: HandshakeAllThreads
Event: 25.826 Executing VM operation: HandshakeAllThreads done
Event: 25.827 Executing VM operation: HandshakeAllThreads
Event: 25.827 Executing VM operation: HandshakeAllThreads done
Event: 26.830 Executing VM operation: Cleanup
Event: 26.830 Executing VM operation: Cleanup done
Event: 26.910 Executing VM operation: G1CollectForAllocation
Event: 26.915 Executing VM operation: G1CollectForAllocation done
Event: 26.931 Executing VM operation: HandshakeAllThreads
Event: 26.931 Executing VM operation: HandshakeAllThreads done
Event: 27.462 Executing VM operation: HandshakeAllThreads
Event: 27.462 Executing VM operation: HandshakeAllThreads done
Event: 27.462 Executing VM operation: HandshakeAllThreads
Event: 27.463 Executing VM operation: HandshakeAllThreads done
Event: 27.463 Executing VM operation: HandshakeAllThreads
Event: 27.463 Executing VM operation: HandshakeAllThreads done
Event: 27.491 Executing VM operation: HandshakeAllThreads
Event: 27.491 Executing VM operation: HandshakeAllThreads done

Events (20 events):
Event: 27.498 Thread 0x000001a8b824f600 flushing nmethod 0x000001a8a27a7190
Event: 27.498 Thread 0x000001a8b824f600 flushing nmethod 0x000001a8a27ac410
Event: 27.498 Thread 0x000001a8b824f600 flushing nmethod 0x000001a8a27b3090
Event: 27.498 Thread 0x000001a8b824f600 flushing nmethod 0x000001a8a27b3d90
Event: 27.499 Thread 0x000001a8b824f600 flushing nmethod 0x000001a8a27bd610
Event: 27.499 Thread 0x000001a8b824f600 flushing nmethod 0x000001a8a27d5c10
Event: 27.499 Thread 0x000001a8b824f600 flushing nmethod 0x000001a8a27df110
Event: 27.499 Thread 0x000001a8b824f600 flushing nmethod 0x000001a8a27f4e10
Event: 27.499 Thread 0x000001a8b824f600 flushing nmethod 0x000001a8a280c990
Event: 27.499 Thread 0x000001a8b824f600 flushing nmethod 0x000001a8a280f110
Event: 27.499 Thread 0x000001a8b824f600 flushing nmethod 0x000001a8a2820a10
Event: 27.499 Thread 0x000001a8b824f600 flushing nmethod 0x000001a8a282d990
Event: 27.512 loading class java/io/ObjectOutputStream
Event: 27.513 loading class java/io/ObjectOutput
Event: 27.513 loading class java/io/ObjectOutput done
Event: 27.513 loading class java/io/ObjectStreamConstants
Event: 27.516 loading class java/io/ObjectStreamConstants done
Event: 27.516 loading class java/io/ObjectOutputStream done
Event: 27.555 loading class java/lang/AbstractMethodError
Event: 27.565 loading class java/lang/AbstractMethodError done


Dynamic libraries:
0x00007ff76ee90000 - 0x00007ff76eea0000 	C:\Program Files\Java\jdk-17\bin\java.exe
0x00007ff8930d0000 - 0x00007ff8932e7000 	C:\WINDOWS\SYSTEM32\ntdll.dll
0x00007ff892270000 - 0x00007ff892334000 	C:\WINDOWS\System32\KERNEL32.DLL
0x00007ff8904b0000 - 0x00007ff890856000 	C:\WINDOWS\System32\KERNELBASE.dll
0x00007ff890860000 - 0x00007ff890971000 	C:\WINDOWS\System32\ucrtbase.dll
0x00007ff86e2b0000 - 0x00007ff86e2c9000 	C:\Program Files\Java\jdk-17\bin\jli.dll
0x00007ff8914c0000 - 0x00007ff891573000 	C:\WINDOWS\System32\ADVAPI32.dll
0x00007ff86b9d0000 - 0x00007ff86b9eb000 	C:\Program Files\Java\jdk-17\bin\VCRUNTIME140.dll
0x00007ff891e30000 - 0x00007ff891ed7000 	C:\WINDOWS\System32\msvcrt.dll
0x00007ff8928c0000 - 0x00007ff892968000 	C:\WINDOWS\System32\sechost.dll
0x00007ff890af0000 - 0x00007ff890b18000 	C:\WINDOWS\System32\bcrypt.dll
0x00007ff8929e0000 - 0x00007ff892af7000 	C:\WINDOWS\System32\RPCRT4.dll
0x00007ff891160000 - 0x00007ff89130e000 	C:\WINDOWS\System32\USER32.dll
0x00007ff890b90000 - 0x00007ff890bb6000 	C:\WINDOWS\System32\win32u.dll
0x00007ff869990000 - 0x00007ff869c23000 	C:\WINDOWS\WinSxS\amd64_microsoft.windows.common-controls_6595b64144ccf1df_6.0.22621.2506_none_270c5ae97388e100\COMCTL32.dll
0x00007ff891390000 - 0x00007ff8913b9000 	C:\WINDOWS\System32\GDI32.dll
0x00007ff890c80000 - 0x00007ff890d98000 	C:\WINDOWS\System32\gdi32full.dll
0x00007ff890410000 - 0x00007ff8904aa000 	C:\WINDOWS\System32\msvcp_win.dll
0x00007ff889df0000 - 0x00007ff889dfa000 	C:\WINDOWS\SYSTEM32\VERSION.dll
0x00007ff890e20000 - 0x00007ff890e51000 	C:\WINDOWS\System32\IMM32.DLL
0x00007ff869650000 - 0x00007ff86965c000 	C:\Program Files\Java\jdk-17\bin\vcruntime140_1.dll
0x00007ff869460000 - 0x00007ff8694ee000 	C:\Program Files\Java\jdk-17\bin\msvcp140.dll
0x00007ff868860000 - 0x00007ff86943e000 	C:\Program Files\Java\jdk-17\bin\server\jvm.dll
0x00007ff891140000 - 0x00007ff891148000 	C:\WINDOWS\System32\PSAPI.DLL
0x00007ff888d00000 - 0x00007ff888d34000 	C:\WINDOWS\SYSTEM32\WINMM.dll
0x00007ff869ca0000 - 0x00007ff869ca9000 	C:\WINDOWS\SYSTEM32\WSOCK32.dll
0x00007ff892560000 - 0x00007ff8925d1000 	C:\WINDOWS\System32\WS2_32.dll
0x00007ff88f490000 - 0x00007ff88f4a8000 	C:\WINDOWS\SYSTEM32\kernel.appcore.dll
0x00007ff8659f0000 - 0x00007ff8659fa000 	C:\Program Files\Java\jdk-17\bin\jimage.dll
0x00007ff88dcf0000 - 0x00007ff88df23000 	C:\WINDOWS\SYSTEM32\DBGHELP.DLL
0x00007ff891ee0000 - 0x00007ff892269000 	C:\WINDOWS\System32\combase.dll
0x00007ff891040000 - 0x00007ff891117000 	C:\WINDOWS\System32\OLEAUT32.dll
0x00007ff871f50000 - 0x00007ff871f82000 	C:\WINDOWS\SYSTEM32\dbgcore.DLL
0x00007ff890da0000 - 0x00007ff890e1a000 	C:\WINDOWS\System32\bcryptPrimitives.dll
0x00007ff8891c0000 - 0x00007ff8891ce000 	C:\Program Files\Java\jdk-17\bin\instrument.dll
0x00007ff8653f0000 - 0x00007ff865415000 	C:\Program Files\Java\jdk-17\bin\java.dll
0x00007ff862fb0000 - 0x00007ff863087000 	C:\Program Files\Java\jdk-17\bin\jsvml.dll
0x00007ff8915d0000 - 0x00007ff891e2a000 	C:\WINDOWS\System32\SHELL32.dll
0x00007ff88e320000 - 0x00007ff88ec16000 	C:\WINDOWS\SYSTEM32\windows.storage.dll
0x00007ff88e1e0000 - 0x00007ff88e31e000 	C:\WINDOWS\SYSTEM32\wintypes.dll
0x00007ff8913c0000 - 0x00007ff8914b3000 	C:\WINDOWS\System32\SHCORE.dll
0x00007ff892500000 - 0x00007ff89255e000 	C:\WINDOWS\System32\shlwapi.dll
0x00007ff890340000 - 0x00007ff890366000 	C:\WINDOWS\SYSTEM32\profapi.dll
0x00007ff862b90000 - 0x00007ff862ba8000 	C:\Program Files\Java\jdk-17\bin\zip.dll
0x00007ff862c80000 - 0x00007ff862c99000 	C:\Program Files\Java\jdk-17\bin\net.dll
0x00007ff881bb0000 - 0x00007ff881ce7000 	C:\WINDOWS\SYSTEM32\WINHTTP.dll
0x00007ff88f970000 - 0x00007ff88f9d9000 	C:\WINDOWS\system32\mswsock.dll
0x00007ff862c60000 - 0x00007ff862c76000 	C:\Program Files\Java\jdk-17\bin\nio.dll
0x00007ff8806e0000 - 0x00007ff8806fa000 	C:\Program Files\JetBrains\IntelliJ IDEA Community Edition 2023.2.2\bin\breakgen64.dll
0x0000000069ac0000 - 0x0000000069ae4000 	C:\Users\sandi\AppData\Local\Temp\jansi-2.4.0-21e45e5c12a6e1a6-jansi.dll
0x00007ff854080000 - 0x00007ff854090000 	C:\Program Files\Java\jdk-17\bin\verify.dll
0x00007ff88f510000 - 0x00007ff88f544000 	C:\WINDOWS\SYSTEM32\ntmarta.dll
0x00007ff88fb90000 - 0x00007ff88fbab000 	C:\WINDOWS\SYSTEM32\CRYPTSP.dll
0x00007ff88f450000 - 0x00007ff88f485000 	C:\WINDOWS\system32\rsaenh.dll
0x00007ff88fa30000 - 0x00007ff88fa5c000 	C:\WINDOWS\SYSTEM32\USERENV.dll
0x00007ff88fbb0000 - 0x00007ff88fbbc000 	C:\WINDOWS\SYSTEM32\CRYPTBASE.dll
0x00007ff88eef0000 - 0x00007ff88ef1d000 	C:\WINDOWS\SYSTEM32\IPHLPAPI.DLL
0x00007ff891150000 - 0x00007ff891159000 	C:\WINDOWS\System32\NSI.dll
0x00007ff8812c0000 - 0x00007ff8812d9000 	C:\WINDOWS\SYSTEM32\dhcpcsvc6.DLL
0x00007ff881250000 - 0x00007ff88126f000 	C:\WINDOWS\SYSTEM32\dhcpcsvc.DLL
0x00007ff88ef20000 - 0x00007ff88f019000 	C:\WINDOWS\SYSTEM32\DNSAPI.dll

dbghelp: loaded successfully - version: 4.0.5 - missing functions: none
symbol engine: initialized successfully - sym options: 0x614 - pdb path: .;C:\Program Files\Java\jdk-17\bin;C:\WINDOWS\SYSTEM32;C:\WINDOWS\WinSxS\amd64_microsoft.windows.common-controls_6595b64144ccf1df_6.0.22621.2506_none_270c5ae97388e100;C:\Program Files\Java\jdk-17\bin\server;C:\Program Files\JetBrains\IntelliJ IDEA Community Edition 2023.2.2\bin;C:\Users\sandi\AppData\Local\Temp

VM Arguments:
jvm_args: -Dmaven.multiModuleProjectDirectory=C:\Users\sandi\IdeaProjects\virgin-games-serenity -Djansi.passthrough=true -Dmaven.home=C:\Program Files\JetBrains\IntelliJ IDEA Community Edition 2023.2.2\plugins\maven\lib\maven3 -Dclassworlds.conf=C:\Program Files\JetBrains\IntelliJ IDEA Community Edition 2023.2.2\plugins\maven\lib\maven3\bin\m2.conf -Dmaven.ext.class.path=C:\Program Files\JetBrains\IntelliJ IDEA Community Edition 2023.2.2\plugins\maven\lib\maven-event-listener.jar -javaagent:C:\Program Files\JetBrains\IntelliJ IDEA Community Edition 2023.2.2\lib\idea_rt.jar=61781:C:\Program Files\JetBrains\IntelliJ IDEA Community Edition 2023.2.2\bin -Dfile.encoding=UTF-8 
java_command: org.codehaus.classworlds.Launcher -Didea.version=2023.2.2 clean verify serenity:aggregate
java_class_path (initial): C:\Program Files\JetBrains\IntelliJ IDEA Community Edition 2023.2.2\plugins\maven\lib\maven3\boot\plexus-classworlds-2.7.0.jar;C:\Program Files\JetBrains\IntelliJ IDEA Community Edition 2023.2.2\plugins\maven\lib\maven3\boot\plexus-classworlds.license
Launcher Type: SUN_STANDARD

[Global flags]
     intx CICompilerCount                          = 4                                         {product} {ergonomic}
     uint ConcGCThreads                            = 2                                         {product} {ergonomic}
     uint G1ConcRefinementThreads                  = 8                                         {product} {ergonomic}
   size_t G1HeapRegionSize                         = 1048576                                   {product} {ergonomic}
    uintx GCDrainStackTargetSize                   = 64                                        {product} {ergonomic}
   size_t InitialHeapSize                          = 130023424                                 {product} {ergonomic}
   size_t MarkStackSize                            = 4194304                                   {product} {ergonomic}
   size_t MaxHeapSize                              = 2055208960                                {product} {ergonomic}
   size_t MaxNewSize                               = 1233125376                                {product} {ergonomic}
   size_t MinHeapDeltaBytes                        = 1048576                                   {product} {ergonomic}
   size_t MinHeapSize                              = 8388608                                   {product} {ergonomic}
    uintx NonNMethodCodeHeapSize                   = 5839372                                {pd product} {ergonomic}
    uintx NonProfiledCodeHeapSize                  = 122909434                              {pd product} {ergonomic}
    uintx ProfiledCodeHeapSize                     = 122909434                              {pd product} {ergonomic}
    uintx ReservedCodeCacheSize                    = 251658240                              {pd product} {ergonomic}
     bool SegmentedCodeCache                       = true                                      {product} {ergonomic}
   size_t SoftMaxHeapSize                          = 2055208960                             {manageable} {ergonomic}
     bool UseCompressedClassPointers               = true                           {product lp64_product} {ergonomic}
     bool UseCompressedOops                        = true                           {product lp64_product} {ergonomic}
     bool UseG1GC                                  = true                                      {product} {ergonomic}
     bool UseLargePagesIndividualAllocation        = false                                  {pd product} {ergonomic}

Logging:
Log output configuration:
 #0: stdout all=warning uptime,level,tags
 #1: stderr all=off uptime,level,tags

Environment Variables:
JAVA_HOME=C:\Program Files\Java\jdk-17
PATH=C:\Program Files\Common Files\Oracle\Java\javapath;C:\WINDOWS\system32;C:\WINDOWS;C:\WINDOWS\System32\Wbem;C:\WINDOWS\System32\WindowsPowerShell\v1.0\;C:\WINDOWS\System32\OpenSSH\;C:\Program Files\Java\jdk-17\bin;C:\Program Files\Git\cmd;C:\Program Files\Apache\apache-maven-3.9.5\bin;;C:\Program Files\Docker\Docker\resources\bin;C:\Program Files\nodejs\;C:\Users\sandi\AppData\Local\Microsoft\WindowsApps;C:\Users\sandi\AppData\Roaming\npm
USERNAME=sandip
OS=Windows_NT
PROCESSOR_IDENTIFIER=Intel64 Family 6 Model 140 Stepping 1, GenuineIntel



---------------  S Y S T E M  ---------------

OS:
 Windows 11 , 64 bit Build 22621 (10.0.22621.2506)
OS uptime: 2 days 6:36 hours
Hyper-V role detected

CPU: total 8 (initial active 8) (4 cores per cpu, 2 threads per core) family 6 model 140 stepping 1 microcode 0xaa, cx8, cmov, fxsr, ht, mmx, 3dnowpref, sse, sse2, sse3, ssse3, sse4.1, sse4.2, popcnt, lzcnt, tsc, tscinvbit, avx, avx2, aes, erms, clmul, bmi1, bmi2, adx, avx512f, avx512dq, avx512cd, avx512bw, avx512vl, sha, fma, vzeroupper, avx512_vpopcntdq, avx512_vpclmulqdq, avx512_vaes, avx512_vnni, clflush, clflushopt, clwb, avx512_vbmi2, avx512_vbmi, hv

Memory: 4k page, system-wide physical 7834M (259M free)
TotalPageFile size 31386M (AvailPageFile size 2M)
current process WorkingSet (physical memory assigned to process): 419M, peak: 419M
current process commit charge ("private bytes"): 526M, peak: 527M

vm_info: Java HotSpot(TM) 64-Bit Server VM (17.0.8+9-LTS-211) for windows-amd64 JRE (17.0.8+9-LTS-211), built on Jun 14 2023 10:34:31 by "mach5one" with MS VC++ 17.1 (VS2022)

END.
