#
# There is insufficient memory for the Java Runtime Environment to continue.
# Native memory allocation (malloc) failed to allocate 5258096 bytes for Chunk::new
# Possible reasons:
#   The system is out of physical RAM or swap space
#   The process is running with CompressedOops enabled, and the Java Heap may be blocking the growth of the native heap
# Possible solutions:
#   Reduce memory load on the system
#   Increase physical memory or swap space
#   Check if swap backing store is full
#   Decrease Java heap size (-Xmx/-Xms)
#   Decrease number of Java threads
#   Decrease Java thread stack sizes (-Xss)
#   Set larger code cache with -XX:ReservedCodeCacheSize=
#   JVM is running with Unscaled Compressed Oops mode in which the Java heap is
#     placed in the first 4GB address space. The Java Heap base address is the
#     maximum limit for the native heap growth. Please use -XX:HeapBaseMinAddress
#     to set the Java Heap base and to place the Java Heap above 4GB virtual address.
# This output file may be truncated or incomplete.
#
#  Out of Memory Error (arena.cpp:189), pid=22616, tid=724
#
# JRE version: Java(TM) SE Runtime Environment (17.0.8+9) (build 17.0.8+9-LTS-211)
# Java VM: Java HotSpot(TM) 64-Bit Server VM (17.0.8+9-LTS-211, mixed mode, sharing, tiered, compressed oops, compressed class ptrs, g1 gc, windows-amd64)
# No core dump will be written. Minidumps are not enabled by default on client versions of Windows
#

---------------  S U M M A R Y ------------

Command Line: -Dmaven.multiModuleProjectDirectory=C:\Users\sandi\IdeaProjects\virgin-games-serenity -Djansi.passthrough=true -Dmaven.home=C:\Program Files\JetBrains\IntelliJ IDEA Community Edition 2023.2.2\plugins\maven\lib\maven3 -Dclassworlds.conf=C:\Program Files\JetBrains\IntelliJ IDEA Community Edition 2023.2.2\plugins\maven\lib\maven3\bin\m2.conf -Dmaven.ext.class.path=C:\Program Files\JetBrains\IntelliJ IDEA Community Edition 2023.2.2\plugins\maven\lib\maven-event-listener.jar -javaagent:C:\Program Files\JetBrains\IntelliJ IDEA Community Edition 2023.2.2\lib\idea_rt.jar=61820:C:\Program Files\JetBrains\IntelliJ IDEA Community Edition 2023.2.2\bin -Dfile.encoding=UTF-8 org.codehaus.classworlds.Launcher -Didea.version=2023.2.2 clean verify serenity:aggregate

Host: 11th Gen Intel(R) Core(TM) i5-1135G7 @ 2.40GHz, 8 cores, 7G,  Windows 11 , 64 bit Build 22621 (10.0.22621.2506)
Time: Sun Jan 28 17:33:35 2024 GMT Standard Time elapsed time: 23.287464 seconds (0d 0h 0m 23s)

---------------  T H R E A D  ---------------

Current thread (0x00000248048bb730):  JavaThread "C2 CompilerThread0" daemon [_thread_in_native, id=724, stack(0x000000f110f00000,0x000000f111000000)]


Current CompileTask:
C2:  23287 8119       4       org.codehaus.plexus.classworlds.realm.ClassRealm::loadClass (7 bytes)

Stack: [0x000000f110f00000,0x000000f111000000]
Native frames: (J=compiled Java code, j=interpreted, Vv=VM code, C=native code)
V  [jvm.dll+0x677d0a]
V  [jvm.dll+0x7d8c54]
V  [jvm.dll+0x7da3fe]
V  [jvm.dll+0x7daa63]
V  [jvm.dll+0x245c5f]
V  [jvm.dll+0xaaa6b]
V  [jvm.dll+0xab00c]
V  [jvm.dll+0x361e3f]
V  [jvm.dll+0x1bb87a]
V  [jvm.dll+0x218157]
V  [jvm.dll+0x217431]
V  [jvm.dll+0x1a3af0]
V  [jvm.dll+0x2270be]
V  [jvm.dll+0x22535b]
V  [jvm.dll+0x78e7bc]
V  [jvm.dll+0x788bba]
V  [jvm.dll+0x676b35]
C  [ucrtbase.dll+0x29363]
C  [KERNEL32.DLL+0x1257d]
C  [ntdll.dll+0x5aa58]


---------------  P R O C E S S  ---------------

Threads class SMR info:
_java_thread_list=0x0000024850e0bdb0, length=22, elements={
0x0000024866976c20, 0x00000248048a3330, 0x00000248048a3ce0, 0x00000248048b5c70,
0x00000248048b6620, 0x00000248048b8fe0, 0x00000248048b9990, 0x00000248048bb730,
0x00000248048bc1d0, 0x00000248048bcfd0, 0x000002480488b730, 0x0000024804b372f0,
0x0000024804b37bc0, 0x000002484a60aa70, 0x000002484a6070b0, 0x000002484a6083f0,
0x000002484a609730, 0x000002484a1cf0b0, 0x000002484a1d03f0, 0x000002484a1cfa50,
0x000002484a1d6900, 0x000002484a1d5a90
}

Java Threads: ( => current thread )
  0x0000024866976c20 JavaThread "main" [_thread_blocked, id=4496, stack(0x000000f110200000,0x000000f110300000)]
  0x00000248048a3330 JavaThread "Reference Handler" daemon [_thread_blocked, id=16884, stack(0x000000f110900000,0x000000f110a00000)]
  0x00000248048a3ce0 JavaThread "Finalizer" daemon [_thread_blocked, id=12800, stack(0x000000f110a00000,0x000000f110b00000)]
  0x00000248048b5c70 JavaThread "Signal Dispatcher" daemon [_thread_blocked, id=5680, stack(0x000000f110b00000,0x000000f110c00000)]
  0x00000248048b6620 JavaThread "Attach Listener" daemon [_thread_blocked, id=23880, stack(0x000000f110c00000,0x000000f110d00000)]
  0x00000248048b8fe0 JavaThread "Service Thread" daemon [_thread_blocked, id=10628, stack(0x000000f110d00000,0x000000f110e00000)]
  0x00000248048b9990 JavaThread "Monitor Deflation Thread" daemon [_thread_blocked, id=26764, stack(0x000000f110e00000,0x000000f110f00000)]
=>0x00000248048bb730 JavaThread "C2 CompilerThread0" daemon [_thread_in_native, id=724, stack(0x000000f110f00000,0x000000f111000000)]
  0x00000248048bc1d0 JavaThread "C1 CompilerThread0" daemon [_thread_in_native, id=15868, stack(0x000000f111000000,0x000000f111100000)]
  0x00000248048bcfd0 JavaThread "Sweeper thread" daemon [_thread_blocked, id=20012, stack(0x000000f111100000,0x000000f111200000)]
  0x000002480488b730 JavaThread "Common-Cleaner" daemon [_thread_blocked, id=1776, stack(0x000000f111200000,0x000000f111300000)]
  0x0000024804b372f0 JavaThread "Monitor Ctrl-Break" daemon [_thread_in_native, id=27144, stack(0x000000f111300000,0x000000f111400000)]
  0x0000024804b37bc0 JavaThread "Notification Thread" daemon [_thread_blocked, id=28312, stack(0x000000f111400000,0x000000f111500000)]
  0x000002484a60aa70 JavaThread "resolver-1" daemon [_thread_blocked, id=1168, stack(0x000000f111f00000,0x000000f112000000)]
  0x000002484a6070b0 JavaThread "resolver-2" daemon [_thread_blocked, id=21080, stack(0x000000f112000000,0x000000f112100000)]
  0x000002484a6083f0 JavaThread "resolver-3" daemon [_thread_blocked, id=19288, stack(0x000000f112100000,0x000000f112200000)]
  0x000002484a609730 JavaThread "resolver-4" daemon [_thread_blocked, id=13440, stack(0x000000f112200000,0x000000f112300000)]
  0x000002484a1cf0b0 JavaThread "ForkJoinPool.commonPool-worker-1" daemon [_thread_blocked, id=24496, stack(0x000000f112300000,0x000000f112400000)]
  0x000002484a1d03f0 JavaThread "ForkJoinPool.commonPool-worker-2" daemon [_thread_blocked, id=18344, stack(0x000000f112400000,0x000000f112500000)]
  0x000002484a1cfa50 JavaThread "ForkJoinPool.commonPool-worker-3" daemon [_thread_blocked, id=4908, stack(0x000000f112500000,0x000000f112600000)]
  0x000002484a1d6900 JavaThread "ForkJoinPool.commonPool-worker-4" daemon [_thread_blocked, id=25700, stack(0x000000f112600000,0x000000f112700000)]
  0x000002484a1d5a90 JavaThread "pool-5-thread-1" [_thread_in_Java, id=23512, stack(0x000000f112700000,0x000000f112800000)]

Other Threads:
  0x000002480489f9a0 VMThread "VM Thread" [stack: 0x000000f110800000,0x000000f110900000] [id=27748]
  0x0000024804b38510 WatcherThread [stack: 0x000000f111500000,0x000000f111600000] [id=15268]
  0x00000248669d0ab0 GCTaskThread "GC Thread#0" [stack: 0x000000f110300000,0x000000f110400000] [id=7248]
  0x000002484a509130 GCTaskThread "GC Thread#1" [stack: 0x000000f111700000,0x000000f111800000] [id=24372]
  0x000002484a508920 GCTaskThread "GC Thread#2" [stack: 0x000000f111800000,0x000000f111900000] [id=1288]
  0x000002484a508670 GCTaskThread "GC Thread#3" [stack: 0x000000f111900000,0x000000f111a00000] [id=11092]
  0x000002484a509690 GCTaskThread "GC Thread#4" [stack: 0x000000f111a00000,0x000000f111b00000] [id=26596]
  0x000002484a508bd0 GCTaskThread "GC Thread#5" [stack: 0x000000f111b00000,0x000000f111c00000] [id=10732]
  0x000002484a507bb0 GCTaskThread "GC Thread#6" [stack: 0x000000f111c00000,0x000000f111d00000] [id=26452]
  0x000002484a508e80 GCTaskThread "GC Thread#7" [stack: 0x000000f111d00000,0x000000f111e00000] [id=7040]
  0x000002486497dcc0 ConcurrentGCThread "G1 Main Marker" [stack: 0x000000f110400000,0x000000f110500000] [id=11320]
  0x000002486497e6d0 ConcurrentGCThread "G1 Conc#0" [stack: 0x000000f110500000,0x000000f110600000] [id=27708]
  0x000002484aaccdb0 ConcurrentGCThread "G1 Conc#1" [stack: 0x000000f111600000,0x000000f111700000] [id=15480]
  0x0000024866a3e8d0 ConcurrentGCThread "G1 Refine#0" [stack: 0x000000f110600000,0x000000f110700000] [id=11116]
  0x000002484acf0740 ConcurrentGCThread "G1 Refine#1" [stack: 0x000000f111e00000,0x000000f111f00000] [id=18512]
  0x0000024804756420 ConcurrentGCThread "G1 Service" [stack: 0x000000f110700000,0x000000f110800000] [id=24096]

Threads with active compile tasks:
C2 CompilerThread0    23391 8119       4       org.codehaus.plexus.classworlds.realm.ClassRealm::loadClass (7 bytes)

VM state: not at safepoint (normal execution)

VM Mutex/Monitor currently owned by a thread: None

Heap address: 0x0000000085800000, size: 1960 MB, Compressed Oops mode: 32-bit

CDS archive(s) mapped at: [0x0000024805000000-0x0000024805bd0000-0x0000024805bd0000), size 12386304, SharedBaseAddress: 0x0000024805000000, ArchiveRelocationMode: 1.
Compressed class space mapped at: 0x0000024806000000-0x0000024846000000, reserved size: 1073741824
Narrow klass base: 0x0000024805000000, Narrow klass shift: 0, Narrow klass range: 0x100000000

GC Precious Log:
 CPUs: 8 total, 8 available
 Memory: 7834M
 Large Page Support: Disabled
 NUMA Support: Disabled
 Compressed Oops: Enabled (32-bit)
 Heap Region Size: 1M
 Heap Min Capacity: 8M
 Heap Initial Capacity: 124M
 Heap Max Capacity: 1960M
 Pre-touch: Disabled
 Parallel Workers: 8
 Concurrent Workers: 2
 Concurrent Refinement Workers: 8
 Periodic GC: Disabled

Heap:
 garbage-first heap   total 206848K, used 122935K [0x0000000085800000, 0x0000000100000000)
  region size 1024K, 36 young (36864K), 3 survivors (3072K)
 Metaspace       used 43958K, committed 44544K, reserved 1114112K
  class space    used 5031K, committed 5312K, reserved 1048576K

Heap Regions: E=young(eden), S=young(survivor), O=old, HS=humongous(starts), HC=humongous(continues), CS=collection set, F=free, OA=open archive, CA=closed archive, TAMS=top-at-mark-start (previous, next)
|   0|0x0000000085800000, 0x0000000085900000, 0x0000000085900000|100%| O|  |TAMS 0x0000000085900000, 0x0000000085800000| Untracked 
|   1|0x0000000085900000, 0x0000000085a00000, 0x0000000085a00000|100%| O|  |TAMS 0x0000000085a00000, 0x0000000085900000| Untracked 
|   2|0x0000000085a00000, 0x0000000085b00000, 0x0000000085b00000|100%| O|  |TAMS 0x0000000085b00000, 0x0000000085a00000| Untracked 
|   3|0x0000000085b00000, 0x0000000085c00000, 0x0000000085c00000|100%| O|  |TAMS 0x0000000085c00000, 0x0000000085b00000| Untracked 
|   4|0x0000000085c00000, 0x0000000085d00000, 0x0000000085d00000|100%| O|  |TAMS 0x0000000085d00000, 0x0000000085c00000| Untracked 
|   5|0x0000000085d00000, 0x0000000085e00000, 0x0000000085e00000|100%| O|  |TAMS 0x0000000085e00000, 0x0000000085d00000| Untracked 
|   6|0x0000000085e00000, 0x0000000085f00000, 0x0000000085f00000|100%| O|  |TAMS 0x0000000085f00000, 0x0000000085e00000| Untracked 
|   7|0x0000000085f00000, 0x0000000086000000, 0x0000000086000000|100%| O|  |TAMS 0x0000000086000000, 0x0000000085f00000| Untracked 
|   8|0x0000000086000000, 0x0000000086100000, 0x0000000086100000|100%| O|  |TAMS 0x0000000086100000, 0x0000000086000000| Untracked 
|   9|0x0000000086100000, 0x0000000086200000, 0x0000000086200000|100%| O|  |TAMS 0x0000000086200000, 0x0000000086100000| Untracked 
|  10|0x0000000086200000, 0x0000000086300000, 0x0000000086300000|100%| O|  |TAMS 0x0000000086300000, 0x0000000086200000| Untracked 
|  11|0x0000000086300000, 0x0000000086400000, 0x0000000086400000|100%| O|  |TAMS 0x0000000086400000, 0x0000000086300000| Untracked 
|  12|0x0000000086400000, 0x0000000086500000, 0x0000000086500000|100%| O|  |TAMS 0x0000000086500000, 0x0000000086400000| Untracked 
|  13|0x0000000086500000, 0x0000000086600000, 0x0000000086600000|100%| O|  |TAMS 0x0000000086600000, 0x0000000086500000| Untracked 
|  14|0x0000000086600000, 0x0000000086700000, 0x0000000086700000|100%| O|  |TAMS 0x0000000086700000, 0x0000000086600000| Untracked 
|  15|0x0000000086700000, 0x0000000086800000, 0x0000000086800000|100%| O|  |TAMS 0x0000000086800000, 0x0000000086700000| Untracked 
|  16|0x0000000086800000, 0x0000000086900000, 0x0000000086900000|100%| O|  |TAMS 0x0000000086900000, 0x0000000086800000| Untracked 
|  17|0x0000000086900000, 0x0000000086a00000, 0x0000000086a00000|100%| O|  |TAMS 0x0000000086a00000, 0x0000000086900000| Untracked 
|  18|0x0000000086a00000, 0x0000000086a00000, 0x0000000086b00000|  0%| F|  |TAMS 0x0000000086a00000, 0x0000000086a00000| Untracked 
|  19|0x0000000086b00000, 0x0000000086c00000, 0x0000000086c00000|100%| O|  |TAMS 0x0000000086c00000, 0x0000000086b00000| Untracked 
|  20|0x0000000086c00000, 0x0000000086d00000, 0x0000000086d00000|100%| O|  |TAMS 0x0000000086d00000, 0x0000000086c00000| Untracked 
|  21|0x0000000086d00000, 0x0000000086e00000, 0x0000000086e00000|100%| O|  |TAMS 0x0000000086e00000, 0x0000000086d00000| Untracked 
|  22|0x0000000086e00000, 0x0000000086f00000, 0x0000000086f00000|100%| O|  |TAMS 0x0000000086f00000, 0x0000000086e00000| Untracked 
|  23|0x0000000086f00000, 0x0000000087000000, 0x0000000087000000|100%| O|  |TAMS 0x0000000087000000, 0x0000000086f00000| Untracked 
|  24|0x0000000087000000, 0x0000000087100000, 0x0000000087100000|100%| O|  |TAMS 0x0000000087100000, 0x0000000087000000| Untracked 
|  25|0x0000000087100000, 0x0000000087200000, 0x0000000087200000|100%| O|  |TAMS 0x0000000087200000, 0x0000000087100000| Untracked 
|  26|0x0000000087200000, 0x0000000087300000, 0x0000000087300000|100%| O|  |TAMS 0x0000000087300000, 0x0000000087200000| Untracked 
|  27|0x0000000087300000, 0x0000000087400000, 0x0000000087400000|100%| O|  |TAMS 0x0000000087400000, 0x0000000087300000| Untracked 
|  28|0x0000000087400000, 0x0000000087500000, 0x0000000087500000|100%| O|  |TAMS 0x0000000087500000, 0x0000000087400000| Untracked 
|  29|0x0000000087500000, 0x0000000087600000, 0x0000000087600000|100%| O|  |TAMS 0x0000000087600000, 0x0000000087500000| Untracked 
|  30|0x0000000087600000, 0x0000000087700000, 0x0000000087700000|100%| O|  |TAMS 0x0000000087700000, 0x0000000087600000| Untracked 
|  31|0x0000000087700000, 0x0000000087800000, 0x0000000087800000|100%| O|  |TAMS 0x0000000087800000, 0x0000000087700000| Untracked 
|  32|0x0000000087800000, 0x0000000087900000, 0x0000000087900000|100%| O|  |TAMS 0x0000000087900000, 0x0000000087800000| Untracked 
|  33|0x0000000087900000, 0x0000000087a00000, 0x0000000087a00000|100%| O|  |TAMS 0x0000000087a00000, 0x0000000087900000| Untracked 
|  34|0x0000000087a00000, 0x0000000087b00000, 0x0000000087b00000|100%| O|  |TAMS 0x0000000087b00000, 0x0000000087a00000| Untracked 
|  35|0x0000000087b00000, 0x0000000087c00000, 0x0000000087c00000|100%| O|  |TAMS 0x0000000087c00000, 0x0000000087b00000| Untracked 
|  36|0x0000000087c00000, 0x0000000087d00000, 0x0000000087d00000|100%| O|  |TAMS 0x0000000087d00000, 0x0000000087c00000| Untracked 
|  37|0x0000000087d00000, 0x0000000087e00000, 0x0000000087e00000|100%| O|  |TAMS 0x0000000087dd0200, 0x0000000087d00000| Untracked 
|  38|0x0000000087e00000, 0x0000000087e00000, 0x0000000087f00000|  0%| F|  |TAMS 0x0000000087e00000, 0x0000000087e00000| Untracked 
|  39|0x0000000087f00000, 0x0000000088000000, 0x0000000088000000|100%| O|  |TAMS 0x0000000088000000, 0x0000000087f00000| Untracked 
|  40|0x0000000088000000, 0x0000000088100000, 0x0000000088100000|100%| O|  |TAMS 0x0000000088000000, 0x0000000088000000| Untracked 
|  41|0x0000000088100000, 0x0000000088200000, 0x0000000088200000|100%| O|  |TAMS 0x0000000088200000, 0x0000000088100000| Untracked 
|  42|0x0000000088200000, 0x0000000088300000, 0x0000000088300000|100%| O|  |TAMS 0x0000000088300000, 0x0000000088200000| Untracked 
|  43|0x0000000088300000, 0x0000000088400000, 0x0000000088400000|100%| O|  |TAMS 0x0000000088400000, 0x0000000088300000| Untracked 
|  44|0x0000000088400000, 0x0000000088400000, 0x0000000088500000|  0%| F|  |TAMS 0x0000000088400000, 0x0000000088400000| Untracked 
|  45|0x0000000088500000, 0x0000000088500000, 0x0000000088600000|  0%| F|  |TAMS 0x0000000088500000, 0x0000000088500000| Untracked 
|  46|0x0000000088600000, 0x0000000088600000, 0x0000000088700000|  0%| F|  |TAMS 0x0000000088600000, 0x0000000088600000| Untracked 
|  47|0x0000000088700000, 0x0000000088700000, 0x0000000088800000|  0%| F|  |TAMS 0x0000000088700000, 0x0000000088700000| Untracked 
|  48|0x0000000088800000, 0x0000000088800000, 0x0000000088900000|  0%| F|  |TAMS 0x0000000088800000, 0x0000000088800000| Untracked 
|  49|0x0000000088900000, 0x0000000088900000, 0x0000000088a00000|  0%| F|  |TAMS 0x0000000088900000, 0x0000000088900000| Untracked 
|  50|0x0000000088a00000, 0x0000000088b00000, 0x0000000088b00000|100%| O|  |TAMS 0x0000000088b00000, 0x0000000088a00000| Untracked 
|  51|0x0000000088b00000, 0x0000000088c00000, 0x0000000088c00000|100%| O|  |TAMS 0x0000000088c00000, 0x0000000088b00000| Untracked 
|  52|0x0000000088c00000, 0x0000000088d00000, 0x0000000088d00000|100%| O|  |TAMS 0x0000000088d00000, 0x0000000088c00000| Untracked 
|  53|0x0000000088d00000, 0x0000000088d00000, 0x0000000088e00000|  0%| F|  |TAMS 0x0000000088d00000, 0x0000000088d00000| Untracked 
|  54|0x0000000088e00000, 0x0000000088f00000, 0x0000000088f00000|100%| O|  |TAMS 0x0000000088f00000, 0x0000000088e00000| Untracked 
|  55|0x0000000088f00000, 0x0000000089000000, 0x0000000089000000|100%| O|  |TAMS 0x0000000089000000, 0x0000000088f00000| Untracked 
|  56|0x0000000089000000, 0x0000000089100000, 0x0000000089100000|100%| O|  |TAMS 0x0000000089100000, 0x0000000089000000| Untracked 
|  57|0x0000000089100000, 0x0000000089200000, 0x0000000089200000|100%| O|  |TAMS 0x0000000089200000, 0x0000000089100000| Untracked 
|  58|0x0000000089200000, 0x0000000089300000, 0x0000000089300000|100%| O|  |TAMS 0x0000000089300000, 0x0000000089200000| Untracked 
|  59|0x0000000089300000, 0x0000000089400000, 0x0000000089400000|100%| O|  |TAMS 0x0000000089400000, 0x0000000089300000| Untracked 
|  60|0x0000000089400000, 0x0000000089500000, 0x0000000089500000|100%| O|  |TAMS 0x0000000089500000, 0x0000000089400000| Untracked 
|  61|0x0000000089500000, 0x0000000089600000, 0x0000000089600000|100%| O|  |TAMS 0x0000000089600000, 0x0000000089500000| Untracked 
|  62|0x0000000089600000, 0x0000000089700000, 0x0000000089700000|100%| O|  |TAMS 0x0000000089700000, 0x0000000089600000| Untracked 
|  63|0x0000000089700000, 0x0000000089800000, 0x0000000089800000|100%| O|  |TAMS 0x0000000089800000, 0x0000000089700000| Untracked 
|  64|0x0000000089800000, 0x0000000089900000, 0x0000000089900000|100%| O|  |TAMS 0x0000000089900000, 0x0000000089800000| Untracked 
|  65|0x0000000089900000, 0x0000000089a00000, 0x0000000089a00000|100%| O|  |TAMS 0x0000000089a00000, 0x0000000089900000| Untracked 
|  66|0x0000000089a00000, 0x0000000089b00000, 0x0000000089b00000|100%| O|  |TAMS 0x0000000089a00000, 0x0000000089a00000| Untracked 
|  67|0x0000000089b00000, 0x0000000089c00000, 0x0000000089c00000|100%| O|  |TAMS 0x0000000089b00000, 0x0000000089b00000| Untracked 
|  68|0x0000000089c00000, 0x0000000089d00000, 0x0000000089d00000|100%| O|  |TAMS 0x0000000089c00000, 0x0000000089c00000| Untracked 
|  69|0x0000000089d00000, 0x0000000089e00000, 0x0000000089e00000|100%| O|  |TAMS 0x0000000089d00000, 0x0000000089d00000| Untracked 
|  70|0x0000000089e00000, 0x0000000089f00000, 0x0000000089f00000|100%| O|  |TAMS 0x0000000089e00000, 0x0000000089e00000| Untracked 
|  71|0x0000000089f00000, 0x000000008a000000, 0x000000008a000000|100%| O|  |TAMS 0x0000000089f00000, 0x0000000089f00000| Untracked 
|  72|0x000000008a000000, 0x000000008a0a2200, 0x000000008a100000| 63%| O|  |TAMS 0x000000008a000000, 0x000000008a000000| Untracked 
|  73|0x000000008a100000, 0x000000008a100000, 0x000000008a200000|  0%| F|  |TAMS 0x000000008a100000, 0x000000008a100000| Untracked 
|  74|0x000000008a200000, 0x000000008a200000, 0x000000008a300000|  0%| F|  |TAMS 0x000000008a200000, 0x000000008a200000| Untracked 
|  75|0x000000008a300000, 0x000000008a300000, 0x000000008a400000|  0%| F|  |TAMS 0x000000008a300000, 0x000000008a300000| Untracked 
|  76|0x000000008a400000, 0x000000008a400000, 0x000000008a500000|  0%| F|  |TAMS 0x000000008a400000, 0x000000008a400000| Untracked 
|  77|0x000000008a500000, 0x000000008a500000, 0x000000008a600000|  0%| F|  |TAMS 0x000000008a500000, 0x000000008a500000| Untracked 
|  78|0x000000008a600000, 0x000000008a600000, 0x000000008a700000|  0%| F|  |TAMS 0x000000008a600000, 0x000000008a600000| Untracked 
|  79|0x000000008a700000, 0x000000008a700000, 0x000000008a800000|  0%| F|  |TAMS 0x000000008a700000, 0x000000008a700000| Untracked 
|  80|0x000000008a800000, 0x000000008a800000, 0x000000008a900000|  0%| F|  |TAMS 0x000000008a800000, 0x000000008a800000| Untracked 
|  81|0x000000008a900000, 0x000000008a900000, 0x000000008aa00000|  0%| F|  |TAMS 0x000000008a900000, 0x000000008a900000| Untracked 
|  82|0x000000008aa00000, 0x000000008ab00000, 0x000000008ab00000|100%| O|  |TAMS 0x000000008aa00000, 0x000000008aa00000| Untracked 
|  83|0x000000008ab00000, 0x000000008ac00000, 0x000000008ac00000|100%| O|  |TAMS 0x000000008ab00000, 0x000000008ab00000| Untracked 
|  84|0x000000008ac00000, 0x000000008ad00000, 0x000000008ad00000|100%| O|  |TAMS 0x000000008ac00000, 0x000000008ac00000| Untracked 
|  85|0x000000008ad00000, 0x000000008ae00000, 0x000000008ae00000|100%| O|  |TAMS 0x000000008ad00000, 0x000000008ad00000| Untracked 
|  86|0x000000008ae00000, 0x000000008af00000, 0x000000008af00000|100%| O|  |TAMS 0x000000008ae00000, 0x000000008ae00000| Untracked 
|  87|0x000000008af00000, 0x000000008b000000, 0x000000008b000000|100%| O|  |TAMS 0x000000008af00000, 0x000000008af00000| Untracked 
|  88|0x000000008b000000, 0x000000008b100000, 0x000000008b100000|100%| O|  |TAMS 0x000000008b000000, 0x000000008b000000| Untracked 
|  89|0x000000008b100000, 0x000000008b200000, 0x000000008b200000|100%| O|  |TAMS 0x000000008b100000, 0x000000008b100000| Untracked 
|  90|0x000000008b200000, 0x000000008b200000, 0x000000008b300000|  0%| F|  |TAMS 0x000000008b200000, 0x000000008b200000| Untracked 
|  91|0x000000008b300000, 0x000000008b300000, 0x000000008b400000|  0%| F|  |TAMS 0x000000008b300000, 0x000000008b300000| Untracked 
|  92|0x000000008b400000, 0x000000008b400000, 0x000000008b500000|  0%| F|  |TAMS 0x000000008b400000, 0x000000008b400000| Untracked 
|  93|0x000000008b500000, 0x000000008b500000, 0x000000008b600000|  0%| F|  |TAMS 0x000000008b500000, 0x000000008b500000| Untracked 
|  94|0x000000008b600000, 0x000000008b600000, 0x000000008b700000|  0%| F|  |TAMS 0x000000008b600000, 0x000000008b600000| Untracked 
|  95|0x000000008b700000, 0x000000008b700000, 0x000000008b800000|  0%| F|  |TAMS 0x000000008b700000, 0x000000008b700000| Untracked 
|  96|0x000000008b800000, 0x000000008b800000, 0x000000008b900000|  0%| F|  |TAMS 0x000000008b800000, 0x000000008b800000| Untracked 
|  97|0x000000008b900000, 0x000000008b900000, 0x000000008ba00000|  0%| F|  |TAMS 0x000000008b900000, 0x000000008b900000| Untracked 
|  98|0x000000008ba00000, 0x000000008bb00000, 0x000000008bb00000|100%| O|  |TAMS 0x000000008ba00000, 0x000000008ba00000| Untracked 
|  99|0x000000008bb00000, 0x000000008bc00000, 0x000000008bc00000|100%| O|  |TAMS 0x000000008bb00000, 0x000000008bb00000| Untracked 
| 100|0x000000008bc00000, 0x000000008bd00000, 0x000000008bd00000|100%| O|  |TAMS 0x000000008bc00000, 0x000000008bc00000| Untracked 
| 101|0x000000008bd00000, 0x000000008be00000, 0x000000008be00000|100%| O|  |TAMS 0x000000008bd00000, 0x000000008bd00000| Untracked 
| 102|0x000000008be00000, 0x000000008be00000, 0x000000008bf00000|  0%| F|  |TAMS 0x000000008be00000, 0x000000008be00000| Untracked 
| 103|0x000000008bf00000, 0x000000008bf00000, 0x000000008c000000|  0%| F|  |TAMS 0x000000008bf00000, 0x000000008bf00000| Untracked 
| 104|0x000000008c000000, 0x000000008c000000, 0x000000008c100000|  0%| F|  |TAMS 0x000000008c000000, 0x000000008c000000| Untracked 
| 105|0x000000008c100000, 0x000000008c100000, 0x000000008c200000|  0%| F|  |TAMS 0x000000008c100000, 0x000000008c100000| Untracked 
| 106|0x000000008c200000, 0x000000008c200000, 0x000000008c300000|  0%| F|  |TAMS 0x000000008c200000, 0x000000008c200000| Untracked 
| 107|0x000000008c300000, 0x000000008c300000, 0x000000008c400000|  0%| F|  |TAMS 0x000000008c300000, 0x000000008c300000| Untracked 
| 108|0x000000008c400000, 0x000000008c400000, 0x000000008c500000|  0%| F|  |TAMS 0x000000008c400000, 0x000000008c400000| Untracked 
| 109|0x000000008c500000, 0x000000008c500000, 0x000000008c600000|  0%| F|  |TAMS 0x000000008c500000, 0x000000008c500000| Untracked 
| 110|0x000000008c600000, 0x000000008c600000, 0x000000008c700000|  0%| F|  |TAMS 0x000000008c600000, 0x000000008c600000| Untracked 
| 111|0x000000008c700000, 0x000000008c700000, 0x000000008c800000|  0%| F|  |TAMS 0x000000008c700000, 0x000000008c700000| Untracked 
| 112|0x000000008c800000, 0x000000008c800000, 0x000000008c900000|  0%| F|  |TAMS 0x000000008c800000, 0x000000008c800000| Untracked 
| 113|0x000000008c900000, 0x000000008c900000, 0x000000008ca00000|  0%| F|  |TAMS 0x000000008c900000, 0x000000008c900000| Untracked 
| 114|0x000000008ca00000, 0x000000008ca00000, 0x000000008cb00000|  0%| F|  |TAMS 0x000000008ca00000, 0x000000008ca00000| Untracked 
| 115|0x000000008cb00000, 0x000000008cb00000, 0x000000008cc00000|  0%| F|  |TAMS 0x000000008cb00000, 0x000000008cb00000| Untracked 
| 116|0x000000008cc00000, 0x000000008cc00000, 0x000000008cd00000|  0%| F|  |TAMS 0x000000008cc00000, 0x000000008cc00000| Untracked 
| 117|0x000000008cd00000, 0x000000008cd00000, 0x000000008ce00000|  0%| F|  |TAMS 0x000000008cd00000, 0x000000008cd00000| Untracked 
| 118|0x000000008ce00000, 0x000000008ce00000, 0x000000008cf00000|  0%| F|  |TAMS 0x000000008ce00000, 0x000000008ce00000| Untracked 
| 119|0x000000008cf00000, 0x000000008cf00000, 0x000000008d000000|  0%| F|  |TAMS 0x000000008cf00000, 0x000000008cf00000| Untracked 
| 120|0x000000008d000000, 0x000000008d000000, 0x000000008d100000|  0%| F|  |TAMS 0x000000008d000000, 0x000000008d000000| Untracked 
| 121|0x000000008d100000, 0x000000008d100000, 0x000000008d200000|  0%| F|  |TAMS 0x000000008d100000, 0x000000008d100000| Untracked 
| 122|0x000000008d200000, 0x000000008d200000, 0x000000008d300000|  0%| F|  |TAMS 0x000000008d200000, 0x000000008d200000| Untracked 
| 123|0x000000008d300000, 0x000000008d300000, 0x000000008d400000|  0%| F|  |TAMS 0x000000008d300000, 0x000000008d300000| Untracked 
| 124|0x000000008d400000, 0x000000008d400000, 0x000000008d500000|  0%| F|  |TAMS 0x000000008d400000, 0x000000008d400000| Untracked 
| 125|0x000000008d500000, 0x000000008d500000, 0x000000008d600000|  0%| F|  |TAMS 0x000000008d500000, 0x000000008d500000| Untracked 
| 126|0x000000008d600000, 0x000000008d600000, 0x000000008d700000|  0%| F|  |TAMS 0x000000008d600000, 0x000000008d600000| Untracked 
| 127|0x000000008d700000, 0x000000008d700000, 0x000000008d800000|  0%| F|  |TAMS 0x000000008d700000, 0x000000008d700000| Untracked 
| 128|0x000000008d800000, 0x000000008d800000, 0x000000008d900000|  0%| F|  |TAMS 0x000000008d800000, 0x000000008d800000| Untracked 
| 129|0x000000008d900000, 0x000000008d900000, 0x000000008da00000|  0%| F|  |TAMS 0x000000008d900000, 0x000000008d900000| Untracked 
| 130|0x000000008da00000, 0x000000008da6ba08, 0x000000008db00000| 42%| S|CS|TAMS 0x000000008da00000, 0x000000008da00000| Complete 
| 131|0x000000008db00000, 0x000000008dc00000, 0x000000008dc00000|100%| S|CS|TAMS 0x000000008db00000, 0x000000008db00000| Complete 
| 132|0x000000008dc00000, 0x000000008dd00000, 0x000000008dd00000|100%| S|CS|TAMS 0x000000008dc00000, 0x000000008dc00000| Complete 
| 133|0x000000008dd00000, 0x000000008dd00000, 0x000000008de00000|  0%| F|  |TAMS 0x000000008dd00000, 0x000000008dd00000| Untracked 
| 134|0x000000008de00000, 0x000000008de00000, 0x000000008df00000|  0%| F|  |TAMS 0x000000008de00000, 0x000000008de00000| Untracked 
| 135|0x000000008df00000, 0x000000008df00000, 0x000000008e000000|  0%| F|  |TAMS 0x000000008df00000, 0x000000008df00000| Untracked 
| 136|0x000000008e000000, 0x000000008e000000, 0x000000008e100000|  0%| F|  |TAMS 0x000000008e000000, 0x000000008e000000| Untracked 
| 137|0x000000008e100000, 0x000000008e100000, 0x000000008e200000|  0%| F|  |TAMS 0x000000008e100000, 0x000000008e100000| Untracked 
| 138|0x000000008e200000, 0x000000008e200000, 0x000000008e300000|  0%| F|  |TAMS 0x000000008e200000, 0x000000008e200000| Untracked 
| 139|0x000000008e300000, 0x000000008e300000, 0x000000008e400000|  0%| F|  |TAMS 0x000000008e300000, 0x000000008e300000| Untracked 
| 140|0x000000008e400000, 0x000000008e400000, 0x000000008e500000|  0%| F|  |TAMS 0x000000008e400000, 0x000000008e400000| Untracked 
| 141|0x000000008e500000, 0x000000008e500000, 0x000000008e600000|  0%| F|  |TAMS 0x000000008e500000, 0x000000008e500000| Untracked 
| 142|0x000000008e600000, 0x000000008e600000, 0x000000008e700000|  0%| F|  |TAMS 0x000000008e600000, 0x000000008e600000| Untracked 
| 143|0x000000008e700000, 0x000000008e700000, 0x000000008e800000|  0%| F|  |TAMS 0x000000008e700000, 0x000000008e700000| Untracked 
| 144|0x000000008e800000, 0x000000008e800000, 0x000000008e900000|  0%| F|  |TAMS 0x000000008e800000, 0x000000008e800000| Untracked 
| 145|0x000000008e900000, 0x000000008e900000, 0x000000008ea00000|  0%| F|  |TAMS 0x000000008e900000, 0x000000008e900000| Untracked 
| 146|0x000000008ea00000, 0x000000008ea00000, 0x000000008eb00000|  0%| F|  |TAMS 0x000000008ea00000, 0x000000008ea00000| Untracked 
| 147|0x000000008eb00000, 0x000000008eb00000, 0x000000008ec00000|  0%| F|  |TAMS 0x000000008eb00000, 0x000000008eb00000| Untracked 
| 148|0x000000008ec00000, 0x000000008ec00000, 0x000000008ed00000|  0%| F|  |TAMS 0x000000008ec00000, 0x000000008ec00000| Untracked 
| 149|0x000000008ed00000, 0x000000008ed00000, 0x000000008ee00000|  0%| F|  |TAMS 0x000000008ed00000, 0x000000008ed00000| Untracked 
| 150|0x000000008ee00000, 0x000000008ee00000, 0x000000008ef00000|  0%| F|  |TAMS 0x000000008ee00000, 0x000000008ee00000| Untracked 
| 151|0x000000008ef00000, 0x000000008ef00000, 0x000000008f000000|  0%| F|  |TAMS 0x000000008ef00000, 0x000000008ef00000| Untracked 
| 152|0x000000008f000000, 0x000000008f000000, 0x000000008f100000|  0%| F|  |TAMS 0x000000008f000000, 0x000000008f000000| Untracked 
| 153|0x000000008f100000, 0x000000008f100000, 0x000000008f200000|  0%| F|  |TAMS 0x000000008f100000, 0x000000008f100000| Untracked 
| 154|0x000000008f200000, 0x000000008f200000, 0x000000008f300000|  0%| F|  |TAMS 0x000000008f200000, 0x000000008f200000| Untracked 
| 155|0x000000008f300000, 0x000000008f300000, 0x000000008f400000|  0%| F|  |TAMS 0x000000008f300000, 0x000000008f300000| Untracked 
| 156|0x000000008f400000, 0x000000008f400000, 0x000000008f500000|  0%| F|  |TAMS 0x000000008f400000, 0x000000008f400000| Untracked 
| 157|0x000000008f500000, 0x000000008f500000, 0x000000008f600000|  0%| F|  |TAMS 0x000000008f500000, 0x000000008f500000| Untracked 
| 158|0x000000008f600000, 0x000000008f600000, 0x000000008f700000|  0%| F|  |TAMS 0x000000008f600000, 0x000000008f600000| Untracked 
| 159|0x000000008f700000, 0x000000008f77f708, 0x000000008f800000| 49%| E|  |TAMS 0x000000008f700000, 0x000000008f700000| Complete 
| 160|0x000000008f800000, 0x000000008f900000, 0x000000008f900000|100%| E|CS|TAMS 0x000000008f800000, 0x000000008f800000| Complete 
| 161|0x000000008f900000, 0x000000008fa00000, 0x000000008fa00000|100%| E|CS|TAMS 0x000000008f900000, 0x000000008f900000| Complete 
| 162|0x000000008fa00000, 0x000000008fb00000, 0x000000008fb00000|100%| E|CS|TAMS 0x000000008fa00000, 0x000000008fa00000| Complete 
| 163|0x000000008fb00000, 0x000000008fc00000, 0x000000008fc00000|100%| E|CS|TAMS 0x000000008fb00000, 0x000000008fb00000| Complete 
| 164|0x000000008fc00000, 0x000000008fd00000, 0x000000008fd00000|100%| E|CS|TAMS 0x000000008fc00000, 0x000000008fc00000| Complete 
| 165|0x000000008fd00000, 0x000000008fe00000, 0x000000008fe00000|100%| E|CS|TAMS 0x000000008fd00000, 0x000000008fd00000| Complete 
| 166|0x000000008fe00000, 0x000000008ff00000, 0x000000008ff00000|100%| E|CS|TAMS 0x000000008fe00000, 0x000000008fe00000| Complete 
| 167|0x000000008ff00000, 0x0000000090000000, 0x0000000090000000|100%| E|CS|TAMS 0x000000008ff00000, 0x000000008ff00000| Complete 
| 168|0x0000000090000000, 0x0000000090100000, 0x0000000090100000|100%| E|CS|TAMS 0x0000000090000000, 0x0000000090000000| Complete 
| 169|0x0000000090100000, 0x0000000090200000, 0x0000000090200000|100%| E|CS|TAMS 0x0000000090100000, 0x0000000090100000| Complete 
| 170|0x0000000090200000, 0x0000000090300000, 0x0000000090300000|100%| E|CS|TAMS 0x0000000090200000, 0x0000000090200000| Complete 
| 171|0x0000000090300000, 0x0000000090400000, 0x0000000090400000|100%| E|CS|TAMS 0x0000000090300000, 0x0000000090300000| Complete 
| 172|0x0000000090400000, 0x0000000090500000, 0x0000000090500000|100%| E|CS|TAMS 0x0000000090400000, 0x0000000090400000| Complete 
| 173|0x0000000090500000, 0x0000000090600000, 0x0000000090600000|100%| E|CS|TAMS 0x0000000090500000, 0x0000000090500000| Complete 
| 174|0x0000000090600000, 0x0000000090700000, 0x0000000090700000|100%| E|CS|TAMS 0x0000000090600000, 0x0000000090600000| Complete 
| 175|0x0000000090700000, 0x0000000090800000, 0x0000000090800000|100%| E|CS|TAMS 0x0000000090700000, 0x0000000090700000| Complete 
| 176|0x0000000090800000, 0x0000000090900000, 0x0000000090900000|100%| E|CS|TAMS 0x0000000090800000, 0x0000000090800000| Complete 
| 177|0x0000000090900000, 0x0000000090a00000, 0x0000000090a00000|100%| E|CS|TAMS 0x0000000090900000, 0x0000000090900000| Complete 
| 178|0x0000000090a00000, 0x0000000090b00000, 0x0000000090b00000|100%| E|CS|TAMS 0x0000000090a00000, 0x0000000090a00000| Complete 
| 179|0x0000000090b00000, 0x0000000090c00000, 0x0000000090c00000|100%| E|CS|TAMS 0x0000000090b00000, 0x0000000090b00000| Complete 
| 180|0x0000000090c00000, 0x0000000090d00000, 0x0000000090d00000|100%| E|CS|TAMS 0x0000000090c00000, 0x0000000090c00000| Complete 
| 181|0x0000000090d00000, 0x0000000090e00000, 0x0000000090e00000|100%| E|CS|TAMS 0x0000000090d00000, 0x0000000090d00000| Complete 
| 182|0x0000000090e00000, 0x0000000090f00000, 0x0000000090f00000|100%| E|CS|TAMS 0x0000000090e00000, 0x0000000090e00000| Complete 
| 183|0x0000000090f00000, 0x0000000091000000, 0x0000000091000000|100%| E|CS|TAMS 0x0000000090f00000, 0x0000000090f00000| Complete 
| 184|0x0000000091000000, 0x0000000091100000, 0x0000000091100000|100%| E|CS|TAMS 0x0000000091000000, 0x0000000091000000| Complete 
| 185|0x0000000091100000, 0x0000000091200000, 0x0000000091200000|100%| E|CS|TAMS 0x0000000091100000, 0x0000000091100000| Complete 
| 186|0x0000000091200000, 0x0000000091300000, 0x0000000091300000|100%| E|CS|TAMS 0x0000000091200000, 0x0000000091200000| Complete 
| 187|0x0000000091300000, 0x0000000091400000, 0x0000000091400000|100%| E|CS|TAMS 0x0000000091300000, 0x0000000091300000| Complete 
| 188|0x0000000091400000, 0x0000000091500000, 0x0000000091500000|100%| E|CS|TAMS 0x0000000091400000, 0x0000000091400000| Complete 
| 189|0x0000000091500000, 0x0000000091600000, 0x0000000091600000|100%| E|CS|TAMS 0x0000000091500000, 0x0000000091500000| Complete 
| 190|0x0000000091600000, 0x0000000091700000, 0x0000000091700000|100%| E|CS|TAMS 0x0000000091600000, 0x0000000091600000| Complete 
| 191|0x0000000091700000, 0x0000000091800000, 0x0000000091800000|100%| E|CS|TAMS 0x0000000091700000, 0x0000000091700000| Complete 
|1950|0x00000000ff600000, 0x00000000ff700000, 0x00000000ff700000|100%| O|  |TAMS 0x00000000ff700000, 0x00000000ff600000| Untracked 
|1951|0x00000000ff700000, 0x00000000ff800000, 0x00000000ff800000|100%| O|  |TAMS 0x00000000ff800000, 0x00000000ff700000| Untracked 
|1952|0x00000000ff800000, 0x00000000ff900000, 0x00000000ff900000|100%| O|  |TAMS 0x00000000ff900000, 0x00000000ff800000| Untracked 
|1953|0x00000000ff900000, 0x00000000ffa00000, 0x00000000ffa00000|100%| O|  |TAMS 0x00000000ffa00000, 0x00000000ff900000| Untracked 
|1954|0x00000000ffa00000, 0x00000000ffb00000, 0x00000000ffb00000|100%| O|  |TAMS 0x00000000ffb00000, 0x00000000ffa00000| Untracked 
|1955|0x00000000ffb00000, 0x00000000ffc00000, 0x00000000ffc00000|100%| O|  |TAMS 0x00000000ffc00000, 0x00000000ffb00000| Untracked 
|1956|0x00000000ffc00000, 0x00000000ffd00000, 0x00000000ffd00000|100%| O|  |TAMS 0x00000000ffd00000, 0x00000000ffc00000| Untracked 
|1957|0x00000000ffd00000, 0x00000000ffe00000, 0x00000000ffe00000|100%| O|  |TAMS 0x00000000ffe00000, 0x00000000ffd00000| Untracked 
|1958|0x00000000ffe00000, 0x00000000fff00000, 0x00000000fff00000|100%| O|  |TAMS 0x00000000fff00000, 0x00000000ffe00000| Untracked 
|1959|0x00000000fff00000, 0x0000000100000000, 0x0000000100000000|100%| O|  |TAMS 0x0000000100000000, 0x00000000fff00000| Untracked 

Card table byte_map: [0x000002487d920000,0x000002487dd00000] _byte_map_base: 0x000002487d4f4000

Marking Bits (Prev, Next): (CMBitMap*) 0x00000248669d1100, (CMBitMap*) 0x00000248669d10c0
 Prev Bits: [0x0000024800000000, 0x0000024801ea0000)
 Next Bits: [0x000002487e0e0000, 0x000002487ff80000)

Polling page: 0x0000024866140000

Metaspace:

Usage:
  Non-class:     38.07 MB used.
      Class:      4.92 MB used.
       Both:     42.99 MB used.

Virtual space:
  Non-class space:       64.00 MB reserved,      38.31 MB ( 60%) committed,  1 nodes.
      Class space:        1.00 GB reserved,       5.19 MB ( <1%) committed,  1 nodes.
             Both:        1.06 GB reserved,      43.50 MB (  4%) committed. 

Chunk freelists:
   Non-Class:  9.58 MB
       Class:  10.66 MB
        Both:  20.24 MB

MaxMetaspaceSize: unlimited
CompressedClassSpaceSize: 1.00 GB
Initial GC threshold: 21.00 MB
Current GC threshold: 52.75 MB
CDS: on
MetaspaceReclaimPolicy: balanced
 - commit_granule_bytes: 65536.
 - commit_granule_words: 8192.
 - virtual_space_node_default_size: 8388608.
 - enlarge_chunks_in_place: 1.
 - new_chunks_are_fully_committed: 0.
 - uncommit_free_chunks: 1.
 - use_allocation_guard: 0.
 - handle_deallocations: 1.


Internal statistics:

num_allocs_failed_limit: 3.
num_arena_births: 342.
num_arena_deaths: 6.
num_vsnodes_births: 2.
num_vsnodes_deaths: 0.
num_space_committed: 711.
num_space_uncommitted: 15.
num_chunks_returned_to_freelist: 70.
num_chunks_taken_from_freelist: 2021.
num_chunk_merges: 22.
num_chunk_splits: 1453.
num_chunks_enlarged: 1172.
num_purges: 2.
num_inconsistent_stats: 0.

CodeHeap 'non-profiled nmethods': size=120000Kb used=4123Kb max_used=4952Kb free=115876Kb
 bounds [0x0000024875ce0000, 0x00000248761c0000, 0x000002487d210000]
CodeHeap 'profiled nmethods': size=120000Kb used=14660Kb max_used=16166Kb free=105339Kb
 bounds [0x000002486e210000, 0x000002486f1e0000, 0x0000024875740000]
CodeHeap 'non-nmethods': size=5760Kb used=1272Kb max_used=1295Kb free=4487Kb
 bounds [0x0000024875740000, 0x00000248759b0000, 0x0000024875ce0000]
 total_blobs=7417 nmethods=6840 adapters=489
 compilation: enabled
              stopped_count=0, restarted_count=0
 full_count=0

Compilation events (20 events):
Event: 23.246 Thread 0x00000248048bc1d0 8315       2       java.lang.invoke.InvokerBytecodeGenerator::emitPushArguments (45 bytes)
Event: 23.246 Thread 0x00000248048bc1d0 nmethod 8315 0x000002486ebc6d90 code [0x000002486ebc6f40, 0x000002486ebc71b8]
Event: 23.246 Thread 0x00000248048bc1d0 8316       2       java.lang.invoke.InvokerBytecodeGenerator::refKindOpcode (112 bytes)
Event: 23.246 Thread 0x00000248048bc1d0 nmethod 8316 0x000002486e2dab90 code [0x000002486e2dada0, 0x000002486e2db258]
Event: 23.246 Thread 0x00000248048bc1d0 8317       2       java.lang.invoke.InvokerBytecodeGenerator::emitStoreInsn (21 bytes)
Event: 23.247 Thread 0x00000248048bc1d0 nmethod 8317 0x000002486ec8a210 code [0x000002486ec8a3c0, 0x000002486ec8a558]
Event: 23.247 Thread 0x00000248048bc1d0 8318       2       java.lang.invoke.LambdaFormBuffer::changeName (149 bytes)
Event: 23.247 Thread 0x00000248048bc1d0 nmethod 8318 0x000002486ec8ef10 code [0x000002486ec8f0c0, 0x000002486ec8f3c8]
Event: 23.247 Thread 0x00000248048bc1d0 8321       2       java.lang.invoke.LambdaForm$MH/0x00000248063e5400::invoke (27 bytes)
Event: 23.247 Thread 0x00000248048bc1d0 nmethod 8321 0x000002486ec8e090 code [0x000002486ec8e240, 0x000002486ec8e3f8]
Event: 23.247 Thread 0x00000248048bc1d0 8322       2       java.lang.StringConcatHelper::newArrayWithSuffix (40 bytes)
Event: 23.247 Thread 0x00000248048bc1d0 nmethod 8322 0x000002486e528190 code [0x000002486e528340, 0x000002486e528568]
Event: 23.248 Thread 0x00000248048bc1d0 8323       3       java.util.stream.AbstractPipeline::evaluate (94 bytes)
Event: 23.248 Thread 0x00000248048bc1d0 nmethod 8323 0x000002486e4b5390 code [0x000002486e4b55c0, 0x000002486e4b5c68]
Event: 23.250 Thread 0x00000248048bc1d0 8324       2       java.lang.invoke.MethodHandle::bindTo (19 bytes)
Event: 23.250 Thread 0x00000248048bc1d0 nmethod 8324 0x000002486e846090 code [0x000002486e846260, 0x000002486e8465b8]
Event: 23.250 Thread 0x00000248048bc1d0 8325       2       java.lang.invoke.MethodType::leadingReferenceParameter (30 bytes)
Event: 23.250 Thread 0x00000248048bc1d0 nmethod 8325 0x000002486e981410 code [0x000002486e9815c0, 0x000002486e9817c8]
Event: 23.252 Thread 0x00000248048bc1d0 8327       3       java.lang.CharacterDataLatin1::isWhitespace (23 bytes)
Event: 23.252 Thread 0x00000248048bc1d0 nmethod 8327 0x000002486ec75810 code [0x000002486ec759c0, 0x000002486ec75bb8]

GC Heap History (20 events):
Event: 12.916 GC heap before
{Heap before GC invocations=9 (full 0):
 garbage-first heap   total 115712K, used 80425K [0x0000000085800000, 0x0000000100000000)
  region size 1024K, 35 young (35840K), 1 survivors (1024K)
 Metaspace       used 26152K, committed 26496K, reserved 1114112K
  class space    used 2977K, committed 3136K, reserved 1048576K
}
Event: 12.926 GC heap after
{Heap after GC invocations=10 (full 0):
 garbage-first heap   total 115712K, used 54784K [0x0000000085800000, 0x0000000100000000)
  region size 1024K, 5 young (5120K), 5 survivors (5120K)
 Metaspace       used 26152K, committed 26496K, reserved 1114112K
  class space    used 2977K, committed 3136K, reserved 1048576K
}
Event: 14.771 GC heap before
{Heap before GC invocations=10 (full 0):
 garbage-first heap   total 115712K, used 82432K [0x0000000085800000, 0x0000000100000000)
  region size 1024K, 33 young (33792K), 5 survivors (5120K)
 Metaspace       used 27972K, committed 28288K, reserved 1114112K
  class space    used 3181K, committed 3328K, reserved 1048576K
}
Event: 14.777 GC heap after
{Heap after GC invocations=11 (full 0):
 garbage-first heap   total 115712K, used 56292K [0x0000000085800000, 0x0000000100000000)
  region size 1024K, 1 young (1024K), 1 survivors (1024K)
 Metaspace       used 27972K, committed 28288K, reserved 1114112K
  class space    used 3181K, committed 3328K, reserved 1048576K
}
Event: 16.671 GC heap before
{Heap before GC invocations=11 (full 0):
 garbage-first heap   total 115712K, used 87012K [0x0000000085800000, 0x0000000100000000)
  region size 1024K, 31 young (31744K), 1 survivors (1024K)
 Metaspace       used 29098K, committed 29504K, reserved 1114112K
  class space    used 3296K, committed 3520K, reserved 1048576K
}
Event: 16.678 GC heap after
{Heap after GC invocations=12 (full 0):
 garbage-first heap   total 115712K, used 67498K [0x0000000085800000, 0x0000000100000000)
  region size 1024K, 4 young (4096K), 4 survivors (4096K)
 Metaspace       used 29098K, committed 29504K, reserved 1114112K
  class space    used 3296K, committed 3520K, reserved 1048576K
}
Event: 17.033 GC heap before
{Heap before GC invocations=13 (full 0):
 garbage-first heap   total 116736K, used 85930K [0x0000000085800000, 0x0000000100000000)
  region size 1024K, 23 young (23552K), 4 survivors (4096K)
 Metaspace       used 29141K, committed 29568K, reserved 1114112K
  class space    used 3296K, committed 3520K, reserved 1048576K
}
Event: 17.043 GC heap after
{Heap after GC invocations=14 (full 0):
 garbage-first heap   total 206848K, used 75671K [0x0000000085800000, 0x0000000100000000)
  region size 1024K, 3 young (3072K), 3 survivors (3072K)
 Metaspace       used 29141K, committed 29568K, reserved 1114112K
  class space    used 3296K, committed 3520K, reserved 1048576K
}
Event: 17.086 GC heap before
{Heap before GC invocations=14 (full 0):
 garbage-first heap   total 206848K, used 81815K [0x0000000085800000, 0x0000000100000000)
  region size 1024K, 10 young (10240K), 3 survivors (3072K)
 Metaspace       used 29142K, committed 29568K, reserved 1114112K
  class space    used 3296K, committed 3520K, reserved 1048576K
}
Event: 17.090 GC heap after
{Heap after GC invocations=15 (full 0):
 garbage-first heap   total 206848K, used 74145K [0x0000000085800000, 0x0000000100000000)
  region size 1024K, 2 young (2048K), 2 survivors (2048K)
 Metaspace       used 29142K, committed 29568K, reserved 1114112K
  class space    used 3296K, committed 3520K, reserved 1048576K
}
Event: 18.620 GC heap before
{Heap before GC invocations=15 (full 0):
 garbage-first heap   total 206848K, used 134561K [0x0000000085800000, 0x0000000100000000)
  region size 1024K, 62 young (63488K), 2 survivors (2048K)
 Metaspace       used 30724K, committed 31168K, reserved 1114112K
  class space    used 3454K, committed 3648K, reserved 1048576K
}
Event: 18.628 GC heap after
{Heap after GC invocations=16 (full 0):
 garbage-first heap   total 206848K, used 84800K [0x0000000085800000, 0x0000000100000000)
  region size 1024K, 8 young (8192K), 8 survivors (8192K)
 Metaspace       used 30724K, committed 31168K, reserved 1114112K
  class space    used 3454K, committed 3648K, reserved 1048576K
}
Event: 19.043 GC heap before
{Heap before GC invocations=16 (full 0):
 garbage-first heap   total 206848K, used 132928K [0x0000000085800000, 0x0000000100000000)
  region size 1024K, 40 young (40960K), 8 survivors (8192K)
 Metaspace       used 32723K, committed 33152K, reserved 1114112K
  class space    used 3744K, committed 3968K, reserved 1048576K
}
Event: 19.048 GC heap after
{Heap after GC invocations=17 (full 0):
 garbage-first heap   total 206848K, used 104088K [0x0000000085800000, 0x0000000100000000)
  region size 1024K, 3 young (3072K), 3 survivors (3072K)
 Metaspace       used 32723K, committed 33152K, reserved 1114112K
  class space    used 3744K, committed 3968K, reserved 1048576K
}
Event: 19.817 GC heap before
{Heap before GC invocations=18 (full 0):
 garbage-first heap   total 206848K, used 160408K [0x0000000085800000, 0x0000000100000000)
  region size 1024K, 51 young (52224K), 3 survivors (3072K)
 Metaspace       used 33047K, committed 33472K, reserved 1114112K
  class space    used 3781K, committed 3968K, reserved 1048576K
}
Event: 19.821 GC heap after
{Heap after GC invocations=19 (full 0):
 garbage-first heap   total 206848K, used 96405K [0x0000000085800000, 0x0000000100000000)
  region size 1024K, 7 young (7168K), 7 survivors (7168K)
 Metaspace       used 33047K, committed 33472K, reserved 1114112K
  class space    used 3781K, committed 3968K, reserved 1048576K
}
Event: 19.822 GC heap before
{Heap before GC invocations=19 (full 0):
 garbage-first heap   total 206848K, used 98453K [0x0000000085800000, 0x0000000100000000)
  region size 1024K, 10 young (10240K), 7 survivors (7168K)
 Metaspace       used 33047K, committed 33472K, reserved 1114112K
  class space    used 3781K, committed 3968K, reserved 1048576K
}
Event: 19.824 GC heap after
{Heap after GC invocations=20 (full 0):
 garbage-first heap   total 206848K, used 88067K [0x0000000085800000, 0x0000000100000000)
  region size 1024K, 1 young (1024K), 1 survivors (1024K)
 Metaspace       used 33047K, committed 33472K, reserved 1114112K
  class space    used 3781K, committed 3968K, reserved 1048576K
}
Event: 22.849 GC heap before
{Heap before GC invocations=20 (full 0):
 garbage-first heap   total 206848K, used 146435K [0x0000000085800000, 0x0000000100000000)
  region size 1024K, 59 young (60416K), 1 survivors (1024K)
 Metaspace       used 36947K, committed 37376K, reserved 1114112K
  class space    used 4222K, committed 4416K, reserved 1048576K
}
Event: 22.851 GC heap after
{Heap after GC invocations=21 (full 0):
 garbage-first heap   total 206848K, used 90167K [0x0000000085800000, 0x0000000100000000)
  region size 1024K, 3 young (3072K), 3 survivors (3072K)
 Metaspace       used 36947K, committed 37376K, reserved 1114112K
  class space    used 4222K, committed 4416K, reserved 1048576K
}

Deoptimization events (20 events):
Event: 23.205 Thread 0x0000024866976c20 Uncommon trap: trap_request=0xffffffde fr.pc=0x0000024875f5720c relative=0x00000000000003ac
Event: 23.205 Thread 0x0000024866976c20 Uncommon trap: reason=class_check action=maybe_recompile pc=0x0000024875f5720c method=java.util.regex.Pattern$Branch.match(Ljava/util/regex/Matcher;ILjava/lang/CharSequence;)Z @ 50 c2
Event: 23.205 Thread 0x0000024866976c20 DEOPT PACKING pc=0x0000024875f5720c sp=0x000000f1102fd870
Event: 23.205 Thread 0x0000024866976c20 DEOPT UNPACKING pc=0x0000024875795ba3 sp=0x000000f1102fd810 mode 2
Event: 23.205 Thread 0x0000024866976c20 Uncommon trap: trap_request=0xffffffde fr.pc=0x0000024875f5720c relative=0x00000000000003ac
Event: 23.205 Thread 0x0000024866976c20 Uncommon trap: reason=class_check action=maybe_recompile pc=0x0000024875f5720c method=java.util.regex.Pattern$Branch.match(Ljava/util/regex/Matcher;ILjava/lang/CharSequence;)Z @ 50 c2
Event: 23.205 Thread 0x0000024866976c20 DEOPT PACKING pc=0x0000024875f5720c sp=0x000000f1102fd870
Event: 23.205 Thread 0x0000024866976c20 DEOPT UNPACKING pc=0x0000024875795ba3 sp=0x000000f1102fd810 mode 2
Event: 23.205 Thread 0x0000024866976c20 Uncommon trap: trap_request=0xffffffde fr.pc=0x0000024875f5720c relative=0x00000000000003ac
Event: 23.205 Thread 0x0000024866976c20 Uncommon trap: reason=class_check action=maybe_recompile pc=0x0000024875f5720c method=java.util.regex.Pattern$Branch.match(Ljava/util/regex/Matcher;ILjava/lang/CharSequence;)Z @ 50 c2
Event: 23.205 Thread 0x0000024866976c20 DEOPT PACKING pc=0x0000024875f5720c sp=0x000000f1102fd870
Event: 23.205 Thread 0x0000024866976c20 DEOPT UNPACKING pc=0x0000024875795ba3 sp=0x000000f1102fd810 mode 2
Event: 23.251 Thread 0x000002484a1d5a90 Uncommon trap: trap_request=0xffffffc6 fr.pc=0x0000024876150654 relative=0x0000000000000214
Event: 23.251 Thread 0x000002484a1d5a90 Uncommon trap: reason=bimorphic_or_optimized_type_check action=maybe_recompile pc=0x0000024876150654 method=java.util.Comparator.thenComparing(Ljava/util/function/Function;Ljava/util/Comparator;)Ljava/util/Comparator; @ 6 c2
Event: 23.251 Thread 0x000002484a1d5a90 DEOPT PACKING pc=0x0000024876150654 sp=0x000000f1127feda0
Event: 23.251 Thread 0x000002484a1d5a90 DEOPT UNPACKING pc=0x0000024875795ba3 sp=0x000000f1127fed48 mode 2
Event: 23.251 Thread 0x000002484a1d5a90 Uncommon trap: trap_request=0xffffffc6 fr.pc=0x0000024876150654 relative=0x0000000000000214
Event: 23.251 Thread 0x000002484a1d5a90 Uncommon trap: reason=bimorphic_or_optimized_type_check action=maybe_recompile pc=0x0000024876150654 method=java.util.Comparator.thenComparing(Ljava/util/function/Function;Ljava/util/Comparator;)Ljava/util/Comparator; @ 6 c2
Event: 23.251 Thread 0x000002484a1d5a90 DEOPT PACKING pc=0x0000024876150654 sp=0x000000f1127fee00
Event: 23.251 Thread 0x000002484a1d5a90 DEOPT UNPACKING pc=0x0000024875795ba3 sp=0x000000f1127feda8 mode 2

Classes unloaded (20 events):
Event: 19.082 Thread 0x000002480489f9a0 Unloading class 0x000002480631ac00 'lombok/javac/apt/LombokFileObject'
Event: 19.082 Thread 0x000002480489f9a0 Unloading class 0x000002480631aa00 'lombok/javac/apt/LombokFileObjects'
Event: 19.082 Thread 0x000002480489f9a0 Unloading class 0x000002480631a7c8 'lombok/javac/apt/MessagerDiagnosticsReceiver'
Event: 19.082 Thread 0x000002480489f9a0 Unloading class 0x000002480631a420 'lombok/javac/apt/InterceptingJavaFileManager'
Event: 19.082 Thread 0x000002480489f9a0 Unloading class 0x000002480631a218 'lombok/permit/dummy/Parent'
Event: 19.082 Thread 0x000002480489f9a0 Unloading class 0x000002480631a000 'lombok/core/CleanupRegistry'
Event: 19.082 Thread 0x000002480489f9a0 Unloading class 0x0000024806319ce8 'lombok/permit/Permit$Fake'
Event: 19.082 Thread 0x000002480489f9a0 Unloading class 0x0000024806319ae8 'lombok/permit/Permit'
Event: 19.082 Thread 0x000002480489f9a0 Unloading class 0x0000024806318d88 'lombok/core/DiagnosticsReceiver'
Event: 19.082 Thread 0x000002480489f9a0 Unloading class 0x0000024806319800 'lombok/javac/apt/LombokProcessor$1'
Event: 19.082 Thread 0x000002480489f9a0 Unloading class 0x0000024806318af0 'lombok/javac/apt/LombokProcessor'
Event: 19.082 Thread 0x000002480489f9a0 Unloading class 0x00000248063188c0 'lombok/core/AnnotationProcessor$EcjDescriptor'
Event: 19.082 Thread 0x000002480489f9a0 Unloading class 0x0000024806318688 'lombok/core/AnnotationProcessor$JavacDescriptor'
Event: 19.083 Thread 0x000002480489f9a0 Unloading class 0x0000024806318280 'lombok/core/AnnotationProcessor$ProcessorDescriptor'
Event: 19.083 Thread 0x000002480489f9a0 Unloading class 0x0000024806318000 'lombok/core/AnnotationProcessor'
Event: 19.083 Thread 0x000002480489f9a0 Unloading class 0x0000024806319200 'lombok/launch/AnnotationProcessorHider$ClaimingProcessor'
Event: 19.083 Thread 0x000002480489f9a0 Unloading class 0x0000024806319000 'lombok/launch/AnnotationProcessorHider$AstModificationNotifierData'
Event: 19.083 Thread 0x000002480489f9a0 Unloading class 0x00000248062f0480 'lombok/launch/ShadowClassLoader'
Event: 19.083 Thread 0x000002480489f9a0 Unloading class 0x00000248062f0280 'lombok/launch/Main'
Event: 19.083 Thread 0x000002480489f9a0 Unloading class 0x00000248062f0000 'lombok/launch/AnnotationProcessorHider$AnnotationProcessor'

Classes redefined (0 events):
No events

Internal exceptions (20 events):
Event: 19.853 Thread 0x000002484a607580 Exception <a 'java/lang/NoSuchMethodError'{0x0000000090b30460}: 'void java.lang.invoke.DirectMethodHandle$Holder.invokeStatic(java.lang.Object, long)'> (0x0000000090b30460) 
thrown [s\open\src\hotspot\share\interpreter\linkResolver.cpp, line 759]
Event: 19.854 Thread 0x000002484a607580 Exception <a 'java/lang/NoSuchMethodError'{0x0000000090b35ab0}: 'java.lang.Object java.lang.invoke.DirectMethodHandle$Holder.newInvokeSpecial(java.lang.Object, long)'> (0x0000000090b35ab0) 
thrown [s\open\src\hotspot\share\interpreter\linkResolver.cpp, line 759]
Event: 19.859 Thread 0x000002484a607580 Exception <a 'java/lang/NoSuchMethodError'{0x0000000090b403e8}: 'java.lang.Object java.lang.invoke.DirectMethodHandle$Holder.invokeStaticInit(java.lang.Object, java.lang.Object, long, java.lang.Object)'> (0x0000000090b403e8) 
thrown [s\open\src\hotspot\share\interpreter\linkResolver.cpp, line 759]
Event: 19.859 Thread 0x000002484a607580 Exception <a 'java/lang/NoSuchMethodError'{0x0000000090b46a30}: 'java.lang.Object java.lang.invoke.DirectMethodHandle$Holder.newInvokeSpecial(java.lang.Object, java.lang.Object, long)'> (0x0000000090b46a30) 
thrown [s\open\src\hotspot\share\interpreter\linkResolver.cpp, line 759]
Event: 19.859 Thread 0x000002484a607580 Exception <a 'java/lang/NoSuchMethodError'{0x0000000090b4a5a0}: 'java.lang.Object java.lang.invoke.Invokers$Holder.linkToTargetMethod(java.lang.Object, long, java.lang.Object)'> (0x0000000090b4a5a0) 
thrown [s\open\src\hotspot\share\interpreter\linkResolver.cpp, line 759]
Event: 22.290 Thread 0x0000024866976c20 Exception <a 'sun/nio/fs/WindowsException'{0x000000008fae2870}> (0x000000008fae2870) 
thrown [s\open\src\hotspot\share\prims\jni.cpp, line 516]
Event: 22.313 Thread 0x0000024866976c20 Exception <a 'sun/nio/fs/WindowsException'{0x000000008f7a5508}> (0x000000008f7a5508) 
thrown [s\open\src\hotspot\share\prims\jni.cpp, line 516]
Event: 22.329 Thread 0x0000024866976c20 Exception <a 'sun/nio/fs/WindowsException'{0x000000008f46f590}> (0x000000008f46f590) 
thrown [s\open\src\hotspot\share\prims\jni.cpp, line 516]
Event: 22.465 Thread 0x0000024866976c20 Exception <a 'java/lang/NoSuchMethodError'{0x000000008ec4a9a8}: 'java.lang.Object java.lang.invoke.DirectMethodHandle$Holder.invokeInterface(java.lang.Object, java.lang.Object, java.lang.Object)'> (0x000000008ec4a9a8) 
thrown [s\open\src\hotspot\share\interpreter\linkResolver.cpp, line 759]
Event: 22.627 Thread 0x0000024866976c20 Exception <a 'sun/nio/fs/WindowsException'{0x000000008e86dc90}> (0x000000008e86dc90) 
thrown [s\open\src\hotspot\share\prims\jni.cpp, line 516]
Event: 22.627 Thread 0x0000024866976c20 Exception <a 'sun/nio/fs/WindowsException'{0x000000008e86df20}> (0x000000008e86df20) 
thrown [s\open\src\hotspot\share\prims\jni.cpp, line 516]
Event: 22.824 Thread 0x0000024866976c20 Exception <a 'java/lang/IncompatibleClassChangeError'{0x000000008de2a908}: Found class java.lang.Object, but interface was expected> (0x000000008de2a908) 
thrown [s\open\src\hotspot\share\interpreter\linkResolver.cpp, line 826]
Event: 22.887 Thread 0x0000024866976c20 Exception <a 'java/lang/NoSuchMethodError'{0x00000000916f8c70}: 'int java.lang.invoke.DirectMethodHandle$Holder.invokeStaticInit(java.lang.Object, int)'> (0x00000000916f8c70) 
thrown [s\open\src\hotspot\share\interpreter\linkResolver.cpp, line 759]
Event: 22.923 Thread 0x0000024866976c20 Exception <a 'sun/nio/fs/WindowsException'{0x00000000914c4738}> (0x00000000914c4738) 
thrown [s\open\src\hotspot\share\prims\jni.cpp, line 516]
Event: 22.924 Thread 0x0000024866976c20 Exception <a 'sun/nio/fs/WindowsException'{0x00000000914c52a8}> (0x00000000914c52a8) 
thrown [s\open\src\hotspot\share\prims\jni.cpp, line 516]
Event: 22.924 Thread 0x0000024866976c20 Exception <a 'sun/nio/fs/WindowsException'{0x00000000914d0878}> (0x00000000914d0878) 
thrown [s\open\src\hotspot\share\prims\jni.cpp, line 516]
Event: 22.968 Thread 0x0000024866976c20 Exception <a 'sun/nio/fs/WindowsException'{0x000000009119ef90}> (0x000000009119ef90) 
thrown [s\open\src\hotspot\share\prims\jni.cpp, line 516]
Event: 22.974 Thread 0x000002484a1d6900 Exception <a 'java/lang/NoSuchMethodError'{0x000000009100fbf0}: 'java.lang.Object java.lang.invoke.Invokers$Holder.linkToTargetMethod(java.lang.Object, int, java.lang.Object, java.lang.Object, java.lang.Object, java.lang.Object)'> (0x000000009100fbf0) 
thrown [s\open\src\hotspot\share\interpreter\linkResolver.cpp, line 759]
Event: 22.974 Thread 0x000002484a1d6900 Exception <a 'java/lang/NoSuchMethodError'{0x0000000091016400}: 'void java.lang.invoke.DirectMethodHandle$Holder.invokeStatic(java.lang.Object, java.lang.Object, java.lang.Object, java.lang.Object)'> (0x0000000091016400) 
thrown [s\open\src\hotspot\share\interpreter\linkResolver.cpp, line 759]
Event: 23.213 Thread 0x0000024866976c20 Exception <a 'java/lang/IncompatibleClassChangeError'{0x000000008fed8de0}: Found class java.lang.Object, but interface was expected> (0x000000008fed8de0) 
thrown [s\open\src\hotspot\share\interpreter\linkResolver.cpp, line 826]

VM Operations (20 events):
Event: 22.375 Executing VM operation: HandshakeAllThreads
Event: 22.375 Executing VM operation: HandshakeAllThreads done
Event: 22.376 Executing VM operation: HandshakeAllThreads
Event: 22.376 Executing VM operation: HandshakeAllThreads done
Event: 22.389 Executing VM operation: HandshakeAllThreads
Event: 22.389 Executing VM operation: HandshakeAllThreads done
Event: 22.444 Executing VM operation: HandshakeAllThreads
Event: 22.444 Executing VM operation: HandshakeAllThreads done
Event: 22.660 Executing VM operation: HandshakeAllThreads
Event: 22.660 Executing VM operation: HandshakeAllThreads done
Event: 22.702 Executing VM operation: ICBufferFull
Event: 22.703 Executing VM operation: ICBufferFull done
Event: 22.849 Executing VM operation: G1CollectForAllocation
Event: 22.851 Executing VM operation: G1CollectForAllocation done
Event: 22.923 Executing VM operation: HandshakeAllThreads
Event: 22.923 Executing VM operation: HandshakeAllThreads done
Event: 22.967 Executing VM operation: HandshakeAllThreads
Event: 22.967 Executing VM operation: HandshakeAllThreads done
Event: 22.986 Executing VM operation: HandshakeAllThreads
Event: 22.986 Executing VM operation: HandshakeAllThreads done

Events (20 events):
Event: 23.026 loading class sun/nio/fs/Globs done
Event: 23.026 loading class java/util/regex/Pattern$SliceU
Event: 23.027 loading class java/util/regex/Pattern$SliceU done
Event: 23.027 loading class sun/nio/fs/WindowsFileSystem$2
Event: 23.027 loading class java/nio/file/PathMatcher
Event: 23.027 loading class java/nio/file/PathMatcher done
Event: 23.027 loading class sun/nio/fs/WindowsFileSystem$2 done
Event: 23.027 loading class java/nio/file/Files$1
Event: 23.027 loading class java/nio/file/Files$1 done
Event: 23.087 loading class java/beans/Transient
Event: 23.087 loading class java/beans/Transient done
Event: 23.087 loading class java/beans/ConstructorProperties
Event: 23.092 loading class java/beans/ConstructorProperties done
Event: 23.097 loading class java/lang/invoke/VarHandleLongs$Array
Event: 23.097 loading class java/lang/invoke/VarHandleLongs$Array done
Event: 23.105 loading class java/io/CharArrayReader
Event: 23.105 loading class java/io/CharArrayReader done
Event: 23.245 loading class java/util/regex/Pattern$SliceI
Event: 23.245 loading class java/util/regex/Pattern$SliceI done
Event: 23.250 Thread 0x000002484a1d5a90 Thread added: 0x000002484a1d5a90


Dynamic libraries:
0x00007ff76ee90000 - 0x00007ff76eea0000 	C:\Program Files\Java\jdk-17\bin\java.exe
0x00007ff8930d0000 - 0x00007ff8932e7000 	C:\WINDOWS\SYSTEM32\ntdll.dll
0x00007ff892270000 - 0x00007ff892334000 	C:\WINDOWS\System32\KERNEL32.DLL
0x00007ff8904b0000 - 0x00007ff890856000 	C:\WINDOWS\System32\KERNELBASE.dll
0x00007ff890860000 - 0x00007ff890971000 	C:\WINDOWS\System32\ucrtbase.dll
0x00007ff86b9d0000 - 0x00007ff86b9eb000 	C:\Program Files\Java\jdk-17\bin\VCRUNTIME140.dll
0x00007ff86e2b0000 - 0x00007ff86e2c9000 	C:\Program Files\Java\jdk-17\bin\jli.dll
0x00007ff8914c0000 - 0x00007ff891573000 	C:\WINDOWS\System32\ADVAPI32.dll
0x00007ff891e30000 - 0x00007ff891ed7000 	C:\WINDOWS\System32\msvcrt.dll
0x00007ff8928c0000 - 0x00007ff892968000 	C:\WINDOWS\System32\sechost.dll
0x00007ff890af0000 - 0x00007ff890b18000 	C:\WINDOWS\System32\bcrypt.dll
0x00007ff8929e0000 - 0x00007ff892af7000 	C:\WINDOWS\System32\RPCRT4.dll
0x00007ff891160000 - 0x00007ff89130e000 	C:\WINDOWS\System32\USER32.dll
0x00007ff890b90000 - 0x00007ff890bb6000 	C:\WINDOWS\System32\win32u.dll
0x00007ff869990000 - 0x00007ff869c23000 	C:\WINDOWS\WinSxS\amd64_microsoft.windows.common-controls_6595b64144ccf1df_6.0.22621.2506_none_270c5ae97388e100\COMCTL32.dll
0x00007ff891390000 - 0x00007ff8913b9000 	C:\WINDOWS\System32\GDI32.dll
0x00007ff890c80000 - 0x00007ff890d98000 	C:\WINDOWS\System32\gdi32full.dll
0x00007ff890410000 - 0x00007ff8904aa000 	C:\WINDOWS\System32\msvcp_win.dll
0x00007ff889df0000 - 0x00007ff889dfa000 	C:\WINDOWS\SYSTEM32\VERSION.dll
0x00007ff890e20000 - 0x00007ff890e51000 	C:\WINDOWS\System32\IMM32.DLL
0x00007ff869650000 - 0x00007ff86965c000 	C:\Program Files\Java\jdk-17\bin\vcruntime140_1.dll
0x00007ff869460000 - 0x00007ff8694ee000 	C:\Program Files\Java\jdk-17\bin\msvcp140.dll
0x00007ff868860000 - 0x00007ff86943e000 	C:\Program Files\Java\jdk-17\bin\server\jvm.dll
0x00007ff891140000 - 0x00007ff891148000 	C:\WINDOWS\System32\PSAPI.DLL
0x00007ff869ca0000 - 0x00007ff869ca9000 	C:\WINDOWS\SYSTEM32\WSOCK32.dll
0x00007ff888d00000 - 0x00007ff888d34000 	C:\WINDOWS\SYSTEM32\WINMM.dll
0x00007ff892560000 - 0x00007ff8925d1000 	C:\WINDOWS\System32\WS2_32.dll
0x00007ff88f490000 - 0x00007ff88f4a8000 	C:\WINDOWS\SYSTEM32\kernel.appcore.dll
0x00007ff8659f0000 - 0x00007ff8659fa000 	C:\Program Files\Java\jdk-17\bin\jimage.dll
0x00007ff88dcf0000 - 0x00007ff88df23000 	C:\WINDOWS\SYSTEM32\DBGHELP.DLL
0x00007ff891ee0000 - 0x00007ff892269000 	C:\WINDOWS\System32\combase.dll
0x00007ff891040000 - 0x00007ff891117000 	C:\WINDOWS\System32\OLEAUT32.dll
0x00007ff871f50000 - 0x00007ff871f82000 	C:\WINDOWS\SYSTEM32\dbgcore.DLL
0x00007ff890da0000 - 0x00007ff890e1a000 	C:\WINDOWS\System32\bcryptPrimitives.dll
0x00007ff8891c0000 - 0x00007ff8891ce000 	C:\Program Files\Java\jdk-17\bin\instrument.dll
0x00007ff8653f0000 - 0x00007ff865415000 	C:\Program Files\Java\jdk-17\bin\java.dll
0x00007ff862fb0000 - 0x00007ff863087000 	C:\Program Files\Java\jdk-17\bin\jsvml.dll
0x00007ff8915d0000 - 0x00007ff891e2a000 	C:\WINDOWS\System32\SHELL32.dll
0x00007ff88e320000 - 0x00007ff88ec16000 	C:\WINDOWS\SYSTEM32\windows.storage.dll
0x00007ff88e1e0000 - 0x00007ff88e31e000 	C:\WINDOWS\SYSTEM32\wintypes.dll
0x00007ff8913c0000 - 0x00007ff8914b3000 	C:\WINDOWS\System32\SHCORE.dll
0x00007ff892500000 - 0x00007ff89255e000 	C:\WINDOWS\System32\shlwapi.dll
0x00007ff890340000 - 0x00007ff890366000 	C:\WINDOWS\SYSTEM32\profapi.dll
0x00007ff862b90000 - 0x00007ff862ba8000 	C:\Program Files\Java\jdk-17\bin\zip.dll
0x00007ff862c80000 - 0x00007ff862c99000 	C:\Program Files\Java\jdk-17\bin\net.dll
0x00007ff881bb0000 - 0x00007ff881ce7000 	C:\WINDOWS\SYSTEM32\WINHTTP.dll
0x00007ff88f970000 - 0x00007ff88f9d9000 	C:\WINDOWS\system32\mswsock.dll
0x00007ff862c60000 - 0x00007ff862c76000 	C:\Program Files\Java\jdk-17\bin\nio.dll
0x00007ff87d870000 - 0x00007ff87d88a000 	C:\Program Files\JetBrains\IntelliJ IDEA Community Edition 2023.2.2\bin\breakgen64.dll
0x0000000069ac0000 - 0x0000000069ae4000 	C:\Users\sandi\AppData\Local\Temp\jansi-2.4.0-70644dcf223e8b01-jansi.dll
0x00007ff854080000 - 0x00007ff854090000 	C:\Program Files\Java\jdk-17\bin\verify.dll
0x00007ff88f510000 - 0x00007ff88f544000 	C:\WINDOWS\SYSTEM32\ntmarta.dll
0x00007ff88fb90000 - 0x00007ff88fbab000 	C:\WINDOWS\SYSTEM32\CRYPTSP.dll
0x00007ff88f450000 - 0x00007ff88f485000 	C:\WINDOWS\system32\rsaenh.dll
0x00007ff88fa30000 - 0x00007ff88fa5c000 	C:\WINDOWS\SYSTEM32\USERENV.dll
0x00007ff88fbb0000 - 0x00007ff88fbbc000 	C:\WINDOWS\SYSTEM32\CRYPTBASE.dll
0x00007ff88eef0000 - 0x00007ff88ef1d000 	C:\WINDOWS\SYSTEM32\IPHLPAPI.DLL
0x00007ff891150000 - 0x00007ff891159000 	C:\WINDOWS\System32\NSI.dll
0x00007ff8812c0000 - 0x00007ff8812d9000 	C:\WINDOWS\SYSTEM32\dhcpcsvc6.DLL
0x00007ff881250000 - 0x00007ff88126f000 	C:\WINDOWS\SYSTEM32\dhcpcsvc.DLL
0x00007ff88ef20000 - 0x00007ff88f019000 	C:\WINDOWS\SYSTEM32\DNSAPI.dll

dbghelp: loaded successfully - version: 4.0.5 - missing functions: none
symbol engine: initialized successfully - sym options: 0x614 - pdb path: .;C:\Program Files\Java\jdk-17\bin;C:\WINDOWS\SYSTEM32;C:\WINDOWS\WinSxS\amd64_microsoft.windows.common-controls_6595b64144ccf1df_6.0.22621.2506_none_270c5ae97388e100;C:\Program Files\Java\jdk-17\bin\server;C:\Program Files\JetBrains\IntelliJ IDEA Community Edition 2023.2.2\bin;C:\Users\sandi\AppData\Local\Temp

VM Arguments:
jvm_args: -Dmaven.multiModuleProjectDirectory=C:\Users\sandi\IdeaProjects\virgin-games-serenity -Djansi.passthrough=true -Dmaven.home=C:\Program Files\JetBrains\IntelliJ IDEA Community Edition 2023.2.2\plugins\maven\lib\maven3 -Dclassworlds.conf=C:\Program Files\JetBrains\IntelliJ IDEA Community Edition 2023.2.2\plugins\maven\lib\maven3\bin\m2.conf -Dmaven.ext.class.path=C:\Program Files\JetBrains\IntelliJ IDEA Community Edition 2023.2.2\plugins\maven\lib\maven-event-listener.jar -javaagent:C:\Program Files\JetBrains\IntelliJ IDEA Community Edition 2023.2.2\lib\idea_rt.jar=61820:C:\Program Files\JetBrains\IntelliJ IDEA Community Edition 2023.2.2\bin -Dfile.encoding=UTF-8 
java_command: org.codehaus.classworlds.Launcher -Didea.version=2023.2.2 clean verify serenity:aggregate
java_class_path (initial): C:\Program Files\JetBrains\IntelliJ IDEA Community Edition 2023.2.2\plugins\maven\lib\maven3\boot\plexus-classworlds-2.7.0.jar;C:\Program Files\JetBrains\IntelliJ IDEA Community Edition 2023.2.2\plugins\maven\lib\maven3\boot\plexus-classworlds.license
Launcher Type: SUN_STANDARD

[Global flags]
     intx CICompilerCount                          = 4                                         {product} {ergonomic}
     uint ConcGCThreads                            = 2                                         {product} {ergonomic}
     uint G1ConcRefinementThreads                  = 8                                         {product} {ergonomic}
   size_t G1HeapRegionSize                         = 1048576                                   {product} {ergonomic}
    uintx GCDrainStackTargetSize                   = 64                                        {product} {ergonomic}
   size_t InitialHeapSize                          = 130023424                                 {product} {ergonomic}
   size_t MarkStackSize                            = 4194304                                   {product} {ergonomic}
   size_t MaxHeapSize                              = 2055208960                                {product} {ergonomic}
   size_t MaxNewSize                               = 1233125376                                {product} {ergonomic}
   size_t MinHeapDeltaBytes                        = 1048576                                   {product} {ergonomic}
   size_t MinHeapSize                              = 8388608                                   {product} {ergonomic}
    uintx NonNMethodCodeHeapSize                   = 5839372                                {pd product} {ergonomic}
    uintx NonProfiledCodeHeapSize                  = 122909434                              {pd product} {ergonomic}
    uintx ProfiledCodeHeapSize                     = 122909434                              {pd product} {ergonomic}
    uintx ReservedCodeCacheSize                    = 251658240                              {pd product} {ergonomic}
     bool SegmentedCodeCache                       = true                                      {product} {ergonomic}
   size_t SoftMaxHeapSize                          = 2055208960                             {manageable} {ergonomic}
     bool UseCompressedClassPointers               = true                           {product lp64_product} {ergonomic}
     bool UseCompressedOops                        = true                           {product lp64_product} {ergonomic}
     bool UseG1GC                                  = true                                      {product} {ergonomic}
     bool UseLargePagesIndividualAllocation        = false                                  {pd product} {ergonomic}

Logging:
Log output configuration:
 #0: stdout all=warning uptime,level,tags
 #1: stderr all=off uptime,level,tags

Environment Variables:
JAVA_HOME=C:\Program Files\Java\jdk-17
PATH=C:\Program Files\Common Files\Oracle\Java\javapath;C:\WINDOWS\system32;C:\WINDOWS;C:\WINDOWS\System32\Wbem;C:\WINDOWS\System32\WindowsPowerShell\v1.0\;C:\WINDOWS\System32\OpenSSH\;C:\Program Files\Java\jdk-17\bin;C:\Program Files\Git\cmd;C:\Program Files\Apache\apache-maven-3.9.5\bin;;C:\Program Files\Docker\Docker\resources\bin;C:\Program Files\nodejs\;C:\Users\sandi\AppData\Local\Microsoft\WindowsApps;C:\Users\sandi\AppData\Roaming\npm
USERNAME=sandip
OS=Windows_NT
PROCESSOR_IDENTIFIER=Intel64 Family 6 Model 140 Stepping 1, GenuineIntel



---------------  S Y S T E M  ---------------

OS:
 Windows 11 , 64 bit Build 22621 (10.0.22621.2506)
OS uptime: 2 days 6:36 hours
Hyper-V role detected

CPU: total 8 (initial active 8) (4 cores per cpu, 2 threads per core) family 6 model 140 stepping 1 microcode 0xaa, cx8, cmov, fxsr, ht, mmx, 3dnowpref, sse, sse2, sse3, ssse3, sse4.1, sse4.2, popcnt, lzcnt, tsc, tscinvbit, avx, avx2, aes, erms, clmul, bmi1, bmi2, adx, avx512f, avx512dq, avx512cd, avx512bw, avx512vl, sha, fma, vzeroupper, avx512_vpopcntdq, avx512_vpclmulqdq, avx512_vaes, avx512_vnni, clflush, clflushopt, clwb, avx512_vbmi2, avx512_vbmi, hv

Memory: 4k page, system-wide physical 7834M (268M free)
TotalPageFile size 31386M (AvailPageFile size 11M)
current process WorkingSet (physical memory assigned to process): 429M, peak: 435M
current process commit charge ("private bytes"): 493M, peak: 499M

vm_info: Java HotSpot(TM) 64-Bit Server VM (17.0.8+9-LTS-211) for windows-amd64 JRE (17.0.8+9-LTS-211), built on Jun 14 2023 10:34:31 by "mach5one" with MS VC++ 17.1 (VS2022)

END.
